

Microchip MPLAB XC8 Assembler V2.31 build 20201012212115 
                                                                                               Fri Dec 25 00:29:59 2020

Microchip MPLAB XC8 C Compiler v2.31 (Free license) build 20201012212115 Og1 
     1                           	processor	18F46K42
     2                           	fnconf	rparam,??,?,0
     3                           	pagewidth 120
     4                           	opt	flic
     5                           	psect	cinit,global,reloc=2,class=CODE,delta=1
     6                           	psect	cstackCOMRAM,global,class=COMRAM,space=1,delta=1,lowdata,noexec
     7                           	psect	text0,global,reloc=2,class=CODE,delta=1
     8                           	psect	text1,global,reloc=2,class=CODE,delta=1
     9                           	psect	text2,global,reloc=2,class=CODE,delta=1
    10                           	psect	text3,global,reloc=2,class=CODE,delta=1
    11                           	psect	text4,global,reloc=2,class=CODE,delta=1
    12                           	psect	text5,global,reloc=2,class=CODE,delta=1,group=1
    13                           	psect	text6,global,reloc=2,class=CODE,delta=1,group=1
    14                           	psect	text7,global,reloc=2,class=CODE,delta=1
    15                           	psect	ivt0x8,global,reloc=2,class=CODE,delta=1,noexec,keep,optim=
    16                           	psect	intsave_regs,global,class=BIGRAM,space=1,delta=1,noexec
    17                           	psect	rparam,global,class=COMRAM,space=1,delta=1,noexec
    18                           	psect	idloc,global,abs,ovrld,class=IDLOC,space=5,delta=1,noexec
    19                           	psect	config,global,abs,ovrld,class=CONFIG,space=4,delta=1,noexec
    20  0000                     
    21                           ; Version 2.20
    22                           ; Generated 05/05/2020 GMT
    23                           ; 
    24                           ; Copyright © 2020, Microchip Technology Inc. and its subsidiaries ("Microchip")
    25                           ; All rights reserved.
    26                           ; 
    27                           ; This software is developed by Microchip Technology Inc. and its subsidiaries ("Microch
      +                          ip").
    28                           ; 
    29                           ; Redistribution and use in source and binary forms, with or without modification, are
    30                           ; permitted provided that the following conditions are met:
    31                           ; 
    32                           ;     1. Redistributions of source code must retain the above copyright notice, this lis
      +                          t of
    33                           ;        conditions and the following disclaimer.
    34                           ; 
    35                           ;     2. Redistributions in binary form must reproduce the above copyright notice, this 
      +                          list
    36                           ;        of conditions and the following disclaimer in the documentation and/or other
    37                           ;        materials provided with the distribution.
    38                           ; 
    39                           ;     3. Microchip's name may not be used to endorse or promote products derived from th
      +                          is
    40                           ;        software without specific prior written permission.
    41                           ; 
    42                           ; THIS SOFTWARE IS PROVIDED BY MICROCHIP "AS IS" AND ANY EXPRESS OR IMPLIED WARRANTIES,
    43                           ; INCLUDING, BUT NOT LIMITED TO, THE IMPLIED WARRANTIES OF MERCHANTABILITY AND FITNESS F
      +                          OR
    44                           ; PURPOSE ARE DISCLAIMED.  IN NO EVENT SHALL MICROCHIP BE LIABLE FOR ANY DIRECT, INDIREC
      +                          T,
    45                           ; INCIDENTAL, SPECIAL, EXEMPLARY, OR CONSEQUENTIAL DAMAGES (INCLUDING BUT NOT LIMITED TO
    46                           ; PROCUREMENT OF SUBSTITUTE GOODS OR SERVICES; LOSS OF USE, DATA OR PROFITS; OR BUSINESS
    47                           ; INTERRUPTION) HOWSOEVER CAUSED AND ON ANY THEORY OF LIABILITY, WHETHER IN CONTRACT, ST
      +                          RICT
    48                           ; LIABILITY, OR TORT (INCLUDING NEGLIGENCE OR OTHERWISE) ARISING IN ANY WAY OUT OF THE U
      +                          SE OF
    49                           ; THIS SOFTWARE, EVEN IF ADVISED OF THE POSSIBILITY OF SUCH DAMAGE.
    50                           ; 
    51                           ; 
    52                           ; Code-generator required, PIC18F46K42 Definitions
    53                           ; 
    54                           ; SFR Addresses
    55  0000                     _PIR9bits	set	14761
    56  0000                     _PIR1bits	set	14753
    57  0000                     _PIE1bits	set	14737
    58  0000                     _ANSELAbits	set	14912
    59  0000                     _ANSELB	set	14928
    60  0000                     _ADCON0bits	set	16120
    61  0000                     _ADCON0	set	16120
    62  0000                     _ADCLK	set	16127
    63  0000                     _ADACT	set	16126
    64  0000                     _ADACQH	set	16116
    65  0000                     _ADACQL	set	16115
    66  0000                     _ADPREL	set	16118
    67  0000                     _ADPCH	set	16113
    68  0000                     _ADREF	set	16125
    69  0000                     _ADRESL	set	16111
    70  0000                     _ADRESH	set	16112
    71  0000                     _INTCON0bits	set	16338
    72  0000                     _TRISAbits	set	16322
    73  0000                     _TRISB	set	16323
    74  0000                     _T6CON	set	16276
    75  0000                     _T6TMR	set	16274
    76  0000                     _T6PR	set	16275
    77  0000                     _T6RST	set	16279
    78  0000                     _T6HLT	set	16277
    79  0000                     _T6CLKbits	set	16278
    80  0000                     _LATBbits	set	16315
    81                           
    82                           ; #config settings
    83                           
    84                           	psect	cinit
    85  0004DE                     __pcinit:
    86                           	callstack 0
    87  0004DE                     start_initialization:
    88                           	callstack 0
    89  0004DE                     __initialization:
    90                           	callstack 0
    91                           
    92                           ;
    93                           ; Setup IVTBASE
    94                           ;
    95  0004DE  0E08               	movlw	(ivt0x8_base shr 0)& (0+255)
    96  0004E0  6ED5               	movwf	213,c
    97  0004E2  0E00               	movlw	(ivt0x8_base shr (0+8))& (0+255)
    98  0004E4  6ED6               	movwf	214,c
    99  0004E6  0E00               	movlw	(ivt0x8_base shr (0+16))& (0+255)
   100  0004E8  6ED7               	movwf	215,c
   101  0004EA                     end_of_initialization:
   102                           	callstack 0
   103  0004EA                     __end_of__initialization:
   104                           	callstack 0
   105  0004EA  0100               	movlb	0
   106  0004EC  EF57  F002         	goto	_main	;jump to C main() function
   107                           
   108                           	psect	cstackCOMRAM
   109  000001                     __pcstackCOMRAM:
   110                           	callstack 0
   111  000001                     ?_ADCC_GetConversionResult:
   112                           	callstack 0
   113  000001                     ?___xxtofl:
   114                           	callstack 0
   115  000001                     ___xxtofl@val:
   116                           	callstack 0
   117                           
   118                           ; 4 bytes @ 0x0
   119  000001                     	ds	2
   120  000003                     ??_ADCC_GetConversionResult:
   121                           
   122                           ; 1 bytes @ 0x2
   123  000003                     	ds	2
   124  000005                     ??___xxtofl:
   125                           
   126                           ; 1 bytes @ 0x4
   127  000005                     	ds	4
   128  000009                     ___xxtofl@sign:
   129                           	callstack 0
   130                           
   131                           ; 1 bytes @ 0x8
   132  000009                     	ds	1
   133  00000A                     ___xxtofl@exp:
   134                           	callstack 0
   135                           
   136                           ; 1 bytes @ 0x9
   137  00000A                     	ds	1
   138  00000B                     ___xxtofl@arg:
   139                           	callstack 0
   140                           
   141                           ; 4 bytes @ 0xA
   142  00000B                     	ds	4
   143  00000F                     ___flge@ff1:
   144                           	callstack 0
   145                           
   146                           ; 4 bytes @ 0xE
   147  00000F                     	ds	4
   148  000013                     ___flge@ff2:
   149                           	callstack 0
   150                           
   151                           ; 4 bytes @ 0x12
   152  000013                     	ds	4
   153  000017                     ??___flge:
   154                           
   155                           ; 1 bytes @ 0x16
   156  000017                     	ds	4
   157  00001B                     ??_InterruptManager:
   158                           
   159                           ; 1 bytes @ 0x1A
   160  00001B                     	ds	1
   161  00001C                     InterruptManager@adval:
   162                           	callstack 0
   163                           
   164                           ; 2 bytes @ 0x1B
   165  00001C                     	ds	2
   166  00001E                     
   167                           ; 1 bytes @ 0x1D
   168 ;;
   169 ;;Main: autosize = 0, tempsize = 0, incstack = 0, save=0
   170 ;;
   171 ;; *************** function _main *****************
   172 ;; Defined at:
   173 ;;		line 101 in file "LED_Voltmeter.c"
   174 ;; Parameters:    Size  Location     Type
   175 ;;		None
   176 ;; Auto vars:     Size  Location     Type
   177 ;;		None
   178 ;; Return value:  Size  Location     Type
   179 ;;                  1    wreg      void 
   180 ;; Registers used:
   181 ;;		wreg, status,2, cstack
   182 ;; Tracked objects:
   183 ;;		On entry : 0/0
   184 ;;		On exit  : 0/0
   185 ;;		Unchanged: 0/0
   186 ;; Data sizes:     COMRAM   BANK0   BANK1   BANK2   BANK3   BANK4   BANK5   BANK6   BANK7   BANK8   BANK9  BANK10  BANK1
      +1  BANK12  BANK13  BANK14  BANK15
   187 ;;      Params:         0       0       0       0       0       0       0       0       0       0       0       0       
      +0       0       0       0       0
   188 ;;      Locals:         0       0       0       0       0       0       0       0       0       0       0       0       
      +0       0       0       0       0
   189 ;;      Temps:          0       0       0       0       0       0       0       0       0       0       0       0       
      +0       0       0       0       0
   190 ;;      Totals:         0       0       0       0       0       0       0       0       0       0       0       0       
      +0       0       0       0       0
   191 ;;Total ram usage:        0 bytes
   192 ;; Hardware stack levels required when called:    3
   193 ;; This function calls:
   194 ;;		_ADCC_Initialize
   195 ;;		_TMR6_Initialize
   196 ;;		_pin_manager
   197 ;; This function is called by:
   198 ;;		Startup code after reset
   199 ;; This function uses a non-reentrant model
   200 ;;
   201                           
   202                           	psect	text0
   203  0004AE                     __ptext0:
   204                           	callstack 0
   205  0004AE                     _main:
   206                           	callstack 28
   207  0004AE                     
   208                           ;LED_Voltmeter.c: 103:     INTCON0bits.GIE = 1;
   209  0004AE  8ED2               	bsf	210,7,c	;volatile
   210  0004B0                     
   211                           ;LED_Voltmeter.c: 105:     pin_manager();
   212  0004B0  EC78  F002         	call	_pin_manager	;wreg free
   213                           
   214                           ;LED_Voltmeter.c: 106:     TMR6_Initialize();
   215  0004B4  EC46  F002         	call	_TMR6_Initialize	;wreg free
   216                           
   217                           ;LED_Voltmeter.c: 107:     ADCC_Initialize();
   218  0004B8  EC31  F002         	call	_ADCC_Initialize	;wreg free
   219  0004BC                     
   220                           ;LED_Voltmeter.c: 109:     ADCON0bits.ADGO = 1;
   221  0004BC  013E               	movlb	62	; () banked
   222  0004BE  81F8               	bsf	248,0,b	;volatile
   223  0004C0                     l76:
   224  0004C0  EF60  F002         	goto	l76
   225  0004C4  EF0D  F000         	goto	start
   226  0004C8                     __end_of_main:
   227                           	callstack 0
   228                           
   229 ;; *************** function _pin_manager *****************
   230 ;; Defined at:
   231 ;;		line 91 in file "LED_Voltmeter.c"
   232 ;; Parameters:    Size  Location     Type
   233 ;;		None
   234 ;; Auto vars:     Size  Location     Type
   235 ;;		None
   236 ;; Return value:  Size  Location     Type
   237 ;;                  1    wreg      void 
   238 ;; Registers used:
   239 ;;		wreg, status,2
   240 ;; Tracked objects:
   241 ;;		On entry : 0/0
   242 ;;		On exit  : 0/0
   243 ;;		Unchanged: 0/0
   244 ;; Data sizes:     COMRAM   BANK0   BANK1   BANK2   BANK3   BANK4   BANK5   BANK6   BANK7   BANK8   BANK9  BANK10  BANK1
      +1  BANK12  BANK13  BANK14  BANK15
   245 ;;      Params:         0       0       0       0       0       0       0       0       0       0       0       0       
      +0       0       0       0       0
   246 ;;      Locals:         0       0       0       0       0       0       0       0       0       0       0       0       
      +0       0       0       0       0
   247 ;;      Temps:          0       0       0       0       0       0       0       0       0       0       0       0       
      +0       0       0       0       0
   248 ;;      Totals:         0       0       0       0       0       0       0       0       0       0       0       0       
      +0       0       0       0       0
   249 ;;Total ram usage:        0 bytes
   250 ;; Hardware stack levels used:    1
   251 ;; Hardware stack levels required when called:    2
   252 ;; This function calls:
   253 ;;		Nothing
   254 ;; This function is called by:
   255 ;;		_main
   256 ;; This function uses a non-reentrant model
   257 ;;
   258                           
   259                           	psect	text1
   260  0004F0                     __ptext1:
   261                           	callstack 0
   262  0004F0                     _pin_manager:
   263                           	callstack 28
   264  0004F0                     
   265                           ;LED_Voltmeter.c: 94:     ANSELB = 0xF0;
   266  0004F0  0EF0               	movlw	240
   267  0004F2  013A               	movlb	58	; () banked
   268  0004F4  6F50               	movwf	80,b	;volatile
   269                           
   270                           ;LED_Voltmeter.c: 95:     TRISB = 0xF0;
   271  0004F6  0EF0               	movlw	240
   272  0004F8  6EC3               	movwf	195,c	;volatile
   273  0004FA                     
   274                           ; BSR set to: 58
   275                           ;LED_Voltmeter.c: 97:     ANSELAbits.ANSELA0 = 1;
   276  0004FA  8140               	bsf	64,0,b	;volatile
   277  0004FC                     
   278                           ; BSR set to: 58
   279                           ;LED_Voltmeter.c: 98:     TRISAbits.TRISA0 = 1;
   280  0004FC  80C2               	bsf	194,0,c	;volatile
   281  0004FE                     
   282                           ; BSR set to: 58
   283  0004FE  0012               	return		;funcret
   284  000500                     __end_of_pin_manager:
   285                           	callstack 0
   286                           
   287 ;; *************** function _TMR6_Initialize *****************
   288 ;; Defined at:
   289 ;;		line 80 in file "LED_Voltmeter.c"
   290 ;; Parameters:    Size  Location     Type
   291 ;;		None
   292 ;; Auto vars:     Size  Location     Type
   293 ;;		None
   294 ;; Return value:  Size  Location     Type
   295 ;;                  1    wreg      void 
   296 ;; Registers used:
   297 ;;		wreg, status,2
   298 ;; Tracked objects:
   299 ;;		On entry : 0/0
   300 ;;		On exit  : 0/0
   301 ;;		Unchanged: 0/0
   302 ;; Data sizes:     COMRAM   BANK0   BANK1   BANK2   BANK3   BANK4   BANK5   BANK6   BANK7   BANK8   BANK9  BANK10  BANK1
      +1  BANK12  BANK13  BANK14  BANK15
   303 ;;      Params:         0       0       0       0       0       0       0       0       0       0       0       0       
      +0       0       0       0       0
   304 ;;      Locals:         0       0       0       0       0       0       0       0       0       0       0       0       
      +0       0       0       0       0
   305 ;;      Temps:          0       0       0       0       0       0       0       0       0       0       0       0       
      +0       0       0       0       0
   306 ;;      Totals:         0       0       0       0       0       0       0       0       0       0       0       0       
      +0       0       0       0       0
   307 ;;Total ram usage:        0 bytes
   308 ;; Hardware stack levels used:    1
   309 ;; Hardware stack levels required when called:    2
   310 ;; This function calls:
   311 ;;		Nothing
   312 ;; This function is called by:
   313 ;;		_main
   314 ;; This function uses a non-reentrant model
   315 ;;
   316                           
   317                           	psect	text2
   318  00048C                     __ptext2:
   319                           	callstack 0
   320  00048C                     _TMR6_Initialize:
   321                           	callstack 28
   322  00048C                     
   323                           ;LED_Voltmeter.c: 83:     T6CLKbits.CS = 0x04;
   324  00048C  5096               	movf	150,w,c	;volatile
   325  00048E  0BF0               	andlw	-16
   326  000490  0904               	iorlw	4
   327  000492  6E96               	movwf	150,c	;volatile
   328                           
   329                           ;LED_Voltmeter.c: 84:     T6HLT = 0x00;
   330  000494  0E00               	movlw	0
   331  000496  6E95               	movwf	149,c	;volatile
   332                           
   333                           ;LED_Voltmeter.c: 85:     T6RST = 0x00;
   334  000498  0E00               	movlw	0
   335  00049A  6E97               	movwf	151,c	;volatile
   336                           
   337                           ;LED_Voltmeter.c: 86:     T6PR = 0x60;
   338  00049C  0E60               	movlw	96
   339  00049E  6E93               	movwf	147,c	;volatile
   340                           
   341                           ;LED_Voltmeter.c: 87:     T6TMR = 0x00;
   342  0004A0  0E00               	movlw	0
   343  0004A2  6E92               	movwf	146,c	;volatile
   344  0004A4                     
   345                           ;LED_Voltmeter.c: 88:     PIR9bits.TMR6IF = 0;
   346  0004A4  0139               	movlb	57	; () banked
   347  0004A6  91A9               	bcf	169,0,b	;volatile
   348                           
   349                           ;LED_Voltmeter.c: 89:     T6CON = 0xD0;
   350  0004A8  0ED0               	movlw	208
   351  0004AA  6E94               	movwf	148,c	;volatile
   352  0004AC                     
   353                           ; BSR set to: 57
   354  0004AC  0012               	return		;funcret
   355  0004AE                     __end_of_TMR6_Initialize:
   356                           	callstack 0
   357                           
   358 ;; *************** function _ADCC_Initialize *****************
   359 ;; Defined at:
   360 ;;		line 58 in file "LED_Voltmeter.c"
   361 ;; Parameters:    Size  Location     Type
   362 ;;		None
   363 ;; Auto vars:     Size  Location     Type
   364 ;;		None
   365 ;; Return value:  Size  Location     Type
   366 ;;                  1    wreg      void 
   367 ;; Registers used:
   368 ;;		wreg, status,2
   369 ;; Tracked objects:
   370 ;;		On entry : 0/0
   371 ;;		On exit  : 0/0
   372 ;;		Unchanged: 0/0
   373 ;; Data sizes:     COMRAM   BANK0   BANK1   BANK2   BANK3   BANK4   BANK5   BANK6   BANK7   BANK8   BANK9  BANK10  BANK1
      +1  BANK12  BANK13  BANK14  BANK15
   374 ;;      Params:         0       0       0       0       0       0       0       0       0       0       0       0       
      +0       0       0       0       0
   375 ;;      Locals:         0       0       0       0       0       0       0       0       0       0       0       0       
      +0       0       0       0       0
   376 ;;      Temps:          0       0       0       0       0       0       0       0       0       0       0       0       
      +0       0       0       0       0
   377 ;;      Totals:         0       0       0       0       0       0       0       0       0       0       0       0       
      +0       0       0       0       0
   378 ;;Total ram usage:        0 bytes
   379 ;; Hardware stack levels used:    1
   380 ;; Hardware stack levels required when called:    2
   381 ;; This function calls:
   382 ;;		Nothing
   383 ;; This function is called by:
   384 ;;		_main
   385 ;; This function uses a non-reentrant model
   386 ;;
   387                           
   388                           	psect	text3
   389  000462                     __ptext3:
   390                           	callstack 0
   391  000462                     _ADCC_Initialize:
   392                           	callstack 28
   393  000462                     
   394                           ;LED_Voltmeter.c: 62:     ADREF = 0x00;
   395  000462  0E00               	movlw	0
   396  000464  013E               	movlb	62	; () banked
   397  000466  6FFD               	movwf	253,b	;volatile
   398                           
   399                           ;LED_Voltmeter.c: 63:     ADPCH = 0x00;
   400  000468  0E00               	movlw	0
   401  00046A  6FF1               	movwf	241,b	;volatile
   402                           
   403                           ;LED_Voltmeter.c: 65:     ADPREL = 0x00;
   404  00046C  0E00               	movlw	0
   405  00046E  6FF6               	movwf	246,b	;volatile
   406                           
   407                           ;LED_Voltmeter.c: 67:     ADACQL = 0x40;
   408  000470  0E40               	movlw	64
   409  000472  6FF3               	movwf	243,b	;volatile
   410                           
   411                           ;LED_Voltmeter.c: 68:     ADACQH = 0x1F;
   412  000474  0E1F               	movlw	31
   413  000476  6FF4               	movwf	244,b	;volatile
   414                           
   415                           ;LED_Voltmeter.c: 70:     ADACT = 0x08;
   416  000478  0E08               	movlw	8
   417  00047A  6FFE               	movwf	254,b	;volatile
   418                           
   419                           ;LED_Voltmeter.c: 71:     ADCLK = 0x07;
   420  00047C  0E07               	movlw	7
   421  00047E  6FFF               	movwf	255,b	;volatile
   422                           
   423                           ;LED_Voltmeter.c: 72:     ADCON0 = 0x94;
   424  000480  0E94               	movlw	148
   425  000482  6FF8               	movwf	248,b	;volatile
   426  000484                     
   427                           ; BSR set to: 62
   428                           ;LED_Voltmeter.c: 74:     PIE1bits.ADIE = 1;
   429  000484  0139               	movlb	57	; () banked
   430  000486  8591               	bsf	145,2,b	;volatile
   431  000488                     
   432                           ; BSR set to: 57
   433                           ;LED_Voltmeter.c: 75:     PIR1bits.ADIF = 0;
   434  000488  95A1               	bcf	161,2,b	;volatile
   435  00048A                     
   436                           ; BSR set to: 57
   437  00048A  0012               	return		;funcret
   438  00048C                     __end_of_ADCC_Initialize:
   439                           	callstack 0
   440                           
   441 ;; *************** function _InterruptManager *****************
   442 ;; Defined at:
   443 ;;		line 39 in file "LED_Voltmeter.c"
   444 ;; Parameters:    Size  Location     Type
   445 ;;		None
   446 ;; Auto vars:     Size  Location     Type
   447 ;;  adval           2   27[COMRAM] unsigned short 
   448 ;; Return value:  Size  Location     Type
   449 ;;                  1    wreg      void 
   450 ;; Registers used:
   451 ;;		wreg, status,2, status,0, cstack
   452 ;; Tracked objects:
   453 ;;		On entry : 0/0
   454 ;;		On exit  : 0/0
   455 ;;		Unchanged: 0/0
   456 ;; Data sizes:     COMRAM   BANK0   BANK1   BANK2   BANK3   BANK4   BANK5   BANK6   BANK7   BANK8   BANK9  BANK10  BANK1
      +1  BANK12  BANK13  BANK14  BANK15
   457 ;;      Params:         0       0       0       0       0       0       0       0       0       0       0       0       
      +0       0       0       0       0
   458 ;;      Locals:         2       0       0       0       0       0       0       0       0       0       0       0       
      +0       0       0       0       0
   459 ;;      Temps:          1       0       0       0       0       0       0       0       0       0       0       0       
      +0       0       0       0       0
   460 ;;      Totals:         3       0       0       0       0       0       0       0       0       0       0       0       
      +0       0       0       0       0
   461 ;;Total ram usage:        3 bytes
   462 ;; Hardware stack levels used:    1
   463 ;; Hardware stack levels required when called:    1
   464 ;; This function calls:
   465 ;;		_ADCC_GetConversionResult
   466 ;;		___flge
   467 ;;		___xxtofl
   468 ;; This function is called by:
   469 ;;		Interrupt level 2
   470 ;; This function uses a non-reentrant model
   471 ;;
   472                           
   473                           	psect	text4
   474  0001D2                     __ptext4:
   475                           	callstack 0
   476  0001D2                     _InterruptManager:
   477                           	callstack 28
   478  0001D2                     
   479                           ;LED_Voltmeter.c: 42:     if(PIE1bits.ADIE == 1 && PIR1bits.ADIF == 1)
   480  0001D2  0139               	movlb	57	; () banked
   481  0001D4  A591               	btfss	145,2,b	;volatile
   482  0001D6  EFEF  F000         	goto	i2u41_41
   483  0001DA  EFF1  F000         	goto	i2u41_40
   484  0001DE                     i2u41_41:
   485  0001DE  EFAE  F001         	goto	i2l62
   486  0001E2                     i2u41_40:
   487  0001E2                     
   488                           ; BSR set to: 57
   489  0001E2  A5A1               	btfss	161,2,b	;volatile
   490  0001E4  EFF6  F000         	goto	i2u42_41
   491  0001E8  EFF8  F000         	goto	i2u42_40
   492  0001EC                     i2u42_41:
   493  0001EC  EFAE  F001         	goto	i2l62
   494  0001F0                     i2u42_40:
   495  0001F0                     
   496                           ; BSR set to: 57
   497                           ;LED_Voltmeter.c: 43:     {;LED_Voltmeter.c: 44:         adc_result_t adval = ADCC_GetCo
      +                          nversionResult();
   498  0001F0  EC64  F002         	call	_ADCC_GetConversionResult	;wreg free
   499  0001F4  C001  F01C         	movff	?_ADCC_GetConversionResult,InterruptManager@adval
   500  0001F8  C002  F01D         	movff	?_ADCC_GetConversionResult+1,InterruptManager@adval+1
   501                           
   502                           ;LED_Voltmeter.c: 45:         LATBbits.LATB0 = (adval > (1024*4.882)/5);
   503  0001FC  0E5A               	movlw	90
   504  0001FE  6E0F               	movwf	___flge@ff1^0,c
   505  000200  0EF5               	movlw	245
   506  000202  6E10               	movwf	(___flge@ff1+1)^0,c
   507  000204  0E79               	movlw	121
   508  000206  6E11               	movwf	(___flge@ff1+2)^0,c
   509  000208  0E44               	movlw	68
   510  00020A  6E12               	movwf	(___flge@ff1+3)^0,c
   511  00020C  C01C  F001         	movff	InterruptManager@adval,___xxtofl@val
   512  000210  C01D  F002         	movff	InterruptManager@adval+1,___xxtofl@val+1
   513  000214  6A03               	clrf	(___xxtofl@val+2)^0,c
   514  000216  6A04               	clrf	(___xxtofl@val+3)^0,c
   515  000218  0E00               	movlw	0
   516  00021A  EC0F  F000         	call	___xxtofl
   517  00021E  C001  F013         	movff	?___xxtofl,___flge@ff2
   518  000222  C002  F014         	movff	?___xxtofl+1,___flge@ff2+1
   519  000226  C003  F015         	movff	?___xxtofl+2,___flge@ff2+2
   520  00022A  C004  F016         	movff	?___xxtofl+3,___flge@ff2+3
   521  00022E  ECAF  F001         	call	___flge	;wreg free
   522  000232  A0D8               	btfss	status,0,c
   523  000234  EF1E  F001         	goto	i2u43_41
   524  000238  EF22  F001         	goto	i2u43_40
   525  00023C                     i2u43_41:
   526  00023C  6A1B               	clrf	??_InterruptManager^0,c
   527  00023E  2A1B               	incf	??_InterruptManager^0,f,c
   528  000240  EF23  F001         	goto	i2u44_48
   529  000244                     i2u43_40:
   530  000244  6A1B               	clrf	??_InterruptManager^0,c
   531  000246                     i2u44_48:
   532  000246  50BB               	movf	187,w,c	;volatile
   533  000248  181B               	xorwf	??_InterruptManager^0,w,c
   534  00024A  0BFE               	andlw	-2
   535  00024C  181B               	xorwf	??_InterruptManager^0,w,c
   536  00024E  6EBB               	movwf	187,c	;volatile
   537                           
   538                           ;LED_Voltmeter.c: 46:         LATBbits.LATB1 = (adval > (1024*9.766)/5);
   539  000250  0E75               	movlw	117
   540  000252  6E0F               	movwf	___flge@ff1^0,c
   541  000254  0E02               	movlw	2
   542  000256  6E10               	movwf	(___flge@ff1+1)^0,c
   543  000258  0EFA               	movlw	250
   544  00025A  6E11               	movwf	(___flge@ff1+2)^0,c
   545  00025C  0E44               	movlw	68
   546  00025E  6E12               	movwf	(___flge@ff1+3)^0,c
   547  000260  C01C  F001         	movff	InterruptManager@adval,___xxtofl@val
   548  000264  C01D  F002         	movff	InterruptManager@adval+1,___xxtofl@val+1
   549  000268  6A03               	clrf	(___xxtofl@val+2)^0,c
   550  00026A  6A04               	clrf	(___xxtofl@val+3)^0,c
   551  00026C  0E00               	movlw	0
   552  00026E  EC0F  F000         	call	___xxtofl
   553  000272  C001  F013         	movff	?___xxtofl,___flge@ff2
   554  000276  C002  F014         	movff	?___xxtofl+1,___flge@ff2+1
   555  00027A  C003  F015         	movff	?___xxtofl+2,___flge@ff2+2
   556  00027E  C004  F016         	movff	?___xxtofl+3,___flge@ff2+3
   557  000282  ECAF  F001         	call	___flge	;wreg free
   558  000286  A0D8               	btfss	status,0,c
   559  000288  EF48  F001         	goto	i2u45_41
   560  00028C  EF4C  F001         	goto	i2u45_40
   561  000290                     i2u45_41:
   562  000290  6A1B               	clrf	??_InterruptManager^0,c
   563  000292  2A1B               	incf	??_InterruptManager^0,f,c
   564  000294  EF4D  F001         	goto	i2u46_48
   565  000298                     i2u45_40:
   566  000298  6A1B               	clrf	??_InterruptManager^0,c
   567  00029A                     i2u46_48:
   568  00029A  461B               	rlncf	??_InterruptManager^0,f,c
   569  00029C  50BB               	movf	187,w,c	;volatile
   570  00029E  181B               	xorwf	??_InterruptManager^0,w,c
   571  0002A0  0BFD               	andlw	-3
   572  0002A2  181B               	xorwf	??_InterruptManager^0,w,c
   573  0002A4  6EBB               	movwf	187,c	;volatile
   574                           
   575                           ;LED_Voltmeter.c: 47:         LATBbits.LATB2 = (adval > (1024*14.648)/5);
   576  0002A6  0E91               	movlw	145
   577  0002A8  6E0F               	movwf	___flge@ff1^0,c
   578  0002AA  0E7E               	movlw	126
   579  0002AC  6E10               	movwf	(___flge@ff1+1)^0,c
   580  0002AE  0E3B               	movlw	59
   581  0002B0  6E11               	movwf	(___flge@ff1+2)^0,c
   582  0002B2  0E45               	movlw	69
   583  0002B4  6E12               	movwf	(___flge@ff1+3)^0,c
   584  0002B6  C01C  F001         	movff	InterruptManager@adval,___xxtofl@val
   585  0002BA  C01D  F002         	movff	InterruptManager@adval+1,___xxtofl@val+1
   586  0002BE  6A03               	clrf	(___xxtofl@val+2)^0,c
   587  0002C0  6A04               	clrf	(___xxtofl@val+3)^0,c
   588  0002C2  0E00               	movlw	0
   589  0002C4  EC0F  F000         	call	___xxtofl
   590  0002C8  C001  F013         	movff	?___xxtofl,___flge@ff2
   591  0002CC  C002  F014         	movff	?___xxtofl+1,___flge@ff2+1
   592  0002D0  C003  F015         	movff	?___xxtofl+2,___flge@ff2+2
   593  0002D4  C004  F016         	movff	?___xxtofl+3,___flge@ff2+3
   594  0002D8  ECAF  F001         	call	___flge	;wreg free
   595  0002DC  A0D8               	btfss	status,0,c
   596  0002DE  EF73  F001         	goto	i2u47_41
   597  0002E2  EF77  F001         	goto	i2u47_40
   598  0002E6                     i2u47_41:
   599  0002E6  6A1B               	clrf	??_InterruptManager^0,c
   600  0002E8  2A1B               	incf	??_InterruptManager^0,f,c
   601  0002EA  EF78  F001         	goto	i2u48_48
   602  0002EE                     i2u47_40:
   603  0002EE  6A1B               	clrf	??_InterruptManager^0,c
   604  0002F0                     i2u48_48:
   605  0002F0  461B               	rlncf	??_InterruptManager^0,f,c
   606  0002F2  461B               	rlncf	??_InterruptManager^0,f,c
   607  0002F4  50BB               	movf	187,w,c	;volatile
   608  0002F6  181B               	xorwf	??_InterruptManager^0,w,c
   609  0002F8  0BFB               	andlw	-5
   610  0002FA  181B               	xorwf	??_InterruptManager^0,w,c
   611  0002FC  6EBB               	movwf	187,c	;volatile
   612                           
   613                           ;LED_Voltmeter.c: 48:         LATBbits.LATB3 = (adval > (1024*19.5312)/5);
   614  0002FE  0ED6               	movlw	214
   615  000300  6E0F               	movwf	___flge@ff1^0,c
   616  000302  0EFF               	movlw	255
   617  000304  6E10               	movwf	(___flge@ff1+1)^0,c
   618  000306  0E79               	movlw	121
   619  000308  6E11               	movwf	(___flge@ff1+2)^0,c
   620  00030A  0E45               	movlw	69
   621  00030C  6E12               	movwf	(___flge@ff1+3)^0,c
   622  00030E  C01C  F001         	movff	InterruptManager@adval,___xxtofl@val
   623  000312  C01D  F002         	movff	InterruptManager@adval+1,___xxtofl@val+1
   624  000316  6A03               	clrf	(___xxtofl@val+2)^0,c
   625  000318  6A04               	clrf	(___xxtofl@val+3)^0,c
   626  00031A  0E00               	movlw	0
   627  00031C  EC0F  F000         	call	___xxtofl
   628  000320  C001  F013         	movff	?___xxtofl,___flge@ff2
   629  000324  C002  F014         	movff	?___xxtofl+1,___flge@ff2+1
   630  000328  C003  F015         	movff	?___xxtofl+2,___flge@ff2+2
   631  00032C  C004  F016         	movff	?___xxtofl+3,___flge@ff2+3
   632  000330  ECAF  F001         	call	___flge	;wreg free
   633  000334  A0D8               	btfss	status,0,c
   634  000336  EF9F  F001         	goto	i2u49_41
   635  00033A  EFA3  F001         	goto	i2u49_40
   636  00033E                     i2u49_41:
   637  00033E  6A1B               	clrf	??_InterruptManager^0,c
   638  000340  2A1B               	incf	??_InterruptManager^0,f,c
   639  000342  EFA4  F001         	goto	i2u50_48
   640  000346                     i2u49_40:
   641  000346  6A1B               	clrf	??_InterruptManager^0,c
   642  000348                     i2u50_48:
   643  000348  461B               	rlncf	??_InterruptManager^0,f,c
   644  00034A  461B               	rlncf	??_InterruptManager^0,f,c
   645  00034C  461B               	rlncf	??_InterruptManager^0,f,c
   646  00034E  50BB               	movf	187,w,c	;volatile
   647  000350  181B               	xorwf	??_InterruptManager^0,w,c
   648  000352  0BF7               	andlw	-9
   649  000354  181B               	xorwf	??_InterruptManager^0,w,c
   650  000356  6EBB               	movwf	187,c	;volatile
   651  000358                     
   652                           ;LED_Voltmeter.c: 51:         PIR1bits.ADIF = 0;
   653  000358  0139               	movlb	57	; () banked
   654  00035A  95A1               	bcf	161,2,b	;volatile
   655  00035C                     i2l62:
   656                           
   657                           ; BSR set to: 57
   658  00035C  0011               	retfie		f
   659  00035E                     __end_of_InterruptManager:
   660                           	callstack 0
   661                           
   662 ;; *************** function ___xxtofl *****************
   663 ;; Defined at:
   664 ;;		line 10 in file "C:\Program Files\Microchip\xc8\v2.31\pic\sources\c99\common\xxtofl.c"
   665 ;; Parameters:    Size  Location     Type
   666 ;;  sign            1    wreg     unsigned char 
   667 ;;  val             4    0[COMRAM] long 
   668 ;; Auto vars:     Size  Location     Type
   669 ;;  sign            1    8[COMRAM] unsigned char 
   670 ;;  arg             4   10[COMRAM] unsigned long 
   671 ;;  exp             1    9[COMRAM] unsigned char 
   672 ;; Return value:  Size  Location     Type
   673 ;;                  4    0[COMRAM] unsigned char 
   674 ;; Registers used:
   675 ;;		wreg, status,2, status,0
   676 ;; Tracked objects:
   677 ;;		On entry : 0/0
   678 ;;		On exit  : 0/0
   679 ;;		Unchanged: 0/0
   680 ;; Data sizes:     COMRAM   BANK0   BANK1   BANK2   BANK3   BANK4   BANK5   BANK6   BANK7   BANK8   BANK9  BANK10  BANK1
      +1  BANK12  BANK13  BANK14  BANK15
   681 ;;      Params:         4       0       0       0       0       0       0       0       0       0       0       0       
      +0       0       0       0       0
   682 ;;      Locals:         6       0       0       0       0       0       0       0       0       0       0       0       
      +0       0       0       0       0
   683 ;;      Temps:          4       0       0       0       0       0       0       0       0       0       0       0       
      +0       0       0       0       0
   684 ;;      Totals:        14       0       0       0       0       0       0       0       0       0       0       0       
      +0       0       0       0       0
   685 ;;Total ram usage:       14 bytes
   686 ;; Hardware stack levels used:    1
   687 ;; This function calls:
   688 ;;		Nothing
   689 ;; This function is called by:
   690 ;;		_InterruptManager
   691 ;; This function uses a non-reentrant model
   692 ;;
   693                           
   694                           	psect	text5
   695  00001E                     __ptext5:
   696                           	callstack 0
   697  00001E                     ___xxtofl:
   698                           	callstack 28
   699                           
   700                           ; BSR set to: 57
   701                           ;incstack = 0
   702                           ;___xxtofl@sign stored from wreg
   703  00001E  6E09               	movwf	___xxtofl@sign^0,c
   704  000020  5009               	movf	___xxtofl@sign^0,w,c
   705  000022  B4D8               	btfsc	status,2,c
   706  000024  EF16  F000         	goto	i2u31_41
   707  000028  EF18  F000         	goto	i2u31_40
   708  00002C                     i2u31_41:
   709  00002C  EF3A  F000         	goto	i2l737
   710  000030                     i2u31_40:
   711  000030  BE04               	btfsc	(___xxtofl@val+3)^0,7,c
   712  000032  EF1F  F000         	goto	i2u32_40
   713  000036  EF1D  F000         	goto	i2u32_41
   714  00003A                     i2u32_41:
   715  00003A  EF3A  F000         	goto	i2l737
   716  00003E                     i2u32_40:
   717  00003E  C001  F005         	movff	___xxtofl@val,??___xxtofl
   718  000042  C002  F006         	movff	___xxtofl@val+1,??___xxtofl+1
   719  000046  C003  F007         	movff	___xxtofl@val+2,??___xxtofl+2
   720  00004A  C004  F008         	movff	___xxtofl@val+3,??___xxtofl+3
   721  00004E  1E05               	comf	??___xxtofl^0,f,c
   722  000050  1E06               	comf	(??___xxtofl+1)^0,f,c
   723  000052  1E07               	comf	(??___xxtofl+2)^0,f,c
   724  000054  1E08               	comf	(??___xxtofl+3)^0,f,c
   725  000056  2A05               	incf	??___xxtofl^0,f,c
   726  000058  0E00               	movlw	0
   727  00005A  2206               	addwfc	(??___xxtofl+1)^0,f,c
   728  00005C  2207               	addwfc	(??___xxtofl+2)^0,f,c
   729  00005E  2208               	addwfc	(??___xxtofl+3)^0,f,c
   730  000060  C005  F00B         	movff	??___xxtofl,___xxtofl@arg
   731  000064  C006  F00C         	movff	??___xxtofl+1,___xxtofl@arg+1
   732  000068  C007  F00D         	movff	??___xxtofl+2,___xxtofl@arg+2
   733  00006C  C008  F00E         	movff	??___xxtofl+3,___xxtofl@arg+3
   734  000070  EF42  F000         	goto	i2l889
   735  000074                     i2l737:
   736  000074  C001  F00B         	movff	___xxtofl@val,___xxtofl@arg
   737  000078  C002  F00C         	movff	___xxtofl@val+1,___xxtofl@arg+1
   738  00007C  C003  F00D         	movff	___xxtofl@val+2,___xxtofl@arg+2
   739  000080  C004  F00E         	movff	___xxtofl@val+3,___xxtofl@arg+3
   740  000084                     i2l889:
   741  000084  5001               	movf	___xxtofl@val^0,w,c
   742  000086  1002               	iorwf	(___xxtofl@val+1)^0,w,c
   743  000088  1003               	iorwf	(___xxtofl@val+2)^0,w,c
   744  00008A  1004               	iorwf	(___xxtofl@val+3)^0,w,c
   745  00008C  A4D8               	btfss	status,2,c
   746  00008E  EF4B  F000         	goto	i2u33_41
   747  000092  EF4D  F000         	goto	i2u33_40
   748  000096                     i2u33_41:
   749  000096  EF57  F000         	goto	i2l895
   750  00009A                     i2u33_40:
   751  00009A  0E00               	movlw	0
   752  00009C  6E01               	movwf	?___xxtofl^0,c
   753  00009E  0E00               	movlw	0
   754  0000A0  6E02               	movwf	(?___xxtofl+1)^0,c
   755  0000A2  0E00               	movlw	0
   756  0000A4  6E03               	movwf	(?___xxtofl+2)^0,c
   757  0000A6  0E00               	movlw	0
   758  0000A8  6E04               	movwf	(?___xxtofl+3)^0,c
   759  0000AA  EFE8  F000         	goto	i2l740
   760  0000AE                     i2l895:
   761  0000AE  0E96               	movlw	150
   762  0000B0  6E0A               	movwf	___xxtofl@exp^0,c
   763  0000B2  EF61  F000         	goto	i2l899
   764  0000B6                     i2l897:
   765  0000B6  2A0A               	incf	___xxtofl@exp^0,f,c
   766  0000B8  90D8               	bcf	status,0,c
   767  0000BA  320E               	rrcf	(___xxtofl@arg+3)^0,f,c
   768  0000BC  320D               	rrcf	(___xxtofl@arg+2)^0,f,c
   769  0000BE  320C               	rrcf	(___xxtofl@arg+1)^0,f,c
   770  0000C0  320B               	rrcf	___xxtofl@arg^0,f,c
   771  0000C2                     i2l899:
   772  0000C2  0E00               	movlw	0
   773  0000C4  140B               	andwf	___xxtofl@arg^0,w,c
   774  0000C6  6E05               	movwf	??___xxtofl^0,c
   775  0000C8  0E00               	movlw	0
   776  0000CA  140C               	andwf	(___xxtofl@arg+1)^0,w,c
   777  0000CC  6E06               	movwf	(??___xxtofl+1)^0,c
   778  0000CE  0E00               	movlw	0
   779  0000D0  140D               	andwf	(___xxtofl@arg+2)^0,w,c
   780  0000D2  6E07               	movwf	(??___xxtofl+2)^0,c
   781  0000D4  0EFE               	movlw	254
   782  0000D6  140E               	andwf	(___xxtofl@arg+3)^0,w,c
   783  0000D8  6E08               	movwf	(??___xxtofl+3)^0,c
   784  0000DA  5005               	movf	??___xxtofl^0,w,c
   785  0000DC  1006               	iorwf	(??___xxtofl+1)^0,w,c
   786  0000DE  1007               	iorwf	(??___xxtofl+2)^0,w,c
   787  0000E0  1008               	iorwf	(??___xxtofl+3)^0,w,c
   788  0000E2  A4D8               	btfss	status,2,c
   789  0000E4  EF76  F000         	goto	i2u34_41
   790  0000E8  EF78  F000         	goto	i2u34_40
   791  0000EC                     i2u34_41:
   792  0000EC  EF5B  F000         	goto	i2l897
   793  0000F0                     i2u34_40:
   794  0000F0  EF86  F000         	goto	i2l744
   795  0000F4                     i2l901:
   796  0000F4  2A0A               	incf	___xxtofl@exp^0,f,c
   797  0000F6  0E01               	movlw	1
   798  0000F8  260B               	addwf	___xxtofl@arg^0,f,c
   799  0000FA  0E00               	movlw	0
   800  0000FC  220C               	addwfc	(___xxtofl@arg+1)^0,f,c
   801  0000FE  220D               	addwfc	(___xxtofl@arg+2)^0,f,c
   802  000100  220E               	addwfc	(___xxtofl@arg+3)^0,f,c
   803  000102  90D8               	bcf	status,0,c
   804  000104  320E               	rrcf	(___xxtofl@arg+3)^0,f,c
   805  000106  320D               	rrcf	(___xxtofl@arg+2)^0,f,c
   806  000108  320C               	rrcf	(___xxtofl@arg+1)^0,f,c
   807  00010A  320B               	rrcf	___xxtofl@arg^0,f,c
   808  00010C                     i2l744:
   809  00010C  0E00               	movlw	0
   810  00010E  140B               	andwf	___xxtofl@arg^0,w,c
   811  000110  6E05               	movwf	??___xxtofl^0,c
   812  000112  0E00               	movlw	0
   813  000114  140C               	andwf	(___xxtofl@arg+1)^0,w,c
   814  000116  6E06               	movwf	(??___xxtofl+1)^0,c
   815  000118  0E00               	movlw	0
   816  00011A  140D               	andwf	(___xxtofl@arg+2)^0,w,c
   817  00011C  6E07               	movwf	(??___xxtofl+2)^0,c
   818  00011E  0EFF               	movlw	255
   819  000120  140E               	andwf	(___xxtofl@arg+3)^0,w,c
   820  000122  6E08               	movwf	(??___xxtofl+3)^0,c
   821  000124  5005               	movf	??___xxtofl^0,w,c
   822  000126  1006               	iorwf	(??___xxtofl+1)^0,w,c
   823  000128  1007               	iorwf	(??___xxtofl+2)^0,w,c
   824  00012A  1008               	iorwf	(??___xxtofl+3)^0,w,c
   825  00012C  A4D8               	btfss	status,2,c
   826  00012E  EF9B  F000         	goto	i2u35_41
   827  000132  EF9D  F000         	goto	i2u35_40
   828  000136                     i2u35_41:
   829  000136  EF7A  F000         	goto	i2l901
   830  00013A                     i2u35_40:
   831  00013A  EFA5  F000         	goto	i2l909
   832  00013E                     i2l907:
   833  00013E  060A               	decf	___xxtofl@exp^0,f,c
   834  000140  90D8               	bcf	status,0,c
   835  000142  360B               	rlcf	___xxtofl@arg^0,f,c
   836  000144  360C               	rlcf	(___xxtofl@arg+1)^0,f,c
   837  000146  360D               	rlcf	(___xxtofl@arg+2)^0,f,c
   838  000148  360E               	rlcf	(___xxtofl@arg+3)^0,f,c
   839  00014A                     i2l909:
   840  00014A  BE0D               	btfsc	(___xxtofl@arg+2)^0,7,c
   841  00014C  EFAA  F000         	goto	i2u36_41
   842  000150  EFAC  F000         	goto	i2u36_40
   843  000154                     i2u36_41:
   844  000154  EFB4  F000         	goto	i2l751
   845  000158                     i2u36_40:
   846  000158  0E02               	movlw	2
   847  00015A  600A               	cpfslt	___xxtofl@exp^0,c
   848  00015C  EFB2  F000         	goto	i2u37_41
   849  000160  EFB4  F000         	goto	i2u37_40
   850  000164                     i2u37_41:
   851  000164  EF9F  F000         	goto	i2l907
   852  000168                     i2u37_40:
   853  000168                     i2l751:
   854  000168  B00A               	btfsc	___xxtofl@exp^0,0,c
   855  00016A  EFB9  F000         	goto	i2u38_41
   856  00016E  EFBB  F000         	goto	i2u38_40
   857  000172                     i2u38_41:
   858  000172  EFBC  F000         	goto	i2l915
   859  000176                     i2u38_40:
   860  000176  9E0D               	bcf	(___xxtofl@arg+2)^0,7,c
   861  000178                     i2l915:
   862  000178  90D8               	bcf	status,0,c
   863  00017A  320A               	rrcf	___xxtofl@exp^0,f,c
   864  00017C  C00A  F005         	movff	___xxtofl@exp,??___xxtofl
   865  000180  6A06               	clrf	(??___xxtofl+1)^0,c
   866  000182  6A07               	clrf	(??___xxtofl+2)^0,c
   867  000184  6A08               	clrf	(??___xxtofl+3)^0,c
   868  000186  C005  F008         	movff	??___xxtofl,??___xxtofl+3
   869  00018A  6A07               	clrf	(??___xxtofl+2)^0,c
   870  00018C  6A06               	clrf	(??___xxtofl+1)^0,c
   871  00018E  6A05               	clrf	??___xxtofl^0,c
   872  000190  5005               	movf	??___xxtofl^0,w,c
   873  000192  120B               	iorwf	___xxtofl@arg^0,f,c
   874  000194  5006               	movf	(??___xxtofl+1)^0,w,c
   875  000196  120C               	iorwf	(___xxtofl@arg+1)^0,f,c
   876  000198  5007               	movf	(??___xxtofl+2)^0,w,c
   877  00019A  120D               	iorwf	(___xxtofl@arg+2)^0,f,c
   878  00019C  5008               	movf	(??___xxtofl+3)^0,w,c
   879  00019E  120E               	iorwf	(___xxtofl@arg+3)^0,f,c
   880  0001A0  5009               	movf	___xxtofl@sign^0,w,c
   881  0001A2  B4D8               	btfsc	status,2,c
   882  0001A4  EFD6  F000         	goto	i2u39_41
   883  0001A8  EFD8  F000         	goto	i2u39_40
   884  0001AC                     i2u39_41:
   885  0001AC  EFE0  F000         	goto	i2l925
   886  0001B0                     i2u39_40:
   887  0001B0  BE04               	btfsc	(___xxtofl@val+3)^0,7,c
   888  0001B2  EFDF  F000         	goto	i2u40_40
   889  0001B6  EFDD  F000         	goto	i2u40_41
   890  0001BA                     i2u40_41:
   891  0001BA  EFE0  F000         	goto	i2l925
   892  0001BE                     i2u40_40:
   893  0001BE  8E0E               	bsf	(___xxtofl@arg+3)^0,7,c
   894  0001C0                     i2l925:
   895  0001C0  C00B  F001         	movff	___xxtofl@arg,?___xxtofl
   896  0001C4  C00C  F002         	movff	___xxtofl@arg+1,?___xxtofl+1
   897  0001C8  C00D  F003         	movff	___xxtofl@arg+2,?___xxtofl+2
   898  0001CC  C00E  F004         	movff	___xxtofl@arg+3,?___xxtofl+3
   899  0001D0                     i2l740:
   900  0001D0  0012               	return		;funcret
   901  0001D2                     __end_of___xxtofl:
   902                           	callstack 0
   903                           
   904 ;; *************** function ___flge *****************
   905 ;; Defined at:
   906 ;;		line 4 in file "C:\Program Files\Microchip\xc8\v2.31\pic\sources\c99\common\flge.c"
   907 ;; Parameters:    Size  Location     Type
   908 ;;  ff1             4   14[COMRAM] unsigned char 
   909 ;;  ff2             4   18[COMRAM] unsigned char 
   910 ;; Auto vars:     Size  Location     Type
   911 ;;		None
   912 ;; Return value:  Size  Location     Type
   913 ;;		None               void
   914 ;; Registers used:
   915 ;;		wreg, status,2, status,0
   916 ;; Tracked objects:
   917 ;;		On entry : 0/0
   918 ;;		On exit  : 0/0
   919 ;;		Unchanged: 0/0
   920 ;; Data sizes:     COMRAM   BANK0   BANK1   BANK2   BANK3   BANK4   BANK5   BANK6   BANK7   BANK8   BANK9  BANK10  BANK1
      +1  BANK12  BANK13  BANK14  BANK15
   921 ;;      Params:         8       0       0       0       0       0       0       0       0       0       0       0       
      +0       0       0       0       0
   922 ;;      Locals:         0       0       0       0       0       0       0       0       0       0       0       0       
      +0       0       0       0       0
   923 ;;      Temps:          4       0       0       0       0       0       0       0       0       0       0       0       
      +0       0       0       0       0
   924 ;;      Totals:        12       0       0       0       0       0       0       0       0       0       0       0       
      +0       0       0       0       0
   925 ;;Total ram usage:       12 bytes
   926 ;; Hardware stack levels used:    1
   927 ;; This function calls:
   928 ;;		Nothing
   929 ;; This function is called by:
   930 ;;		_InterruptManager
   931 ;; This function uses a non-reentrant model
   932 ;;
   933                           
   934                           	psect	text6
   935  00035E                     __ptext6:
   936                           	callstack 0
   937  00035E                     ___flge:
   938                           	callstack 28
   939  00035E  0E00               	movlw	0
   940  000360  140F               	andwf	___flge@ff1^0,w,c
   941  000362  6E17               	movwf	??___flge^0,c
   942  000364  0E00               	movlw	0
   943  000366  1410               	andwf	(___flge@ff1+1)^0,w,c
   944  000368  6E18               	movwf	(??___flge+1)^0,c
   945  00036A  0E80               	movlw	128
   946  00036C  1411               	andwf	(___flge@ff1+2)^0,w,c
   947  00036E  6E19               	movwf	(??___flge+2)^0,c
   948  000370  0E7F               	movlw	127
   949  000372  1412               	andwf	(___flge@ff1+3)^0,w,c
   950  000374  6E1A               	movwf	(??___flge+3)^0,c
   951  000376  5017               	movf	??___flge^0,w,c
   952  000378  1018               	iorwf	(??___flge+1)^0,w,c
   953  00037A  1019               	iorwf	(??___flge+2)^0,w,c
   954  00037C  101A               	iorwf	(??___flge+3)^0,w,c
   955  00037E  A4D8               	btfss	status,2,c
   956  000380  EFC4  F001         	goto	i2u26_41
   957  000384  EFC6  F001         	goto	i2u26_40
   958  000388                     i2u26_41:
   959  000388  EFCE  F001         	goto	i2l865
   960  00038C                     i2u26_40:
   961  00038C  0E00               	movlw	0
   962  00038E  6E0F               	movwf	___flge@ff1^0,c
   963  000390  0E00               	movlw	0
   964  000392  6E10               	movwf	(___flge@ff1+1)^0,c
   965  000394  0E00               	movlw	0
   966  000396  6E11               	movwf	(___flge@ff1+2)^0,c
   967  000398  0E00               	movlw	0
   968  00039A  6E12               	movwf	(___flge@ff1+3)^0,c
   969  00039C                     i2l865:
   970  00039C  0E00               	movlw	0
   971  00039E  1413               	andwf	___flge@ff2^0,w,c
   972  0003A0  6E17               	movwf	??___flge^0,c
   973  0003A2  0E00               	movlw	0
   974  0003A4  1414               	andwf	(___flge@ff2+1)^0,w,c
   975  0003A6  6E18               	movwf	(??___flge+1)^0,c
   976  0003A8  0E80               	movlw	128
   977  0003AA  1415               	andwf	(___flge@ff2+2)^0,w,c
   978  0003AC  6E19               	movwf	(??___flge+2)^0,c
   979  0003AE  0E7F               	movlw	127
   980  0003B0  1416               	andwf	(___flge@ff2+3)^0,w,c
   981  0003B2  6E1A               	movwf	(??___flge+3)^0,c
   982  0003B4  5017               	movf	??___flge^0,w,c
   983  0003B6  1018               	iorwf	(??___flge+1)^0,w,c
   984  0003B8  1019               	iorwf	(??___flge+2)^0,w,c
   985  0003BA  101A               	iorwf	(??___flge+3)^0,w,c
   986  0003BC  A4D8               	btfss	status,2,c
   987  0003BE  EFE3  F001         	goto	i2u27_41
   988  0003C2  EFE5  F001         	goto	i2u27_40
   989  0003C6                     i2u27_41:
   990  0003C6  EFED  F001         	goto	i2l869
   991  0003CA                     i2u27_40:
   992  0003CA  0E00               	movlw	0
   993  0003CC  6E13               	movwf	___flge@ff2^0,c
   994  0003CE  0E00               	movlw	0
   995  0003D0  6E14               	movwf	(___flge@ff2+1)^0,c
   996  0003D2  0E00               	movlw	0
   997  0003D4  6E15               	movwf	(___flge@ff2+2)^0,c
   998  0003D6  0E00               	movlw	0
   999  0003D8  6E16               	movwf	(___flge@ff2+3)^0,c
  1000  0003DA                     i2l869:
  1001  0003DA  AE12               	btfss	(___flge@ff1+3)^0,7,c
  1002  0003DC  EFF2  F001         	goto	i2u28_41
  1003  0003E0  EFF4  F001         	goto	i2u28_40
  1004  0003E4                     i2u28_41:
  1005  0003E4  EFFD  F001         	goto	i2l873
  1006  0003E8                     i2u28_40:
  1007  0003E8  6C0F               	negf	___flge@ff1^0,c
  1008  0003EA  1E10               	comf	(___flge@ff1+1)^0,f,c
  1009  0003EC  B0D8               	btfsc	status,0,c
  1010  0003EE  2A10               	incf	(___flge@ff1+1)^0,f,c
  1011  0003F0  1E11               	comf	(___flge@ff1+2)^0,f,c
  1012  0003F2  B0D8               	btfsc	status,0,c
  1013  0003F4  2A11               	incf	(___flge@ff1+2)^0,f,c
  1014  0003F6  0E80               	movlw	128
  1015  0003F8  5612               	subfwb	(___flge@ff1+3)^0,f,c
  1016  0003FA                     i2l873:
  1017  0003FA  AE16               	btfss	(___flge@ff2+3)^0,7,c
  1018  0003FC  EF02  F002         	goto	i2u29_41
  1019  000400  EF04  F002         	goto	i2u29_40
  1020  000404                     i2u29_41:
  1021  000404  EF0D  F002         	goto	i2l347
  1022  000408                     i2u29_40:
  1023  000408  6C13               	negf	___flge@ff2^0,c
  1024  00040A  1E14               	comf	(___flge@ff2+1)^0,f,c
  1025  00040C  B0D8               	btfsc	status,0,c
  1026  00040E  2A14               	incf	(___flge@ff2+1)^0,f,c
  1027  000410  1E15               	comf	(___flge@ff2+2)^0,f,c
  1028  000412  B0D8               	btfsc	status,0,c
  1029  000414  2A15               	incf	(___flge@ff2+2)^0,f,c
  1030  000416  0E80               	movlw	128
  1031  000418  5616               	subfwb	(___flge@ff2+3)^0,f,c
  1032  00041A                     i2l347:
  1033  00041A  0E00               	movlw	0
  1034  00041C  1A0F               	xorwf	___flge@ff1^0,f,c
  1035  00041E  0E00               	movlw	0
  1036  000420  1A10               	xorwf	(___flge@ff1+1)^0,f,c
  1037  000422  0E00               	movlw	0
  1038  000424  1A11               	xorwf	(___flge@ff1+2)^0,f,c
  1039  000426  0E80               	movlw	128
  1040  000428  1A12               	xorwf	(___flge@ff1+3)^0,f,c
  1041  00042A  0E00               	movlw	0
  1042  00042C  1A13               	xorwf	___flge@ff2^0,f,c
  1043  00042E  0E00               	movlw	0
  1044  000430  1A14               	xorwf	(___flge@ff2+1)^0,f,c
  1045  000432  0E00               	movlw	0
  1046  000434  1A15               	xorwf	(___flge@ff2+2)^0,f,c
  1047  000436  0E80               	movlw	128
  1048  000438  1A16               	xorwf	(___flge@ff2+3)^0,f,c
  1049  00043A  5013               	movf	___flge@ff2^0,w,c
  1050  00043C  5C0F               	subwf	___flge@ff1^0,w,c
  1051  00043E  5014               	movf	(___flge@ff2+1)^0,w,c
  1052  000440  5810               	subwfb	(___flge@ff1+1)^0,w,c
  1053  000442  5015               	movf	(___flge@ff2+2)^0,w,c
  1054  000444  5811               	subwfb	(___flge@ff1+2)^0,w,c
  1055  000446  5016               	movf	(___flge@ff2+3)^0,w,c
  1056  000448  5812               	subwfb	(___flge@ff1+3)^0,w,c
  1057  00044A  B0D8               	btfsc	status,0,c
  1058  00044C  EF2A  F002         	goto	i2u30_41
  1059  000450  EF2C  F002         	goto	i2u30_40
  1060  000454                     i2u30_41:
  1061  000454  EF2F  F002         	goto	i2l879
  1062  000458                     i2u30_40:
  1063  000458  90D8               	bcf	status,0,c
  1064  00045A  EF30  F002         	goto	i2l352
  1065  00045E                     i2l879:
  1066  00045E  80D8               	bsf	status,0,c
  1067  000460                     i2l352:
  1068  000460  0012               	return		;funcret
  1069  000462                     __end_of___flge:
  1070                           	callstack 0
  1071                           
  1072 ;; *************** function _ADCC_GetConversionResult *****************
  1073 ;; Defined at:
  1074 ;;		line 33 in file "LED_Voltmeter.c"
  1075 ;; Parameters:    Size  Location     Type
  1076 ;;		None
  1077 ;; Auto vars:     Size  Location     Type
  1078 ;;		None
  1079 ;; Return value:  Size  Location     Type
  1080 ;;                  2    0[COMRAM] unsigned short 
  1081 ;; Registers used:
  1082 ;;		wreg, status,2, status,0
  1083 ;; Tracked objects:
  1084 ;;		On entry : 0/0
  1085 ;;		On exit  : 0/0
  1086 ;;		Unchanged: 0/0
  1087 ;; Data sizes:     COMRAM   BANK0   BANK1   BANK2   BANK3   BANK4   BANK5   BANK6   BANK7   BANK8   BANK9  BANK10  BANK1
      +1  BANK12  BANK13  BANK14  BANK15
  1088 ;;      Params:         2       0       0       0       0       0       0       0       0       0       0       0       
      +0       0       0       0       0
  1089 ;;      Locals:         0       0       0       0       0       0       0       0       0       0       0       0       
      +0       0       0       0       0
  1090 ;;      Temps:          2       0       0       0       0       0       0       0       0       0       0       0       
      +0       0       0       0       0
  1091 ;;      Totals:         4       0       0       0       0       0       0       0       0       0       0       0       
      +0       0       0       0       0
  1092 ;;Total ram usage:        4 bytes
  1093 ;; Hardware stack levels used:    1
  1094 ;; This function calls:
  1095 ;;		Nothing
  1096 ;; This function is called by:
  1097 ;;		_InterruptManager
  1098 ;; This function uses a non-reentrant model
  1099 ;;
  1100                           
  1101                           	psect	text7
  1102  0004C8                     __ptext7:
  1103                           	callstack 0
  1104  0004C8                     _ADCC_GetConversionResult:
  1105                           	callstack 28
  1106  0004C8                     
  1107                           ;LED_Voltmeter.c: 36:     return ((adc_result_t)((ADRESH << 8) + ADRESL));
  1108  0004C8  013E               	movlb	62	; () banked
  1109  0004CA  51F0               	movf	240,w,b	;volatile
  1110  0004CC  6E04               	movwf	(??_ADCC_GetConversionResult+1)^0,c
  1111  0004CE  6A03               	clrf	??_ADCC_GetConversionResult^0,c
  1112  0004D0  51EF               	movf	239,w,b	;volatile
  1113  0004D2  2403               	addwf	??_ADCC_GetConversionResult^0,w,c
  1114  0004D4  6E01               	movwf	?_ADCC_GetConversionResult^0,c
  1115  0004D6  0E00               	movlw	0
  1116  0004D8  2004               	addwfc	(??_ADCC_GetConversionResult+1)^0,w,c
  1117  0004DA  6E02               	movwf	(?_ADCC_GetConversionResult+1)^0,c
  1118  0004DC                     
  1119                           ; BSR set to: 62
  1120  0004DC  0012               	return		;funcret
  1121  0004DE                     __end_of_ADCC_GetConversionResult:
  1122                           	callstack 0
  1123                           
  1124                           ;
  1125                           ; Interrupt Vector Table @ 0x8
  1126                           ;
  1127                           
  1128                           	psect	ivt0x8
  1129  000008                     __pivt0x8:
  1130                           	callstack 0
  1131  000008                     ivt0x8_base:
  1132                           	callstack 0
  1133                           
  1134                           ; high-priority vector
  1135  000008  EFE9  F000         	goto	_InterruptManager
  1136  000018                     	org	16
  1137                           
  1138                           ; low-priority vector
  1139  000018  00FF               	reset	
  1140  0000                     
  1141                           	psect	rparam
  1142  0000                     
  1143                           	psect	idloc
  1144                           
  1145                           ;Config register IDLOC0 @ 0x200000
  1146                           ;	unspecified, using default values
  1147  200000                     	org	2097152
  1148  200000  0FFF               	dw	4095
  1149                           
  1150                           ;Config register IDLOC1 @ 0x200002
  1151                           ;	unspecified, using default values
  1152  200002                     	org	2097154
  1153  200002  0FFF               	dw	4095
  1154                           
  1155                           ;Config register IDLOC2 @ 0x200004
  1156                           ;	unspecified, using default values
  1157  200004                     	org	2097156
  1158  200004  0FFF               	dw	4095
  1159                           
  1160                           ;Config register IDLOC3 @ 0x200006
  1161                           ;	unspecified, using default values
  1162  200006                     	org	2097158
  1163  200006  0FFF               	dw	4095
  1164                           
  1165                           ;Config register IDLOC4 @ 0x200008
  1166                           ;	unspecified, using default values
  1167  200008                     	org	2097160
  1168  200008  0FFF               	dw	4095
  1169                           
  1170                           ;Config register IDLOC5 @ 0x20000A
  1171                           ;	unspecified, using default values
  1172  20000A                     	org	2097162
  1173  20000A  0FFF               	dw	4095
  1174                           
  1175                           ;Config register IDLOC6 @ 0x20000C
  1176                           ;	unspecified, using default values
  1177  20000C                     	org	2097164
  1178  20000C  0FFF               	dw	4095
  1179                           
  1180                           ;Config register IDLOC7 @ 0x20000E
  1181                           ;	unspecified, using default values
  1182  20000E                     	org	2097166
  1183  20000E  0FFF               	dw	4095
  1184                           
  1185                           	psect	config
  1186                           
  1187                           ;Config register CONFIG1L @ 0x300000
  1188                           ;	External Oscillator Selection
  1189                           ;	FEXTOSC = HS, HS (crystal oscillator) above 8 MHz; PFM set to high power
  1190                           ;	Reset Oscillator Selection
  1191                           ;	RSTOSC = EXTOSC, EXTOSC operating per FEXTOSC bits (device manufacturing default)
  1192  300000                     	org	3145728
  1193  300000  FA                 	db	250
  1194                           
  1195                           ;Config register CONFIG1H @ 0x300001
  1196                           ;	Clock out Enable bit
  1197                           ;	CLKOUTEN = OFF, CLKOUT function is disabled
  1198                           ;	PRLOCKED One-Way Set Enable bit
  1199                           ;	PR1WAY = ON, PRLOCK bit can be cleared and set only once
  1200                           ;	Clock Switch Enable bit
  1201                           ;	CSWEN = ON, Writing to NOSC and NDIV is allowed
  1202                           ;	Fail-Safe Clock Monitor Enable bit
  1203                           ;	FCMEN = OFF, Fail-Safe Clock Monitor disabled
  1204  300001                     	org	3145729
  1205  300001  DF                 	db	223
  1206                           
  1207                           ;Config register CONFIG2L @ 0x300002
  1208                           ;	MCLR Enable bit
  1209                           ;	MCLRE = EXTMCLR, If LVP = 0, MCLR pin is MCLR; If LVP = 1, RE3 pin function is MCLR
  1210                           ;	Power-up timer selection bits
  1211                           ;	PWRTS = PWRT_OFF, PWRT is disabled
  1212                           ;	Multi-vector enable bit
  1213                           ;	MVECEN = OFF, Interrupt contoller does not use vector table to prioritze interrupts
  1214                           ;	IVTLOCK bit One-way set enable bit
  1215                           ;	IVT1WAY = ON, IVTLOCK bit can be cleared and set only once
  1216                           ;	Low Power BOR Enable bit
  1217                           ;	LPBOREN = OFF, ULPBOR disabled
  1218                           ;	Brown-out Reset Enable bits
  1219                           ;	BOREN = SBORDIS, Brown-out Reset enabled , SBOREN bit is ignored
  1220  300002                     	org	3145730
  1221  300002  F7                 	db	247
  1222                           
  1223                           ;Config register CONFIG2H @ 0x300003
  1224                           ;	Brown-out Reset Voltage Selection bits
  1225                           ;	BORV = VBOR_2P45, Brown-out Reset Voltage (VBOR) set to 2.45V
  1226                           ;	ZCD Disable bit
  1227                           ;	ZCD = OFF, ZCD disabled. ZCD can be enabled by setting the ZCDSEN bit of ZCDCON
  1228                           ;	PPSLOCK bit One-Way Set Enable bit
  1229                           ;	PPS1WAY = ON, PPSLOCK bit can be cleared and set only once; PPS registers remain locke
      +                          d after one clear/set cycle
  1230                           ;	Stack Full/Underflow Reset Enable bit
  1231                           ;	STVREN = ON, Stack full/underflow will cause Reset
  1232                           ;	Debugger Enable bit
  1233                           ;	DEBUG = OFF, Background debugger disabled
  1234                           ;	Extended Instruction Set Enable bit
  1235                           ;	XINST = OFF, Extended Instruction Set and Indexed Addressing Mode disabled
  1236  300003                     	org	3145731
  1237  300003  FF                 	db	255
  1238                           
  1239                           ;Config register CONFIG3L @ 0x300004
  1240                           ;	WDT Period selection bits
  1241                           ;	WDTCPS = WDTCPS_31, Divider ratio 1:65536; software control of WDTPS
  1242                           ;	WDT operating mode
  1243                           ;	WDTE = OFF, WDT Disabled; SWDTEN is ignored
  1244  300004                     	org	3145732
  1245  300004  9F                 	db	159
  1246                           
  1247                           ;Config register CONFIG3H @ 0x300005
  1248                           ;	WDT Window Select bits
  1249                           ;	WDTCWS = WDTCWS_7, window always open (100%); software control; keyed access not requi
      +                          red
  1250                           ;	WDT input clock selector
  1251                           ;	WDTCCS = SC, Software Control
  1252  300005                     	org	3145733
  1253  300005  FF                 	db	255
  1254                           
  1255                           ;Config register CONFIG4L @ 0x300006
  1256                           ;	Boot Block Size selection bits
  1257                           ;	BBSIZE = BBSIZE_512, Boot Block size is 512 words
  1258                           ;	Boot Block enable bit
  1259                           ;	BBEN = OFF, Boot block disabled
  1260                           ;	Storage Area Flash enable bit
  1261                           ;	SAFEN = OFF, SAF disabled
  1262                           ;	Application Block write protection bit
  1263                           ;	WRTAPP = OFF, Application Block not write protected
  1264  300006                     	org	3145734
  1265  300006  FF                 	db	255
  1266                           
  1267                           ;Config register CONFIG4H @ 0x300007
  1268                           ;	Configuration Register Write Protection bit
  1269                           ;	WRTB = OFF, Configuration registers (300000-30000Bh) not write-protected
  1270                           ;	Boot Block Write Protection bit
  1271                           ;	WRTC = OFF, Boot Block (000000-0007FFh) not write-protected
  1272                           ;	Data EEPROM Write Protection bit
  1273                           ;	WRTD = OFF, Data EEPROM not write-protected
  1274                           ;	SAF Write protection bit
  1275                           ;	WRTSAF = OFF, SAF not Write Protected
  1276                           ;	Low Voltage Programming Enable bit
  1277                           ;	LVP = ON, Low voltage programming enabled. MCLR/VPP pin function is MCLR. MCLRE config
      +                          uration bit is ignored
  1278  300007                     	org	3145735
  1279  300007  FF                 	db	255
  1280                           
  1281                           ;Config register CONFIG5L @ 0x300008
  1282                           ;	PFM and Data EEPROM Code Protection bit
  1283                           ;	CP = OFF, PFM and Data EEPROM code protection disabled
  1284  300008                     	org	3145736
  1285  300008  FF                 	db	255
  1286                           
  1287                           ;Config register CONFIG5H @ 0x300009
  1288                           ;	unspecified, using default values
  1289  300009                     	org	3145737
  1290  300009  FF                 	db	255
  1291                           tosu	equ	0x3FFF
  1292                           tosh	equ	0x3FFE
  1293                           tosl	equ	0x3FFD
  1294                           stkptr	equ	0x3FFC
  1295                           pclatu	equ	0x3FFB
  1296                           pclath	equ	0x3FFA
  1297                           pcl	equ	0x3FF9
  1298                           tblptru	equ	0x3FF8
  1299                           tblptrh	equ	0x3FF7
  1300                           tblptrl	equ	0x3FF6
  1301                           tablat	equ	0x3FF5
  1302                           prodh	equ	0x3FF4
  1303                           prodl	equ	0x3FF3
  1304                           indf0	equ	0x3FEF
  1305                           postinc0	equ	0x3FEE
  1306                           postdec0	equ	0x3FED
  1307                           preinc0	equ	0x3FEC
  1308                           plusw0	equ	0x3FEB
  1309                           fsr0h	equ	0x3FEA
  1310                           fsr0l	equ	0x3FE9
  1311                           wreg	equ	0x3FE8
  1312                           indf1	equ	0x3FE7
  1313                           postinc1	equ	0x3FE6
  1314                           postdec1	equ	0x3FE5
  1315                           preinc1	equ	0x3FE4
  1316                           plusw1	equ	0x3FE3
  1317                           fsr1h	equ	0x3FE2
  1318                           fsr1l	equ	0x3FE1
  1319                           bsr	equ	0x3FE0
  1320                           indf2	equ	0x3FDF
  1321                           postinc2	equ	0x3FDE
  1322                           postdec2	equ	0x3FDD
  1323                           preinc2	equ	0x3FDC
  1324                           plusw2	equ	0x3FDB
  1325                           fsr2h	equ	0x3FDA
  1326                           fsr2l	equ	0x3FD9
  1327                           status	equ	0x3FD8

Data Sizes:
    Strings     0
    Constant    0
    Data        0
    BSS         0
    Persistent  0
    Stack       0

Auto Spaces:
    Space          Size  Autos    Used
    COMRAM           95     29      29
    BANK0           160      0       0
    BANK1           256      0       0
    BANK2           256      0       0
    BANK3           256      0       0
    BANK4           256      0       0
    BANK5           256      0       0
    BANK6           256      0       0
    BANK7           256      0       0
    BANK8           256      0       0
    BANK9           256      0       0
    BANK10          256      0       0
    BANK11          256      0       0
    BANK12          256      0       0
    BANK13          256      0       0
    BANK14          256      0       0
    BANK15          256      0       0

Pointer List with Targets:

    None.

Critical Paths under _main in COMRAM

    None.

Critical Paths under _InterruptManager in COMRAM

    _InterruptManager->___flge
    ___flge->___xxtofl

Critical Paths under _main in BANK0

    None.

Critical Paths under _InterruptManager in BANK0

    None.

Critical Paths under _main in BANK1

    None.

Critical Paths under _InterruptManager in BANK1

    None.

Critical Paths under _main in BANK2

    None.

Critical Paths under _InterruptManager in BANK2

    None.

Critical Paths under _main in BANK3

    None.

Critical Paths under _InterruptManager in BANK3

    None.

Critical Paths under _main in BANK4

    None.

Critical Paths under _InterruptManager in BANK4

    None.

Critical Paths under _main in BANK5

    None.

Critical Paths under _InterruptManager in BANK5

    None.

Critical Paths under _main in BANK6

    None.

Critical Paths under _InterruptManager in BANK6

    None.

Critical Paths under _main in BANK7

    None.

Critical Paths under _InterruptManager in BANK7

    None.

Critical Paths under _main in BANK8

    None.

Critical Paths under _InterruptManager in BANK8

    None.

Critical Paths under _main in BANK9

    None.

Critical Paths under _InterruptManager in BANK9

    None.

Critical Paths under _main in BANK10

    None.

Critical Paths under _InterruptManager in BANK10

    None.

Critical Paths under _main in BANK11

    None.

Critical Paths under _InterruptManager in BANK11

    None.

Critical Paths under _main in BANK12

    None.

Critical Paths under _InterruptManager in BANK12

    None.

Critical Paths under _main in BANK13

    None.

Critical Paths under _InterruptManager in BANK13

    None.

Critical Paths under _main in BANK14

    None.

Critical Paths under _InterruptManager in BANK14

    None.

Critical Paths under _main in BANK15

    None.

Critical Paths under _InterruptManager in BANK15

    None.

Call Graph Tables:

 ---------------------------------------------------------------------------------
 (Depth) Function   	        Calls       Base Space   Used Autos Params    Refs
 ---------------------------------------------------------------------------------
 (0) _main                                                 0     0      0       0
                    _ADCC_Initialize
                    _TMR6_Initialize
                        _pin_manager
 ---------------------------------------------------------------------------------
 (1) _pin_manager                                          0     0      0       0
 ---------------------------------------------------------------------------------
 (1) _TMR6_Initialize                                      0     0      0       0
 ---------------------------------------------------------------------------------
 (1) _ADCC_Initialize                                      0     0      0       0
 ---------------------------------------------------------------------------------
 Estimated maximum stack depth 1
 ---------------------------------------------------------------------------------
 (Depth) Function   	        Calls       Base Space   Used Autos Params    Refs
 ---------------------------------------------------------------------------------
 (2) _InterruptManager                                     3     3      0    1505
                                             26 COMRAM     3     3      0
           _ADCC_GetConversionResult
                             ___flge
                           ___xxtofl
 ---------------------------------------------------------------------------------
 (3) ___xxtofl                                            14    10      4     626
                                              0 COMRAM    14    10      4
 ---------------------------------------------------------------------------------
 (3) ___flge                                              12     4      8     790
                                             14 COMRAM    12     4      8
                           ___xxtofl (ARG)
 ---------------------------------------------------------------------------------
 (3) _ADCC_GetConversionResult                             4     2      2       0
                                              0 COMRAM     4     2      2
 ---------------------------------------------------------------------------------
 Estimated maximum stack depth 3
 ---------------------------------------------------------------------------------

 Call Graph Graphs:

 _main (ROOT)
   _ADCC_Initialize
   _TMR6_Initialize
   _pin_manager

 _InterruptManager (ROOT)
   _ADCC_GetConversionResult
   ___flge
     ___xxtofl (ARG)
   ___xxtofl

 Address spaces:
Name               Size   Autos  Total    Cost      Usage
BITCOMRAM           5F      0       0       0        0.0%
EEDATA             400      0       0       0        0.0%
NULL                 0      0       0       0        0.0%
CODE                 0      0       0       0        0.0%
COMRAM              5F     1D      1D       1       30.5%
STACK                0      0       0       2        0.0%
DATA                 0      0       0       3        0.0%
BITBANK0            A0      0       0       4        0.0%
BANK0               A0      0       0       5        0.0%
BITBANK1           100      0       0       6        0.0%
BANK1              100      0       0       7        0.0%
BITBANK2           100      0       0       8        0.0%
BANK2              100      0       0       9        0.0%
BITBANK3           100      0       0      10        0.0%
BANK3              100      0       0      11        0.0%
BITBANK4           100      0       0      12        0.0%
BANK4              100      0       0      13        0.0%
BITBANK5           100      0       0      14        0.0%
BANK5              100      0       0      15        0.0%
BITBANK6           100      0       0      16        0.0%
BANK6              100      0       0      17        0.0%
BITBANK7           100      0       0      18        0.0%
BANK7              100      0       0      19        0.0%
BITBANK8           100      0       0      20        0.0%
BANK8              100      0       0      21        0.0%
BITBANK9           100      0       0      22        0.0%
BANK9              100      0       0      23        0.0%
BANK10             100      0       0      24        0.0%
BANK11             100      0       0      25        0.0%
BANK12             100      0       0      26        0.0%
BANK13             100      0       0      27        0.0%
BITBANK14          100      0       0      28        0.0%
BANK14             100      0       0      29        0.0%
BITBANK15          100      0       0      30        0.0%
BANK15             100      0       0      31        0.0%
ABS                  0      0       0      32        0.0%
BITBANK10          100      0       0      33        0.0%
BITBANK11          100      0       0      34        0.0%
BITBANK12          100      0       0      35        0.0%
BITBANK13          100      0       0      36        0.0%
BIGRAM             FFF      0       0      37        0.0%
BITSFR_8             0      0       0     200        0.0%
SFR_8                0      0       0     200        0.0%
BITSFR_7             0      0       0     200        0.0%
SFR_7                0      0       0     200        0.0%
BITSFR_6             0      0       0     200        0.0%
SFR_6                0      0       0     200        0.0%
BITSFR_5             0      0       0     200        0.0%
SFR_5                0      0       0     200        0.0%
BITSFR_4             0      0       0     200        0.0%
SFR_4                0      0       0     200        0.0%
BITSFR_3             0      0       0     200        0.0%
SFR_3                0      0       0     200        0.0%
BITSFR_2             0      0       0     200        0.0%
SFR_2                0      0       0     200        0.0%
BITSFR_1             0      0       0     200        0.0%
SFR_1                0      0       0     200        0.0%
BITSFR               0      0       0     200        0.0%
SFR                  0      0       0     200        0.0%


Microchip Technology PIC18 Macro Assembler V2.31 build 20201012212115 
Symbol Table                                                                                   Fri Dec 25 00:29:59 2020

               ??_InterruptManager 001B                                 l71 04FE  
                               l65 048A                                 l68 04AC  
                               l76 04C0                                 l77 04C0  
                              l761 0484                                l763 0488  
                              l771 04FA                                l851 04AE  
                              l765 048C                                l773 04FC  
                              l853 04B0                                l759 0462  
                              l767 04A4                                l855 04BC  
                              l769 04F0                               _T6PR 003F93  
                             i2l62 035C                               i2l55 04DC  
                             _main 04AE                               start 001A  
                     ___param_bank 000000                              _ADACT 003EFE  
                            ?_main 0001                              _ADCLK 003EFF  
                            _ADPCH 003EF1                              _ADREF 003EFD  
                            _T6CON 003F94                              _T6HLT 003F95  
                            i2l352 0460                              i2l347 041A  
                            _T6TMR 003F92                              _T6RST 003F97  
                            i2l740 01D0                              i2l901 00F4  
                            i2l911 0158                              i2l751 0168  
                            i2l903 00F6                              i2l744 010C  
                            i2l921 01B0                              i2l913 0176  
                            i2l905 0102                              i2l737 0074  
                            i2l923 01BE                              i2l915 0178  
                            i2l907 013E                              i2l931 01E2  
                            i2l861 035E                              i2l925 01C0  
                            i2l917 017C                              i2l909 014A  
                            i2l933 01F0                              i2l871 03E8  
                            i2l863 038C                              i2l919 01A0  
                            i2l935 0358                              i2l857 04C8  
                            i2l873 03FA                              i2l865 039C  
                            i2l929 01D2                              i2l875 0408  
                            i2l867 03CA                              i2l891 009A  
                            i2l883 0020                              i2l877 0458  
                            i2l869 03DA                              i2l885 0030  
                            i2l879 045E                              i2l895 00AE  
                            i2l887 003E                              i2l897 00B6  
                            i2l889 0084                              i2l899 00C2  
                            _TRISB 003FC3                              status 003FD8  
                  __initialization 04DE                       __end_of_main 04C8  
                           ??_main 001E                       ?_pin_manager 0001  
                    __activetblptr 000000                    _TMR6_Initialize 048C  
                           _ADACQH 003EF4                             _ADACQL 003EF3  
                           _ADCON0 003EF8                             _ADRESH 003EF0  
                           _ADRESL 003EEF                             _ADPREL 003EF6  
                           _ANSELB 003A50                   __end_of___xxtofl 01D2  
       ??_ADCC_GetConversionResult 0003                             ___flge 035E  
                  _ADCC_Initialize 0462                         ___flge@ff1 000F  
                       ___flge@ff2 0013                       ___xxtofl@arg 000B  
                     ___xxtofl@exp 000A                       ___xxtofl@val 0001  
                       __accesstop 0060            __end_of__initialization 04EA  
                    ___rparam_used 000001                     __pcstackCOMRAM 0001  
          __end_of_TMR6_Initialize 04AE          __size_of_InterruptManager 018C  
                          IVTBASEH 003FD6                            IVTBASEL 003FD5  
                          IVTBASEU 003FD7                            ?___flge 000F  
          __end_of_ADCC_Initialize 048C                          ?___xxtofl 0001  
             __size_of_pin_manager 0010                            i2u30_40 0458  
                          i2u30_41 0454                            i2u31_40 0030  
                          i2u31_41 002C                            i2u40_40 01BE  
                          i2u32_40 003E                            i2u40_41 01BA  
                          i2u32_41 003A                            i2u33_40 009A  
                          i2u41_40 01E2                            i2u33_41 0096  
                          i2u41_41 01DE                            i2u26_40 038C  
                          i2u34_40 00F0                            i2u42_40 01F0  
                          i2u26_41 0388                            i2u34_41 00EC  
                          i2u42_41 01EC                            i2u27_40 03CA  
                          i2u35_40 013A                            i2u50_48 0348  
                          i2u43_40 0244                            i2u27_41 03C6  
                          i2u35_41 0136                            i2u43_41 023C  
                          i2u28_40 03E8                            i2u36_40 0158  
                          i2u28_41 03E4                            i2u36_41 0154  
                          i2u29_40 0408                            i2u37_40 0168  
                          i2u45_40 0298                            i2u44_48 0246  
                          i2u29_41 0404                            i2u37_41 0164  
                          i2u45_41 0290                            i2u38_40 0176  
                          i2u38_41 0172                            i2u39_40 01B0  
                          i2u47_40 02EE                            i2u46_48 029A  
                          i2u39_41 01AC                            i2u47_41 02E6  
                          i2u49_40 0346                            i2u48_48 02F0  
                          i2u49_41 033E                            __Hparam 0000  
                          __Lparam 0000                    __size_of___flge 0104  
                          __pcinit 04DE                   ?_TMR6_Initialize 0001  
                          __ramtop 1000                            __ptext0 04AE  
                          __ptext1 04F0                            __ptext2 048C  
                          __ptext3 0462                            __ptext4 01D2  
                          __ptext5 001E                            __ptext6 035E  
                          __ptext7 04C8                         ??___xxtofl 0005  
                        _T6CLKbits 003F96               end_of_initialization 04EA  
            InterruptManager@adval 001C                   ?_ADCC_Initialize 0001  
                 _InterruptManager 01D2                      ___xxtofl@sign 0009  
                        _TRISAbits 003FC2                     __end_of___flge 0462  
__size_of_ADCC_GetConversionResult 0016          ?_ADCC_GetConversionResult 0001  
              start_initialization 04DE                         ivt0x8_base 0008  
                         ??___flge 0017                  __size_of___xxtofl 01B4  
                    ??_pin_manager 001E                           _LATBbits 003FBB  
         __end_of_InterruptManager 035E                           _PIE1bits 003991  
                         _PIR1bits 0039A1                           _PIR9bits 0039A9  
                       _ADCON0bits 003EF8           __size_of_TMR6_Initialize 0022  
              __end_of_pin_manager 0500                        _INTCON0bits 003FD2  
                         __Hrparam 0000   __end_of_ADCC_GetConversionResult 04DE  
                         __Lrparam 0000                         _ANSELAbits 003A40  
                         ___xxtofl 001E           __size_of_ADCC_Initialize 002A  
                         __pivt0x8 0008                      __size_of_main 001A  
                      _pin_manager 04F0                           intlevel2 0000  
                ??_TMR6_Initialize 001E           _ADCC_GetConversionResult 04C8  
                ??_ADCC_Initialize 001E                  ?_InterruptManager 0001  
