

Microchip MPLAB XC8 Assembler V2.05 build -831301201 
                                                                                               Mon Jul 22 07:50:54 2019

Microchip MPLAB XC8 C Compiler v2.05 (Free license) build 20181220022703 Og1 
     1                           	processor	18F46K42
     2                           	fnconf	rparam,??,?,0
     3                           	opt	pw 120
     4                           	opt	flic
     5                           	psect	cinit,global,reloc=2,class=CODE,delta=1
     6                           	psect	cstackCOMRAM,global,class=COMRAM,space=1,delta=1,noexec
     7                           	psect	text0,global,reloc=2,class=CODE,delta=1
     8                           	psect	text1,global,reloc=2,class=CODE,delta=1
     9                           	psect	text2,global,reloc=2,class=CODE,delta=1
    10                           	psect	text3,global,reloc=2,class=CODE,delta=1
    11                           	psect	text4,global,reloc=2,class=CODE,delta=1
    12                           	psect	text5,global,reloc=2,class=CODE,delta=1,group=1
    13                           	psect	text6,global,reloc=2,class=CODE,delta=1,group=1
    14                           	psect	text7,global,reloc=2,class=CODE,delta=1
    15                           	psect	ivt0x8,global,reloc=2,class=CODE,delta=1,noexec,keep,optim=
    16                           	psect	intsave_regs,global,class=BIGRAM,space=1,delta=1,noexec
    17                           	psect	rparam,global,class=COMRAM,space=1,delta=1,noexec
    18  0000                     
    19                           ; Version 2.05
    20                           ; Generated 20/12/2018 GMT
    21                           ; 
    22                           ; Copyright © 2018, Microchip Technology Inc. and its subsidiaries ("Microchip")
    23                           ; All rights reserved.
    24                           ; 
    25                           ; This software is developed by Microchip Technology Inc. and its subsidiaries ("Microch
      +                          ip").
    26                           ; 
    27                           ; Redistribution and use in source and binary forms, with or without modification, are
    28                           ; permitted provided that the following conditions are met:
    29                           ; 
    30                           ;     1. Redistributions of source code must retain the above copyright notice, this lis
      +                          t of
    31                           ;        conditions and the following disclaimer.
    32                           ; 
    33                           ;     2. Redistributions in binary form must reproduce the above copyright notice, this 
      +                          list
    34                           ;        of conditions and the following disclaimer in the documentation and/or other
    35                           ;        materials provided with the distribution.
    36                           ; 
    37                           ;     3. Microchip's name may not be used to endorse or promote products derived from th
      +                          is
    38                           ;        software without specific prior written permission.
    39                           ; 
    40                           ; THIS SOFTWARE IS PROVIDED BY MICROCHIP "AS IS" AND ANY EXPRESS OR IMPLIED WARRANTIES,
    41                           ; INCLUDING, BUT NOT LIMITED TO, THE IMPLIED WARRANTIES OF MERCHANTABILITY AND FITNESS F
      +                          OR
    42                           ; PURPOSE ARE DISCLAIMED.  IN NO EVENT SHALL MICROCHIP BE LIABLE FOR ANY DIRECT, INDIREC
      +                          T,
    43                           ; INCIDENTAL, SPECIAL, EXEMPLARY, OR CONSEQUENTIAL DAMAGES (INCLUDING BUT NOT LIMITED TO
    44                           ; PROCUREMENT OF SUBSTITUTE GOODS OR SERVICES; LOSS OF USE, DATA OR PROFITS; OR BUSINESS
    45                           ; INTERRUPTION) HOWSOEVER CAUSED AND ON ANY THEORY OF LIABILITY, WHETHER IN CONTRACT, ST
      +                          RICT
    46                           ; LIABILITY, OR TORT (INCLUDING NEGLIGENCE OR OTHERWISE) ARISING IN ANY WAY OUT OF THE U
      +                          SE OF
    47                           ; THIS SOFTWARE, EVEN IF ADVISED OF THE POSSIBILITY OF SUCH DAMAGE.
    48                           ; 
    49                           ; 
    50                           ; Code-generator required, PIC18F46K42 Definitions
    51                           ; 
    52                           ; SFR Addresses
    53  0000                     _PIR9bits	set	14761
    54  0000                     _PIR1bits	set	14753
    55  0000                     _PIE1bits	set	14737
    56  0000                     _ANSELAbits	set	14912
    57  0000                     _ANSELB	set	14928
    58  0000                     _ADCON0bits	set	16120
    59  0000                     _ADCON0	set	16120
    60  0000                     _ADCLK	set	16127
    61  0000                     _ADACT	set	16126
    62  0000                     _ADACQH	set	16116
    63  0000                     _ADACQL	set	16115
    64  0000                     _ADPREL	set	16118
    65  0000                     _ADPCH	set	16113
    66  0000                     _ADREF	set	16125
    67  0000                     _ADRESL	set	16111
    68  0000                     _ADRESH	set	16112
    69  0000                     _INTCON0bits	set	16338
    70  0000                     _TRISAbits	set	16322
    71  0000                     _TRISB	set	16323
    72  0000                     _T6CON	set	16276
    73  0000                     _T6TMR	set	16274
    74  0000                     _T6PR	set	16275
    75  0000                     _T6RST	set	16279
    76  0000                     _T6HLT	set	16277
    77  0000                     _T6CLKbits	set	16278
    78  0000                     _LATBbits	set	16315
    79                           
    80                           ; #config settings
    81  0000                     
    82                           	psect	cinit
    83  000454                     __pcinit:
    84                           	opt callstack 0
    85  000454                     start_initialization:
    86                           	opt callstack 0
    87  000454                     __initialization:
    88                           	opt callstack 0
    89                           
    90                           ;
    91                           ; Setup IVTBASE
    92                           ;
    93  000454  0E08               	movlw	(ivt0x8_base shr 0)& (0+255)
    94  000456  6ED5               	movwf	213,c
    95  000458  0E00               	movlw	(ivt0x8_base shr (0+8))& (0+255)
    96  00045A  6ED6               	movwf	214,c
    97  00045C  0E00               	movlw	(ivt0x8_base shr (0+16))& (0+255)
    98  00045E  6ED7               	movwf	215,c
    99  000460                     end_of_initialization:
   100                           	opt callstack 0
   101  000460                     __end_of__initialization:
   102                           	opt callstack 0
   103  000460  0100               	movlb	0
   104  000462  EF20  F002         	goto	_main	;jump to C main() function
   105                           
   106                           	psect	cstackCOMRAM
   107  000001                     __pcstackCOMRAM:
   108                           	opt callstack 0
   109  000001                     ?_ADCC_GetConversionResult:
   110                           	opt callstack 0
   111  000001                     ?___xxtofl:
   112                           	opt callstack 0
   113  000001                     ___xxtofl@val:
   114                           	opt callstack 0
   115                           
   116                           ; 4 bytes @ 0x0
   117  000001                     	ds	2
   118  000003                     ??_ADCC_GetConversionResult:
   119                           
   120                           ; 1 bytes @ 0x2
   121  000003                     	ds	2
   122  000005                     ??___xxtofl:
   123                           
   124                           ; 1 bytes @ 0x4
   125  000005                     	ds	4
   126  000009                     ___xxtofl@sign:
   127                           	opt callstack 0
   128                           
   129                           ; 1 bytes @ 0x8
   130  000009                     	ds	1
   131  00000A                     ___xxtofl@exp:
   132                           	opt callstack 0
   133                           
   134                           ; 1 bytes @ 0x9
   135  00000A                     	ds	1
   136  00000B                     ___xxtofl@arg:
   137                           	opt callstack 0
   138                           
   139                           ; 4 bytes @ 0xA
   140  00000B                     	ds	4
   141  00000F                     ___flge@ff1:
   142                           	opt callstack 0
   143                           
   144                           ; 4 bytes @ 0xE
   145  00000F                     	ds	4
   146  000013                     ___flge@ff2:
   147                           	opt callstack 0
   148                           
   149                           ; 4 bytes @ 0x12
   150  000013                     	ds	4
   151  000017                     ??___flge:
   152                           
   153                           ; 1 bytes @ 0x16
   154  000017                     	ds	4
   155  00001B                     ??_InterruptManager:
   156                           
   157                           ; 1 bytes @ 0x1A
   158  00001B                     	ds	1
   159  00001C                     InterruptManager@adval:
   160                           	opt callstack 0
   161                           
   162                           ; 2 bytes @ 0x1B
   163  00001C                     	ds	2
   164  00001E                     
   165                           ; 1 bytes @ 0x1D
   166 ;;
   167 ;;Main: autosize = 0, tempsize = 0, incstack = 0, save=0
   168 ;;
   169 ;; *************** function _main *****************
   170 ;; Defined at:
   171 ;;		line 101 in file "LED_Voltmeter.c"
   172 ;; Parameters:    Size  Location     Type
   173 ;;		None
   174 ;; Auto vars:     Size  Location     Type
   175 ;;		None
   176 ;; Return value:  Size  Location     Type
   177 ;;                  1    wreg      void 
   178 ;; Registers used:
   179 ;;		wreg, status,2, cstack
   180 ;; Tracked objects:
   181 ;;		On entry : 0/0
   182 ;;		On exit  : 0/0
   183 ;;		Unchanged: 0/0
   184 ;; Data sizes:     COMRAM   BANK0   BANK1   BANK2   BANK3   BANK4   BANK5   BANK6   BANK7   BANK8   BANK9  BANK10  BANK1
      +1  BANK12  BANK13  BANK14  BANK15
   185 ;;      Params:         0       0       0       0       0       0       0       0       0       0       0       0       
      +0       0       0       0       0
   186 ;;      Locals:         0       0       0       0       0       0       0       0       0       0       0       0       
      +0       0       0       0       0
   187 ;;      Temps:          0       0       0       0       0       0       0       0       0       0       0       0       
      +0       0       0       0       0
   188 ;;      Totals:         0       0       0       0       0       0       0       0       0       0       0       0       
      +0       0       0       0       0
   189 ;;Total ram usage:        0 bytes
   190 ;; Hardware stack levels required when called:    3
   191 ;; This function calls:
   192 ;;		_ADCC_Initialize
   193 ;;		_TMR6_Initialize
   194 ;;		_pin_manager
   195 ;; This function is called by:
   196 ;;		Startup code after reset
   197 ;; This function uses a non-reentrant model
   198 ;;
   199                           
   200                           	psect	text0
   201  000440                     __ptext0:
   202                           	opt callstack 0
   203  000440                     _main:
   204                           	opt callstack 28
   205                           
   206                           ;LED_Voltmeter.c: 103:     INTCON0bits.GIE = 1;
   207                           
   208                           ;incstack = 0
   209  000440  8ED2               	bsf	16338,7,c	;volatile
   210                           
   211                           ;LED_Voltmeter.c: 105:     pin_manager();
   212  000442  EC33  F002         	call	_pin_manager	;wreg free
   213                           
   214                           ;LED_Voltmeter.c: 106:     TMR6_Initialize();
   215  000446  EC04  F002         	call	_TMR6_Initialize	;wreg free
   216                           
   217                           ;LED_Voltmeter.c: 107:     ADCC_Initialize();
   218  00044A  ECEF  F001         	call	_ADCC_Initialize	;wreg free
   219                           
   220                           ;LED_Voltmeter.c: 109:     ADCON0bits.ADGO = 1;
   221  00044E  013E               	movlb	62	; () banked
   222  000450  81F8               	bsf	248,0,b	;volatile
   223  000452                     l76:
   224                           
   225                           ;LED_Voltmeter.c: 114:     {;LED_Voltmeter.c: 116:     }
   226  000452  D7FF               	goto	l76
   227  000454                     __end_of_main:
   228                           	opt callstack 0
   229                           
   230 ;; *************** function _pin_manager *****************
   231 ;; Defined at:
   232 ;;		line 91 in file "LED_Voltmeter.c"
   233 ;; Parameters:    Size  Location     Type
   234 ;;		None
   235 ;; Auto vars:     Size  Location     Type
   236 ;;		None
   237 ;; Return value:  Size  Location     Type
   238 ;;                  1    wreg      void 
   239 ;; Registers used:
   240 ;;		wreg, status,2
   241 ;; Tracked objects:
   242 ;;		On entry : 0/0
   243 ;;		On exit  : 0/0
   244 ;;		Unchanged: 0/0
   245 ;; Data sizes:     COMRAM   BANK0   BANK1   BANK2   BANK3   BANK4   BANK5   BANK6   BANK7   BANK8   BANK9  BANK10  BANK1
      +1  BANK12  BANK13  BANK14  BANK15
   246 ;;      Params:         0       0       0       0       0       0       0       0       0       0       0       0       
      +0       0       0       0       0
   247 ;;      Locals:         0       0       0       0       0       0       0       0       0       0       0       0       
      +0       0       0       0       0
   248 ;;      Temps:          0       0       0       0       0       0       0       0       0       0       0       0       
      +0       0       0       0       0
   249 ;;      Totals:         0       0       0       0       0       0       0       0       0       0       0       0       
      +0       0       0       0       0
   250 ;;Total ram usage:        0 bytes
   251 ;; Hardware stack levels used:    1
   252 ;; Hardware stack levels required when called:    2
   253 ;; This function calls:
   254 ;;		Nothing
   255 ;; This function is called by:
   256 ;;		_main
   257 ;; This function uses a non-reentrant model
   258 ;;
   259                           
   260                           	psect	text1
   261  000466                     __ptext1:
   262                           	opt callstack 0
   263  000466                     _pin_manager:
   264                           	opt callstack 28
   265                           
   266                           ;LED_Voltmeter.c: 94:     ANSELB = 0xF0;
   267                           
   268                           ;incstack = 0
   269  000466  0EF0               	movlw	240
   270  000468  013A               	movlb	58	; () banked
   271  00046A  6F50               	movwf	80,b	;volatile
   272                           
   273                           ;LED_Voltmeter.c: 95:     TRISB = 0xF0;
   274  00046C  0EF0               	movlw	240
   275  00046E  6EC3               	movwf	16323,c	;volatile
   276                           
   277                           ; BSR set to: 58
   278                           ;LED_Voltmeter.c: 97:     ANSELAbits.ANSELA0 = 1;
   279  000470  8140               	bsf	64,0,b	;volatile
   280                           
   281                           ; BSR set to: 58
   282                           ;LED_Voltmeter.c: 98:     TRISAbits.TRISA0 = 1;
   283  000472  80C2               	bsf	16322,0,c	;volatile
   284                           
   285                           ; BSR set to: 58
   286  000474  0012               	return		;funcret
   287  000476                     __end_of_pin_manager:
   288                           	opt callstack 0
   289                           
   290 ;; *************** function _TMR6_Initialize *****************
   291 ;; Defined at:
   292 ;;		line 80 in file "LED_Voltmeter.c"
   293 ;; Parameters:    Size  Location     Type
   294 ;;		None
   295 ;; Auto vars:     Size  Location     Type
   296 ;;		None
   297 ;; Return value:  Size  Location     Type
   298 ;;                  1    wreg      void 
   299 ;; Registers used:
   300 ;;		wreg, status,2
   301 ;; Tracked objects:
   302 ;;		On entry : 0/0
   303 ;;		On exit  : 0/0
   304 ;;		Unchanged: 0/0
   305 ;; Data sizes:     COMRAM   BANK0   BANK1   BANK2   BANK3   BANK4   BANK5   BANK6   BANK7   BANK8   BANK9  BANK10  BANK1
      +1  BANK12  BANK13  BANK14  BANK15
   306 ;;      Params:         0       0       0       0       0       0       0       0       0       0       0       0       
      +0       0       0       0       0
   307 ;;      Locals:         0       0       0       0       0       0       0       0       0       0       0       0       
      +0       0       0       0       0
   308 ;;      Temps:          0       0       0       0       0       0       0       0       0       0       0       0       
      +0       0       0       0       0
   309 ;;      Totals:         0       0       0       0       0       0       0       0       0       0       0       0       
      +0       0       0       0       0
   310 ;;Total ram usage:        0 bytes
   311 ;; Hardware stack levels used:    1
   312 ;; Hardware stack levels required when called:    2
   313 ;; This function calls:
   314 ;;		Nothing
   315 ;; This function is called by:
   316 ;;		_main
   317 ;; This function uses a non-reentrant model
   318 ;;
   319                           
   320                           	psect	text2
   321  000408                     __ptext2:
   322                           	opt callstack 0
   323  000408                     _TMR6_Initialize:
   324                           	opt callstack 28
   325                           
   326                           ;LED_Voltmeter.c: 83:     T6CLKbits.CS = 0x04;
   327                           
   328                           ; BSR set to: 58
   329                           ;incstack = 0
   330  000408  5096               	movf	16278,w,c	;volatile
   331  00040A  0BF0               	andlw	-16
   332  00040C  0904               	iorlw	4
   333  00040E  6E96               	movwf	16278,c	;volatile
   334                           
   335                           ;LED_Voltmeter.c: 84:     T6HLT = 0x00;
   336  000410  0E00               	movlw	0
   337  000412  6E95               	movwf	16277,c	;volatile
   338                           
   339                           ;LED_Voltmeter.c: 85:     T6RST = 0x00;
   340  000414  0E00               	movlw	0
   341  000416  6E97               	movwf	16279,c	;volatile
   342                           
   343                           ;LED_Voltmeter.c: 86:     T6PR = 0x60;
   344  000418  0E60               	movlw	96
   345  00041A  6E93               	movwf	16275,c	;volatile
   346                           
   347                           ;LED_Voltmeter.c: 87:     T6TMR = 0x00;
   348  00041C  0E00               	movlw	0
   349  00041E  6E92               	movwf	16274,c	;volatile
   350                           
   351                           ;LED_Voltmeter.c: 88:     PIR9bits.TMR6IF = 0;
   352  000420  0139               	movlb	57	; () banked
   353  000422  91A9               	bcf	169,0,b	;volatile
   354                           
   355                           ;LED_Voltmeter.c: 89:     T6CON = 0xD0;
   356  000424  0ED0               	movlw	208
   357  000426  6E94               	movwf	16276,c	;volatile
   358                           
   359                           ; BSR set to: 57
   360  000428  0012               	return		;funcret
   361  00042A                     __end_of_TMR6_Initialize:
   362                           	opt callstack 0
   363                           
   364 ;; *************** function _ADCC_Initialize *****************
   365 ;; Defined at:
   366 ;;		line 58 in file "LED_Voltmeter.c"
   367 ;; Parameters:    Size  Location     Type
   368 ;;		None
   369 ;; Auto vars:     Size  Location     Type
   370 ;;		None
   371 ;; Return value:  Size  Location     Type
   372 ;;                  1    wreg      void 
   373 ;; Registers used:
   374 ;;		wreg, status,2
   375 ;; Tracked objects:
   376 ;;		On entry : 0/0
   377 ;;		On exit  : 0/0
   378 ;;		Unchanged: 0/0
   379 ;; Data sizes:     COMRAM   BANK0   BANK1   BANK2   BANK3   BANK4   BANK5   BANK6   BANK7   BANK8   BANK9  BANK10  BANK1
      +1  BANK12  BANK13  BANK14  BANK15
   380 ;;      Params:         0       0       0       0       0       0       0       0       0       0       0       0       
      +0       0       0       0       0
   381 ;;      Locals:         0       0       0       0       0       0       0       0       0       0       0       0       
      +0       0       0       0       0
   382 ;;      Temps:          0       0       0       0       0       0       0       0       0       0       0       0       
      +0       0       0       0       0
   383 ;;      Totals:         0       0       0       0       0       0       0       0       0       0       0       0       
      +0       0       0       0       0
   384 ;;Total ram usage:        0 bytes
   385 ;; Hardware stack levels used:    1
   386 ;; Hardware stack levels required when called:    2
   387 ;; This function calls:
   388 ;;		Nothing
   389 ;; This function is called by:
   390 ;;		_main
   391 ;; This function uses a non-reentrant model
   392 ;;
   393                           
   394                           	psect	text3
   395  0003DE                     __ptext3:
   396                           	opt callstack 0
   397  0003DE                     _ADCC_Initialize:
   398                           	opt callstack 28
   399                           
   400                           ;LED_Voltmeter.c: 62:     ADREF = 0x00;
   401                           
   402                           ; BSR set to: 57
   403                           ;incstack = 0
   404  0003DE  0E00               	movlw	0
   405  0003E0  013E               	movlb	62	; () banked
   406  0003E2  6FFD               	movwf	253,b	;volatile
   407                           
   408                           ;LED_Voltmeter.c: 63:     ADPCH = 0x00;
   409  0003E4  0E00               	movlw	0
   410  0003E6  6FF1               	movwf	241,b	;volatile
   411                           
   412                           ;LED_Voltmeter.c: 65:     ADPREL = 0x00;
   413  0003E8  0E00               	movlw	0
   414  0003EA  6FF6               	movwf	246,b	;volatile
   415                           
   416                           ;LED_Voltmeter.c: 67:     ADACQL = 0x40;
   417  0003EC  0E40               	movlw	64
   418  0003EE  6FF3               	movwf	243,b	;volatile
   419                           
   420                           ;LED_Voltmeter.c: 68:     ADACQH = 0x1F;
   421  0003F0  0E1F               	movlw	31
   422  0003F2  6FF4               	movwf	244,b	;volatile
   423                           
   424                           ;LED_Voltmeter.c: 70:     ADACT = 0x08;
   425  0003F4  0E08               	movlw	8
   426  0003F6  6FFE               	movwf	254,b	;volatile
   427                           
   428                           ;LED_Voltmeter.c: 71:     ADCLK = 0x07;
   429  0003F8  0E07               	movlw	7
   430  0003FA  6FFF               	movwf	255,b	;volatile
   431                           
   432                           ;LED_Voltmeter.c: 72:     ADCON0 = 0x94;
   433  0003FC  0E94               	movlw	148
   434  0003FE  6FF8               	movwf	248,b	;volatile
   435                           
   436                           ; BSR set to: 62
   437                           ;LED_Voltmeter.c: 74:     PIE1bits.ADIE = 1;
   438  000400  0139               	movlb	57	; () banked
   439  000402  8591               	bsf	145,2,b	;volatile
   440                           
   441                           ; BSR set to: 57
   442                           ;LED_Voltmeter.c: 75:     PIR1bits.ADIF = 0;
   443  000404  95A1               	bcf	161,2,b	;volatile
   444                           
   445                           ; BSR set to: 57
   446  000406  0012               	return		;funcret
   447  000408                     __end_of_ADCC_Initialize:
   448                           	opt callstack 0
   449                           
   450 ;; *************** function _InterruptManager *****************
   451 ;; Defined at:
   452 ;;		line 39 in file "LED_Voltmeter.c"
   453 ;; Parameters:    Size  Location     Type
   454 ;;		None
   455 ;; Auto vars:     Size  Location     Type
   456 ;;  adval           2   27[COMRAM] unsigned short 
   457 ;; Return value:  Size  Location     Type
   458 ;;                  1    wreg      void 
   459 ;; Registers used:
   460 ;;		wreg, status,2, status,0, cstack
   461 ;; Tracked objects:
   462 ;;		On entry : 0/0
   463 ;;		On exit  : 0/0
   464 ;;		Unchanged: 0/0
   465 ;; Data sizes:     COMRAM   BANK0   BANK1   BANK2   BANK3   BANK4   BANK5   BANK6   BANK7   BANK8   BANK9  BANK10  BANK1
      +1  BANK12  BANK13  BANK14  BANK15
   466 ;;      Params:         0       0       0       0       0       0       0       0       0       0       0       0       
      +0       0       0       0       0
   467 ;;      Locals:         2       0       0       0       0       0       0       0       0       0       0       0       
      +0       0       0       0       0
   468 ;;      Temps:          1       0       0       0       0       0       0       0       0       0       0       0       
      +0       0       0       0       0
   469 ;;      Totals:         3       0       0       0       0       0       0       0       0       0       0       0       
      +0       0       0       0       0
   470 ;;Total ram usage:        3 bytes
   471 ;; Hardware stack levels used:    1
   472 ;; Hardware stack levels required when called:    1
   473 ;; This function calls:
   474 ;;		_ADCC_GetConversionResult
   475 ;;		___flge
   476 ;;		___xxtofl
   477 ;; This function is called by:
   478 ;;		Interrupt level 2
   479 ;; This function uses a non-reentrant model
   480 ;;
   481                           
   482                           	psect	text4
   483  00001E                     __ptext4:
   484                           	opt callstack 0
   485  00001E                     _InterruptManager:
   486                           	opt callstack 28
   487                           
   488                           ;LED_Voltmeter.c: 42:     if(PIE1bits.ADIE == 1 && PIR1bits.ADIF == 1)
   489                           
   490                           ; BSR set to: 57
   491                           ;incstack = 0
   492  00001E  0139               	movlb	57	; () banked
   493  000020  A591               	btfss	145,2,b	;volatile
   494  000022  0011               	retfie		f
   495                           
   496                           ; BSR set to: 57
   497  000024  A5A1               	btfss	161,2,b	;volatile
   498  000026  0011               	retfie		f
   499                           
   500                           ; BSR set to: 57
   501                           ;LED_Voltmeter.c: 43:     {;LED_Voltmeter.c: 44:         adc_result_t adval = ADCC_GetCo
      +                          nversionResult();
   502  000028  EC15  F002         	call	_ADCC_GetConversionResult	;wreg free
   503  00002C  0060  F004  F01C   	movff	?_ADCC_GetConversionResult,InterruptManager@adval
   504  000032  0060  F008  F01D   	movff	?_ADCC_GetConversionResult+1,InterruptManager@adval+1
   505                           
   506                           ;LED_Voltmeter.c: 45:         LATBbits.LATB0 = (adval > (1024*4.882)/5);
   507  000038  0E5A               	movlw	90
   508  00003A  6E0F               	movwf	___flge@ff1,c
   509  00003C  0EF5               	movlw	245
   510  00003E  6E10               	movwf	___flge@ff1+1,c
   511  000040  0E79               	movlw	121
   512  000042  6E11               	movwf	___flge@ff1+2,c
   513  000044  0E44               	movlw	68
   514  000046  6E12               	movwf	___flge@ff1+3,c
   515  000048  0060  F070  F001   	movff	InterruptManager@adval,___xxtofl@val
   516  00004E  0060  F074  F002   	movff	InterruptManager@adval+1,___xxtofl@val+1
   517  000054  6A03               	clrf	___xxtofl@val+2,c
   518  000056  6A04               	clrf	___xxtofl@val+3,c
   519  000058  0E00               	movlw	0
   520  00005A  ECD5  F000         	call	___xxtofl
   521  00005E  0060  F004  F013   	movff	?___xxtofl,___flge@ff2
   522  000064  0060  F008  F014   	movff	?___xxtofl+1,___flge@ff2+1
   523  00006A  0060  F00C  F015   	movff	?___xxtofl+2,___flge@ff2+2
   524  000070  0060  F010  F016   	movff	?___xxtofl+3,___flge@ff2+3
   525  000076  EC87  F001         	call	___flge	;wreg free
   526  00007A  B0D8               	btfsc	status,0,c
   527  00007C  D003               	goto	i2u43_40
   528  00007E  6A1B               	clrf	??_InterruptManager& (0+255),c
   529  000080  2A1B               	incf	??_InterruptManager& (0+255),f,c
   530  000082  D001               	goto	i2u44_48
   531  000084                     i2u43_40:
   532  000084  6A1B               	clrf	??_InterruptManager& (0+255),c
   533  000086                     i2u44_48:
   534  000086  50BB               	movf	16315,w,c	;volatile
   535  000088  181B               	xorwf	??_InterruptManager,w,c
   536  00008A  0BFE               	andlw	-2
   537  00008C  181B               	xorwf	??_InterruptManager,w,c
   538  00008E  6EBB               	movwf	16315,c	;volatile
   539                           
   540                           ;LED_Voltmeter.c: 46:         LATBbits.LATB1 = (adval > (1024*9.766)/5);
   541  000090  0E75               	movlw	117
   542  000092  6E0F               	movwf	___flge@ff1,c
   543  000094  0E02               	movlw	2
   544  000096  6E10               	movwf	___flge@ff1+1,c
   545  000098  0EFA               	movlw	250
   546  00009A  6E11               	movwf	___flge@ff1+2,c
   547  00009C  0E44               	movlw	68
   548  00009E  6E12               	movwf	___flge@ff1+3,c
   549  0000A0  0060  F070  F001   	movff	InterruptManager@adval,___xxtofl@val
   550  0000A6  0060  F074  F002   	movff	InterruptManager@adval+1,___xxtofl@val+1
   551  0000AC  6A03               	clrf	___xxtofl@val+2,c
   552  0000AE  6A04               	clrf	___xxtofl@val+3,c
   553  0000B0  0E00               	movlw	0
   554  0000B2  ECD5  F000         	call	___xxtofl
   555  0000B6  0060  F004  F013   	movff	?___xxtofl,___flge@ff2
   556  0000BC  0060  F008  F014   	movff	?___xxtofl+1,___flge@ff2+1
   557  0000C2  0060  F00C  F015   	movff	?___xxtofl+2,___flge@ff2+2
   558  0000C8  0060  F010  F016   	movff	?___xxtofl+3,___flge@ff2+3
   559  0000CE  EC87  F001         	call	___flge	;wreg free
   560  0000D2  B0D8               	btfsc	status,0,c
   561  0000D4  D003               	goto	i2u45_40
   562  0000D6  6A1B               	clrf	??_InterruptManager& (0+255),c
   563  0000D8  2A1B               	incf	??_InterruptManager& (0+255),f,c
   564  0000DA  D001               	goto	i2u46_48
   565  0000DC                     i2u45_40:
   566  0000DC  6A1B               	clrf	??_InterruptManager& (0+255),c
   567  0000DE                     i2u46_48:
   568  0000DE  461B               	rlncf	??_InterruptManager,f,c
   569  0000E0  50BB               	movf	16315,w,c	;volatile
   570  0000E2  181B               	xorwf	??_InterruptManager,w,c
   571  0000E4  0BFD               	andlw	-3
   572  0000E6  181B               	xorwf	??_InterruptManager,w,c
   573  0000E8  6EBB               	movwf	16315,c	;volatile
   574                           
   575                           ;LED_Voltmeter.c: 47:         LATBbits.LATB2 = (adval > (1024*14.648)/5);
   576  0000EA  0E91               	movlw	145
   577  0000EC  6E0F               	movwf	___flge@ff1,c
   578  0000EE  0E7E               	movlw	126
   579  0000F0  6E10               	movwf	___flge@ff1+1,c
   580  0000F2  0E3B               	movlw	59
   581  0000F4  6E11               	movwf	___flge@ff1+2,c
   582  0000F6  0E45               	movlw	69
   583  0000F8  6E12               	movwf	___flge@ff1+3,c
   584  0000FA  0060  F070  F001   	movff	InterruptManager@adval,___xxtofl@val
   585  000100  0060  F074  F002   	movff	InterruptManager@adval+1,___xxtofl@val+1
   586  000106  6A03               	clrf	___xxtofl@val+2,c
   587  000108  6A04               	clrf	___xxtofl@val+3,c
   588  00010A  0E00               	movlw	0
   589  00010C  ECD5  F000         	call	___xxtofl
   590  000110  0060  F004  F013   	movff	?___xxtofl,___flge@ff2
   591  000116  0060  F008  F014   	movff	?___xxtofl+1,___flge@ff2+1
   592  00011C  0060  F00C  F015   	movff	?___xxtofl+2,___flge@ff2+2
   593  000122  0060  F010  F016   	movff	?___xxtofl+3,___flge@ff2+3
   594  000128  EC87  F001         	call	___flge	;wreg free
   595  00012C  B0D8               	btfsc	status,0,c
   596  00012E  D003               	goto	i2u47_40
   597  000130  6A1B               	clrf	??_InterruptManager& (0+255),c
   598  000132  2A1B               	incf	??_InterruptManager& (0+255),f,c
   599  000134  D001               	goto	i2u48_48
   600  000136                     i2u47_40:
   601  000136  6A1B               	clrf	??_InterruptManager& (0+255),c
   602  000138                     i2u48_48:
   603  000138  461B               	rlncf	??_InterruptManager,f,c
   604  00013A  461B               	rlncf	??_InterruptManager,f,c
   605  00013C  50BB               	movf	16315,w,c	;volatile
   606  00013E  181B               	xorwf	??_InterruptManager,w,c
   607  000140  0BFB               	andlw	-5
   608  000142  181B               	xorwf	??_InterruptManager,w,c
   609  000144  6EBB               	movwf	16315,c	;volatile
   610                           
   611                           ;LED_Voltmeter.c: 48:         LATBbits.LATB3 = (adval > (1024*19.5312)/5);
   612  000146  0ED6               	movlw	214
   613  000148  6E0F               	movwf	___flge@ff1,c
   614  00014A  0EFF               	movlw	255
   615  00014C  6E10               	movwf	___flge@ff1+1,c
   616  00014E  0E79               	movlw	121
   617  000150  6E11               	movwf	___flge@ff1+2,c
   618  000152  0E45               	movlw	69
   619  000154  6E12               	movwf	___flge@ff1+3,c
   620  000156  0060  F070  F001   	movff	InterruptManager@adval,___xxtofl@val
   621  00015C  0060  F074  F002   	movff	InterruptManager@adval+1,___xxtofl@val+1
   622  000162  6A03               	clrf	___xxtofl@val+2,c
   623  000164  6A04               	clrf	___xxtofl@val+3,c
   624  000166  0E00               	movlw	0
   625  000168  ECD5  F000         	call	___xxtofl
   626  00016C  0060  F004  F013   	movff	?___xxtofl,___flge@ff2
   627  000172  0060  F008  F014   	movff	?___xxtofl+1,___flge@ff2+1
   628  000178  0060  F00C  F015   	movff	?___xxtofl+2,___flge@ff2+2
   629  00017E  0060  F010  F016   	movff	?___xxtofl+3,___flge@ff2+3
   630  000184  EC87  F001         	call	___flge	;wreg free
   631  000188  B0D8               	btfsc	status,0,c
   632  00018A  D003               	goto	i2u49_40
   633  00018C  6A1B               	clrf	??_InterruptManager& (0+255),c
   634  00018E  2A1B               	incf	??_InterruptManager& (0+255),f,c
   635  000190  D001               	goto	i2u50_48
   636  000192                     i2u49_40:
   637  000192  6A1B               	clrf	??_InterruptManager& (0+255),c
   638  000194                     i2u50_48:
   639  000194  461B               	rlncf	??_InterruptManager,f,c
   640  000196  461B               	rlncf	??_InterruptManager,f,c
   641  000198  461B               	rlncf	??_InterruptManager,f,c
   642  00019A  50BB               	movf	16315,w,c	;volatile
   643  00019C  181B               	xorwf	??_InterruptManager,w,c
   644  00019E  0BF7               	andlw	-9
   645  0001A0  181B               	xorwf	??_InterruptManager,w,c
   646  0001A2  6EBB               	movwf	16315,c	;volatile
   647                           
   648                           ;LED_Voltmeter.c: 51:         PIR1bits.ADIF = 0;
   649  0001A4  0139               	movlb	57	; () banked
   650  0001A6  95A1               	bcf	161,2,b	;volatile
   651                           
   652                           ; BSR set to: 57
   653                           
   654                           ;LED_Voltmeter.c: 52:     }
   655  0001A8  0011               	retfie		f
   656  0001AA                     __end_of_InterruptManager:
   657                           	opt callstack 0
   658                           
   659 ;; *************** function ___xxtofl *****************
   660 ;; Defined at:
   661 ;;		line 10 in file "C:\Program Files (x86)\Microchip\xc8\v2.05\pic\sources\c99\common\xxtofl.c"
   662 ;; Parameters:    Size  Location     Type
   663 ;;  sign            1    wreg     unsigned char 
   664 ;;  val             4    0[COMRAM] long 
   665 ;; Auto vars:     Size  Location     Type
   666 ;;  sign            1    8[COMRAM] unsigned char 
   667 ;;  arg             4   10[COMRAM] unsigned long 
   668 ;;  exp             1    9[COMRAM] unsigned char 
   669 ;; Return value:  Size  Location     Type
   670 ;;                  4    0[COMRAM] unsigned char 
   671 ;; Registers used:
   672 ;;		wreg, status,2, status,0
   673 ;; Tracked objects:
   674 ;;		On entry : 0/0
   675 ;;		On exit  : 0/0
   676 ;;		Unchanged: 0/0
   677 ;; Data sizes:     COMRAM   BANK0   BANK1   BANK2   BANK3   BANK4   BANK5   BANK6   BANK7   BANK8   BANK9  BANK10  BANK1
      +1  BANK12  BANK13  BANK14  BANK15
   678 ;;      Params:         4       0       0       0       0       0       0       0       0       0       0       0       
      +0       0       0       0       0
   679 ;;      Locals:         6       0       0       0       0       0       0       0       0       0       0       0       
      +0       0       0       0       0
   680 ;;      Temps:          4       0       0       0       0       0       0       0       0       0       0       0       
      +0       0       0       0       0
   681 ;;      Totals:        14       0       0       0       0       0       0       0       0       0       0       0       
      +0       0       0       0       0
   682 ;;Total ram usage:       14 bytes
   683 ;; Hardware stack levels used:    1
   684 ;; This function calls:
   685 ;;		Nothing
   686 ;; This function is called by:
   687 ;;		_InterruptManager
   688 ;; This function uses a non-reentrant model
   689 ;;
   690                           
   691                           	psect	text5
   692  0001AA                     __ptext5:
   693                           	opt callstack 0
   694  0001AA                     ___xxtofl:
   695                           	opt callstack 28
   696                           
   697                           ; BSR set to: 57
   698                           ;incstack = 0
   699                           ;___xxtofl@sign stored from wreg
   700  0001AA  6E09               	movwf	___xxtofl@sign,c
   701  0001AC  5009               	movf	___xxtofl@sign,w,c
   702  0001AE  A4D8               	btfss	status,2,c
   703  0001B0  AE04               	btfss	___xxtofl@val+3,7,c
   704  0001B2  D022               	goto	i2l737
   705  0001B4  0060  F004  F005   	movff	___xxtofl@val,??___xxtofl
   706  0001BA  0060  F008  F006   	movff	___xxtofl@val+1,??___xxtofl+1
   707  0001C0  0060  F00C  F007   	movff	___xxtofl@val+2,??___xxtofl+2
   708  0001C6  0060  F010  F008   	movff	___xxtofl@val+3,??___xxtofl+3
   709  0001CC  1E05               	comf	??___xxtofl,f,c
   710  0001CE  1E06               	comf	??___xxtofl+1,f,c
   711  0001D0  1E07               	comf	??___xxtofl+2,f,c
   712  0001D2  1E08               	comf	??___xxtofl+3,f,c
   713  0001D4  2A05               	incf	??___xxtofl,f,c
   714  0001D6  0E00               	movlw	0
   715  0001D8  2206               	addwfc	??___xxtofl+1,f,c
   716  0001DA  2207               	addwfc	??___xxtofl+2,f,c
   717  0001DC  2208               	addwfc	??___xxtofl+3,f,c
   718  0001DE  0060  F014  F00B   	movff	??___xxtofl,___xxtofl@arg
   719  0001E4  0060  F018  F00C   	movff	??___xxtofl+1,___xxtofl@arg+1
   720  0001EA  0060  F01C  F00D   	movff	??___xxtofl+2,___xxtofl@arg+2
   721  0001F0  0060  F020  F00E   	movff	??___xxtofl+3,___xxtofl@arg+3
   722  0001F6  D00C               	goto	i2l889
   723  0001F8                     i2l737:
   724  0001F8  0060  F004  F00B   	movff	___xxtofl@val,___xxtofl@arg
   725  0001FE  0060  F008  F00C   	movff	___xxtofl@val+1,___xxtofl@arg+1
   726  000204  0060  F00C  F00D   	movff	___xxtofl@val+2,___xxtofl@arg+2
   727  00020A  0060  F010  F00E   	movff	___xxtofl@val+3,___xxtofl@arg+3
   728  000210                     i2l889:
   729  000210  5001               	movf	___xxtofl@val,w,c
   730  000212  1002               	iorwf	___xxtofl@val+1,w,c
   731  000214  1003               	iorwf	___xxtofl@val+2,w,c
   732  000216  1004               	iorwf	___xxtofl@val+3,w,c
   733  000218  A4D8               	btfss	status,2,c
   734  00021A  D009               	goto	i2l895
   735  00021C  0E00               	movlw	0
   736  00021E  6E01               	movwf	?___xxtofl,c
   737  000220  0E00               	movlw	0
   738  000222  6E02               	movwf	?___xxtofl+1,c
   739  000224  0E00               	movlw	0
   740  000226  6E03               	movwf	?___xxtofl+2,c
   741  000228  0E00               	movlw	0
   742  00022A  6E04               	movwf	?___xxtofl+3,c
   743  00022C  0012               	return	
   744  00022E                     i2l895:
   745  00022E  0E96               	movlw	150
   746  000230  6E0A               	movwf	___xxtofl@exp,c
   747  000232  D006               	goto	i2l899
   748  000234                     i2l897:
   749  000234  2A0A               	incf	___xxtofl@exp,f,c
   750  000236  90D8               	bcf	status,0,c
   751  000238  320E               	rrcf	___xxtofl@arg+3,f,c
   752  00023A  320D               	rrcf	___xxtofl@arg+2,f,c
   753  00023C  320C               	rrcf	___xxtofl@arg+1,f,c
   754  00023E  320B               	rrcf	___xxtofl@arg,f,c
   755  000240                     i2l899:
   756  000240  0E00               	movlw	0
   757  000242  140B               	andwf	___xxtofl@arg,w,c
   758  000244  6E05               	movwf	??___xxtofl& (0+255),c
   759  000246  0E00               	movlw	0
   760  000248  140C               	andwf	___xxtofl@arg+1,w,c
   761  00024A  6E06               	movwf	(??___xxtofl+1)& (0+255),c
   762  00024C  0E00               	movlw	0
   763  00024E  140D               	andwf	___xxtofl@arg+2,w,c
   764  000250  6E07               	movwf	(??___xxtofl+2)& (0+255),c
   765  000252  0EFE               	movlw	254
   766  000254  140E               	andwf	___xxtofl@arg+3,w,c
   767  000256  6E08               	movwf	(??___xxtofl+3)& (0+255),c
   768  000258  5005               	movf	??___xxtofl,w,c
   769  00025A  1006               	iorwf	??___xxtofl+1,w,c
   770  00025C  1007               	iorwf	??___xxtofl+2,w,c
   771  00025E  1008               	iorwf	??___xxtofl+3,w,c
   772  000260  B4D8               	btfsc	status,2,c
   773  000262  D00D               	goto	i2l744
   774  000264  D7E7               	goto	i2l897
   775  000266                     i2l901:
   776  000266  2A0A               	incf	___xxtofl@exp,f,c
   777  000268  0E01               	movlw	1
   778  00026A  260B               	addwf	___xxtofl@arg,f,c
   779  00026C  0E00               	movlw	0
   780  00026E  220C               	addwfc	___xxtofl@arg+1,f,c
   781  000270  220D               	addwfc	___xxtofl@arg+2,f,c
   782  000272  220E               	addwfc	___xxtofl@arg+3,f,c
   783  000274  90D8               	bcf	status,0,c
   784  000276  320E               	rrcf	___xxtofl@arg+3,f,c
   785  000278  320D               	rrcf	___xxtofl@arg+2,f,c
   786  00027A  320C               	rrcf	___xxtofl@arg+1,f,c
   787  00027C  320B               	rrcf	___xxtofl@arg,f,c
   788  00027E                     i2l744:
   789  00027E  0E00               	movlw	0
   790  000280  140B               	andwf	___xxtofl@arg,w,c
   791  000282  6E05               	movwf	??___xxtofl& (0+255),c
   792  000284  0E00               	movlw	0
   793  000286  140C               	andwf	___xxtofl@arg+1,w,c
   794  000288  6E06               	movwf	(??___xxtofl+1)& (0+255),c
   795  00028A  0E00               	movlw	0
   796  00028C  140D               	andwf	___xxtofl@arg+2,w,c
   797  00028E  6E07               	movwf	(??___xxtofl+2)& (0+255),c
   798  000290  0EFF               	movlw	255
   799  000292  140E               	andwf	___xxtofl@arg+3,w,c
   800  000294  6E08               	movwf	(??___xxtofl+3)& (0+255),c
   801  000296  5005               	movf	??___xxtofl,w,c
   802  000298  1006               	iorwf	??___xxtofl+1,w,c
   803  00029A  1007               	iorwf	??___xxtofl+2,w,c
   804  00029C  1008               	iorwf	??___xxtofl+3,w,c
   805  00029E  B4D8               	btfsc	status,2,c
   806  0002A0  D007               	goto	i2l909
   807  0002A2  D7E1               	goto	i2l901
   808  0002A4                     i2l907:
   809  0002A4  060A               	decf	___xxtofl@exp,f,c
   810  0002A6  90D8               	bcf	status,0,c
   811  0002A8  360B               	rlcf	___xxtofl@arg,f,c
   812  0002AA  360C               	rlcf	___xxtofl@arg+1,f,c
   813  0002AC  360D               	rlcf	___xxtofl@arg+2,f,c
   814  0002AE  360E               	rlcf	___xxtofl@arg+3,f,c
   815  0002B0                     i2l909:
   816  0002B0  BE0D               	btfsc	___xxtofl@arg+2,7,c
   817  0002B2  D003               	goto	i2u37_40
   818  0002B4  0E02               	movlw	2
   819  0002B6  600A               	cpfslt	___xxtofl@exp,c
   820  0002B8  D7F5               	goto	i2l907
   821  0002BA                     i2u37_40:
   822  0002BA  A00A               	btfss	___xxtofl@exp,0,c
   823  0002BC  9E0D               	bcf	___xxtofl@arg+2,7,c
   824  0002BE  90D8               	bcf	status,0,c
   825  0002C0  320A               	rrcf	___xxtofl@exp,f,c
   826  0002C2  0060  F028  F005   	movff	___xxtofl@exp,??___xxtofl
   827  0002C8  6A06               	clrf	(??___xxtofl+1)& (0+255),c
   828  0002CA  6A07               	clrf	(??___xxtofl+2)& (0+255),c
   829  0002CC  6A08               	clrf	(??___xxtofl+3)& (0+255),c
   830  0002CE  0060  F014  F008   	movff	??___xxtofl,??___xxtofl+3
   831  0002D4  6A07               	clrf	??___xxtofl+2,c
   832  0002D6  6A06               	clrf	??___xxtofl+1,c
   833  0002D8  6A05               	clrf	??___xxtofl,c
   834  0002DA  5005               	movf	??___xxtofl,w,c
   835  0002DC  120B               	iorwf	___xxtofl@arg,f,c
   836  0002DE  5006               	movf	??___xxtofl+1,w,c
   837  0002E0  120C               	iorwf	___xxtofl@arg+1,f,c
   838  0002E2  5007               	movf	??___xxtofl+2,w,c
   839  0002E4  120D               	iorwf	___xxtofl@arg+2,f,c
   840  0002E6  5008               	movf	??___xxtofl+3,w,c
   841  0002E8  120E               	iorwf	___xxtofl@arg+3,f,c
   842  0002EA  5009               	movf	___xxtofl@sign,w,c
   843  0002EC  A4D8               	btfss	status,2,c
   844  0002EE  AE04               	btfss	___xxtofl@val+3,7,c
   845  0002F0  D001               	goto	i2l925
   846  0002F2  8E0E               	bsf	___xxtofl@arg+3,7,c
   847  0002F4                     i2l925:
   848  0002F4  0060  F02C  F001   	movff	___xxtofl@arg,?___xxtofl
   849  0002FA  0060  F030  F002   	movff	___xxtofl@arg+1,?___xxtofl+1
   850  000300  0060  F034  F003   	movff	___xxtofl@arg+2,?___xxtofl+2
   851  000306  0060  F038  F004   	movff	___xxtofl@arg+3,?___xxtofl+3
   852  00030C  0012               	return		;funcret
   853  00030E                     __end_of___xxtofl:
   854                           	opt callstack 0
   855                           
   856 ;; *************** function ___flge *****************
   857 ;; Defined at:
   858 ;;		line 4 in file "C:\Program Files (x86)\Microchip\xc8\v2.05\pic\sources\c99\common\flge.c"
   859 ;; Parameters:    Size  Location     Type
   860 ;;  ff1             4   14[COMRAM] unsigned char 
   861 ;;  ff2             4   18[COMRAM] unsigned char 
   862 ;; Auto vars:     Size  Location     Type
   863 ;;		None
   864 ;; Return value:  Size  Location     Type
   865 ;;		None               void
   866 ;; Registers used:
   867 ;;		wreg, status,2, status,0
   868 ;; Tracked objects:
   869 ;;		On entry : 0/0
   870 ;;		On exit  : 0/0
   871 ;;		Unchanged: 0/0
   872 ;; Data sizes:     COMRAM   BANK0   BANK1   BANK2   BANK3   BANK4   BANK5   BANK6   BANK7   BANK8   BANK9  BANK10  BANK1
      +1  BANK12  BANK13  BANK14  BANK15
   873 ;;      Params:         8       0       0       0       0       0       0       0       0       0       0       0       
      +0       0       0       0       0
   874 ;;      Locals:         0       0       0       0       0       0       0       0       0       0       0       0       
      +0       0       0       0       0
   875 ;;      Temps:          4       0       0       0       0       0       0       0       0       0       0       0       
      +0       0       0       0       0
   876 ;;      Totals:        12       0       0       0       0       0       0       0       0       0       0       0       
      +0       0       0       0       0
   877 ;;Total ram usage:       12 bytes
   878 ;; Hardware stack levels used:    1
   879 ;; This function calls:
   880 ;;		Nothing
   881 ;; This function is called by:
   882 ;;		_InterruptManager
   883 ;; This function uses a non-reentrant model
   884 ;;
   885                           
   886                           	psect	text6
   887  00030E                     __ptext6:
   888                           	opt callstack 0
   889  00030E                     ___flge:
   890                           	opt callstack 28
   891                           
   892                           ;incstack = 0
   893  00030E  0E00               	movlw	0
   894  000310  140F               	andwf	___flge@ff1,w,c
   895  000312  6E17               	movwf	??___flge& (0+255),c
   896  000314  0E00               	movlw	0
   897  000316  1410               	andwf	___flge@ff1+1,w,c
   898  000318  6E18               	movwf	(??___flge+1)& (0+255),c
   899  00031A  0E80               	movlw	128
   900  00031C  1411               	andwf	___flge@ff1+2,w,c
   901  00031E  6E19               	movwf	(??___flge+2)& (0+255),c
   902  000320  0E7F               	movlw	127
   903  000322  1412               	andwf	___flge@ff1+3,w,c
   904  000324  6E1A               	movwf	(??___flge+3)& (0+255),c
   905  000326  5017               	movf	??___flge,w,c
   906  000328  1018               	iorwf	??___flge+1,w,c
   907  00032A  1019               	iorwf	??___flge+2,w,c
   908  00032C  101A               	iorwf	??___flge+3,w,c
   909  00032E  A4D8               	btfss	status,2,c
   910  000330  D008               	goto	i2l865
   911  000332  0E00               	movlw	0
   912  000334  6E0F               	movwf	___flge@ff1,c
   913  000336  0E00               	movlw	0
   914  000338  6E10               	movwf	___flge@ff1+1,c
   915  00033A  0E00               	movlw	0
   916  00033C  6E11               	movwf	___flge@ff1+2,c
   917  00033E  0E00               	movlw	0
   918  000340  6E12               	movwf	___flge@ff1+3,c
   919  000342                     i2l865:
   920  000342  0E00               	movlw	0
   921  000344  1413               	andwf	___flge@ff2,w,c
   922  000346  6E17               	movwf	??___flge& (0+255),c
   923  000348  0E00               	movlw	0
   924  00034A  1414               	andwf	___flge@ff2+1,w,c
   925  00034C  6E18               	movwf	(??___flge+1)& (0+255),c
   926  00034E  0E80               	movlw	128
   927  000350  1415               	andwf	___flge@ff2+2,w,c
   928  000352  6E19               	movwf	(??___flge+2)& (0+255),c
   929  000354  0E7F               	movlw	127
   930  000356  1416               	andwf	___flge@ff2+3,w,c
   931  000358  6E1A               	movwf	(??___flge+3)& (0+255),c
   932  00035A  5017               	movf	??___flge,w,c
   933  00035C  1018               	iorwf	??___flge+1,w,c
   934  00035E  1019               	iorwf	??___flge+2,w,c
   935  000360  101A               	iorwf	??___flge+3,w,c
   936  000362  A4D8               	btfss	status,2,c
   937  000364  D008               	goto	i2l869
   938  000366  0E00               	movlw	0
   939  000368  6E13               	movwf	___flge@ff2,c
   940  00036A  0E00               	movlw	0
   941  00036C  6E14               	movwf	___flge@ff2+1,c
   942  00036E  0E00               	movlw	0
   943  000370  6E15               	movwf	___flge@ff2+2,c
   944  000372  0E00               	movlw	0
   945  000374  6E16               	movwf	___flge@ff2+3,c
   946  000376                     i2l869:
   947  000376  AE12               	btfss	___flge@ff1+3,7,c
   948  000378  D009               	goto	i2l873
   949  00037A  6C0F               	negf	___flge@ff1,c
   950  00037C  1E10               	comf	___flge@ff1+1,f,c
   951  00037E  B0D8               	btfsc	status,0,c
   952  000380  2A10               	incf	___flge@ff1+1,f,c
   953  000382  1E11               	comf	___flge@ff1+2,f,c
   954  000384  B0D8               	btfsc	status,0,c
   955  000386  2A11               	incf	___flge@ff1+2,f,c
   956  000388  0E80               	movlw	128
   957  00038A  5612               	subfwb	___flge@ff1+3,f,c
   958  00038C                     i2l873:
   959  00038C  AE16               	btfss	___flge@ff2+3,7,c
   960  00038E  D009               	goto	i2l347
   961  000390  6C13               	negf	___flge@ff2,c
   962  000392  1E14               	comf	___flge@ff2+1,f,c
   963  000394  B0D8               	btfsc	status,0,c
   964  000396  2A14               	incf	___flge@ff2+1,f,c
   965  000398  1E15               	comf	___flge@ff2+2,f,c
   966  00039A  B0D8               	btfsc	status,0,c
   967  00039C  2A15               	incf	___flge@ff2+2,f,c
   968  00039E  0E80               	movlw	128
   969  0003A0  5616               	subfwb	___flge@ff2+3,f,c
   970  0003A2                     i2l347:
   971  0003A2  0E00               	movlw	0
   972  0003A4  1A0F               	xorwf	___flge@ff1,f,c
   973  0003A6  0E00               	movlw	0
   974  0003A8  1A10               	xorwf	___flge@ff1+1,f,c
   975  0003AA  0E00               	movlw	0
   976  0003AC  1A11               	xorwf	___flge@ff1+2,f,c
   977  0003AE  0E80               	movlw	128
   978  0003B0  1A12               	xorwf	___flge@ff1+3,f,c
   979  0003B2  0E00               	movlw	0
   980  0003B4  1A13               	xorwf	___flge@ff2,f,c
   981  0003B6  0E00               	movlw	0
   982  0003B8  1A14               	xorwf	___flge@ff2+1,f,c
   983  0003BA  0E00               	movlw	0
   984  0003BC  1A15               	xorwf	___flge@ff2+2,f,c
   985  0003BE  0E80               	movlw	128
   986  0003C0  1A16               	xorwf	___flge@ff2+3,f,c
   987  0003C2  5013               	movf	___flge@ff2,w,c
   988  0003C4  5C0F               	subwf	___flge@ff1,w,c
   989  0003C6  5014               	movf	___flge@ff2+1,w,c
   990  0003C8  5810               	subwfb	___flge@ff1+1,w,c
   991  0003CA  5015               	movf	___flge@ff2+2,w,c
   992  0003CC  5811               	subwfb	___flge@ff1+2,w,c
   993  0003CE  5016               	movf	___flge@ff2+3,w,c
   994  0003D0  5812               	subwfb	___flge@ff1+3,w,c
   995  0003D2  B0D8               	btfsc	status,0,c
   996  0003D4  D002               	goto	i2l879
   997  0003D6  90D8               	bcf	status,0,c
   998  0003D8  0012               	return	
   999  0003DA                     i2l879:
  1000  0003DA  80D8               	bsf	status,0,c
  1001  0003DC  0012               	return		;funcret
  1002  0003DE                     __end_of___flge:
  1003                           	opt callstack 0
  1004                           
  1005 ;; *************** function _ADCC_GetConversionResult *****************
  1006 ;; Defined at:
  1007 ;;		line 33 in file "LED_Voltmeter.c"
  1008 ;; Parameters:    Size  Location     Type
  1009 ;;		None
  1010 ;; Auto vars:     Size  Location     Type
  1011 ;;		None
  1012 ;; Return value:  Size  Location     Type
  1013 ;;                  2    0[COMRAM] unsigned short 
  1014 ;; Registers used:
  1015 ;;		wreg, status,2, status,0
  1016 ;; Tracked objects:
  1017 ;;		On entry : 0/0
  1018 ;;		On exit  : 0/0
  1019 ;;		Unchanged: 0/0
  1020 ;; Data sizes:     COMRAM   BANK0   BANK1   BANK2   BANK3   BANK4   BANK5   BANK6   BANK7   BANK8   BANK9  BANK10  BANK1
      +1  BANK12  BANK13  BANK14  BANK15
  1021 ;;      Params:         2       0       0       0       0       0       0       0       0       0       0       0       
      +0       0       0       0       0
  1022 ;;      Locals:         0       0       0       0       0       0       0       0       0       0       0       0       
      +0       0       0       0       0
  1023 ;;      Temps:          2       0       0       0       0       0       0       0       0       0       0       0       
      +0       0       0       0       0
  1024 ;;      Totals:         4       0       0       0       0       0       0       0       0       0       0       0       
      +0       0       0       0       0
  1025 ;;Total ram usage:        4 bytes
  1026 ;; Hardware stack levels used:    1
  1027 ;; This function calls:
  1028 ;;		Nothing
  1029 ;; This function is called by:
  1030 ;;		_InterruptManager
  1031 ;; This function uses a non-reentrant model
  1032 ;;
  1033                           
  1034                           	psect	text7
  1035  00042A                     __ptext7:
  1036                           	opt callstack 0
  1037  00042A                     _ADCC_GetConversionResult:
  1038                           	opt callstack 28
  1039                           
  1040                           ;LED_Voltmeter.c: 36:     return ((adc_result_t)((ADRESH << 8) + ADRESL));
  1041                           
  1042                           ;incstack = 0
  1043  00042A  013E               	movlb	62	; () banked
  1044  00042C  51F0               	movf	240,w,b	;volatile
  1045  00042E  6E04               	movwf	(??_ADCC_GetConversionResult+1)& (0+255),c
  1046  000430  6A03               	clrf	??_ADCC_GetConversionResult& (0+255),c
  1047  000432  51EF               	movf	239,w,b	;volatile
  1048  000434  2403               	addwf	??_ADCC_GetConversionResult,w,c
  1049  000436  6E01               	movwf	?_ADCC_GetConversionResult,c
  1050  000438  0E00               	movlw	0
  1051  00043A  2004               	addwfc	??_ADCC_GetConversionResult+1,w,c
  1052  00043C  6E02               	movwf	?_ADCC_GetConversionResult+1,c
  1053                           
  1054                           ; BSR set to: 62
  1055  00043E  0012               	return		;funcret
  1056  000440                     __end_of_ADCC_GetConversionResult:
  1057                           	opt callstack 0
  1058                           
  1059                           ;
  1060                           ; Interrupt Vector Table @ 0x8
  1061                           ;
  1062                           
  1063                           	psect	ivt0x8
  1064  000008                     __pivt0x8:
  1065                           	opt callstack 0
  1066  000008                     ivt0x8_base:
  1067                           	opt callstack 0
  1068                           
  1069                           ; high-priority vector
  1070  000008  EF0F  F000         	goto	_InterruptManager
  1071  000018                     	org	16
  1072                           
  1073                           ; low-priority vector
  1074  000018  00FF               	reset	
  1075  0000                     
  1076                           	psect	rparam
  1077  0000                     tosu	equ	0x3FFF
  1078                           tosh	equ	0x3FFE
  1079                           tosl	equ	0x3FFD
  1080                           stkptr	equ	0x3FFC
  1081                           pclatu	equ	0x3FFB
  1082                           pclath	equ	0x3FFA
  1083                           pcl	equ	0x3FF9
  1084                           tblptru	equ	0x3FF8
  1085                           tblptrh	equ	0x3FF7
  1086                           tblptrl	equ	0x3FF6
  1087                           tablat	equ	0x3FF5
  1088                           prodh	equ	0x3FF4
  1089                           prodl	equ	0x3FF3
  1090                           indf0	equ	0x3FEF
  1091                           postinc0	equ	0x3FEE
  1092                           postdec0	equ	0x3FED
  1093                           preinc0	equ	0x3FEC
  1094                           plusw0	equ	0x3FEB
  1095                           fsr0h	equ	0x3FEA
  1096                           fsr0l	equ	0x3FE9
  1097                           wreg	equ	0x3FE8
  1098                           indf1	equ	0x3FE7
  1099                           postinc1	equ	0x3FE6
  1100                           postdec1	equ	0x3FE5
  1101                           preinc1	equ	0x3FE4
  1102                           plusw1	equ	0x3FE3
  1103                           fsr1h	equ	0x3FE2
  1104                           fsr1l	equ	0x3FE1
  1105                           bsr	equ	0x3FE0
  1106                           indf2	equ	0x3FDF
  1107                           postinc2	equ	0x3FDE
  1108                           postdec2	equ	0x3FDD
  1109                           preinc2	equ	0x3FDC
  1110                           plusw2	equ	0x3FDB
  1111                           fsr2h	equ	0x3FDA
  1112                           fsr2l	equ	0x3FD9
  1113                           status	equ	0x3FD8


Data Sizes:
    Strings     0
    Constant    0
    Data        0
    BSS         0
    Persistent  0
    Stack       0

Auto Spaces:
    Space          Size  Autos    Used
    COMRAM           95     29      29
    BANK0           160      0       0
    BANK1           256      0       0
    BANK2           256      0       0
    BANK3           256      0       0
    BANK4           256      0       0
    BANK5           256      0       0
    BANK6           256      0       0
    BANK7           256      0       0
    BANK8           256      0       0
    BANK9           256      0       0
    BANK10          256      0       0
    BANK11          256      0       0
    BANK12          256      0       0
    BANK13          256      0       0
    BANK14          256      0       0
    BANK15          256      0       0

Pointer List with Targets:

    None.

Critical Paths under _main in COMRAM

    None.

Critical Paths under _InterruptManager in COMRAM

    _InterruptManager->___flge
    ___flge->___xxtofl

Critical Paths under _main in BANK0

    None.

Critical Paths under _InterruptManager in BANK0

    None.

Critical Paths under _main in BANK1

    None.

Critical Paths under _InterruptManager in BANK1

    None.

Critical Paths under _main in BANK2

    None.

Critical Paths under _InterruptManager in BANK2

    None.

Critical Paths under _main in BANK3

    None.

Critical Paths under _InterruptManager in BANK3

    None.

Critical Paths under _main in BANK4

    None.

Critical Paths under _InterruptManager in BANK4

    None.

Critical Paths under _main in BANK5

    None.

Critical Paths under _InterruptManager in BANK5

    None.

Critical Paths under _main in BANK6

    None.

Critical Paths under _InterruptManager in BANK6

    None.

Critical Paths under _main in BANK7

    None.

Critical Paths under _InterruptManager in BANK7

    None.

Critical Paths under _main in BANK8

    None.

Critical Paths under _InterruptManager in BANK8

    None.

Critical Paths under _main in BANK9

    None.

Critical Paths under _InterruptManager in BANK9

    None.

Critical Paths under _main in BANK10

    None.

Critical Paths under _InterruptManager in BANK10

    None.

Critical Paths under _main in BANK11

    None.

Critical Paths under _InterruptManager in BANK11

    None.

Critical Paths under _main in BANK12

    None.

Critical Paths under _InterruptManager in BANK12

    None.

Critical Paths under _main in BANK13

    None.

Critical Paths under _InterruptManager in BANK13

    None.

Critical Paths under _main in BANK14

    None.

Critical Paths under _InterruptManager in BANK14

    None.

Critical Paths under _main in BANK15

    None.

Critical Paths under _InterruptManager in BANK15

    None.

Call Graph Tables:

 ---------------------------------------------------------------------------------
 (Depth) Function   	        Calls       Base Space   Used Autos Params    Refs
 ---------------------------------------------------------------------------------
 (0) _main                                                 0     0      0       0
                    _ADCC_Initialize
                    _TMR6_Initialize
                        _pin_manager
 ---------------------------------------------------------------------------------
 (1) _pin_manager                                          0     0      0       0
 ---------------------------------------------------------------------------------
 (1) _TMR6_Initialize                                      0     0      0       0
 ---------------------------------------------------------------------------------
 (1) _ADCC_Initialize                                      0     0      0       0
 ---------------------------------------------------------------------------------
 Estimated maximum stack depth 1
 ---------------------------------------------------------------------------------
 (Depth) Function   	        Calls       Base Space   Used Autos Params    Refs
 ---------------------------------------------------------------------------------
 (2) _InterruptManager                                     3     3      0    1505
                                             26 COMRAM     3     3      0
           _ADCC_GetConversionResult
                             ___flge
                           ___xxtofl
 ---------------------------------------------------------------------------------
 (3) ___xxtofl                                            14    10      4     626
                                              0 COMRAM    14    10      4
 ---------------------------------------------------------------------------------
 (3) ___flge                                              12     4      8     790
                                             14 COMRAM    12     4      8
                           ___xxtofl (ARG)
 ---------------------------------------------------------------------------------
 (3) _ADCC_GetConversionResult                             4     2      2       0
                                              0 COMRAM     4     2      2
 ---------------------------------------------------------------------------------
 Estimated maximum stack depth 3
 ---------------------------------------------------------------------------------

 Call Graph Graphs:

 _main (ROOT)
   _ADCC_Initialize
   _TMR6_Initialize
   _pin_manager

 _InterruptManager (ROOT)
   _ADCC_GetConversionResult
   ___flge
     ___xxtofl (ARG)
   ___xxtofl

 Address spaces:
Name               Size   Autos  Total    Cost      Usage
BITCOMRAM           5F      0       0       0        0.0%
EEDATA             400      0       0       0        0.0%
NULL                 0      0       0       0        0.0%
CODE                 0      0       0       0        0.0%
COMRAM              5F     1D      1D       1       30.5%
STACK                0      0       0       2        0.0%
DATA                 0      0       0       3        0.0%
BITBANK0            A0      0       0       4        0.0%
BANK0               A0      0       0       5        0.0%
BITBANK1           100      0       0       6        0.0%
BANK1              100      0       0       7        0.0%
BITBANK2           100      0       0       8        0.0%
BANK2              100      0       0       9        0.0%
BITBANK3           100      0       0      10        0.0%
BANK3              100      0       0      11        0.0%
BITBANK4           100      0       0      12        0.0%
BANK4              100      0       0      13        0.0%
BITBANK5           100      0       0      14        0.0%
BANK5              100      0       0      15        0.0%
BITBANK6           100      0       0      16        0.0%
BANK6              100      0       0      17        0.0%
BITBANK7           100      0       0      18        0.0%
BANK7              100      0       0      19        0.0%
BITBANK8           100      0       0      20        0.0%
BANK8              100      0       0      21        0.0%
BITBANK9           100      0       0      22        0.0%
BANK9              100      0       0      23        0.0%
BANK10             100      0       0      24        0.0%
BANK11             100      0       0      25        0.0%
BANK12             100      0       0      26        0.0%
BANK13             100      0       0      27        0.0%
BITBANK14          100      0       0      28        0.0%
BANK14             100      0       0      29        0.0%
BITBANK15          100      0       0      30        0.0%
BANK15             100      0       0      31        0.0%
ABS                  0      0       0      32        0.0%
BITBANK10          100      0       0      33        0.0%
BITBANK11          100      0       0      34        0.0%
BITBANK12          100      0       0      35        0.0%
BITBANK13          100      0       0      36        0.0%
BIGRAM             FFF      0       0      37        0.0%
BITSFR_8             0      0       0     200        0.0%
SFR_8                0      0       0     200        0.0%
BITSFR_7             0      0       0     200        0.0%
SFR_7                0      0       0     200        0.0%
BITSFR_6             0      0       0     200        0.0%
SFR_6                0      0       0     200        0.0%
BITSFR_5             0      0       0     200        0.0%
SFR_5                0      0       0     200        0.0%
BITSFR_4             0      0       0     200        0.0%
SFR_4                0      0       0     200        0.0%
BITSFR_3             0      0       0     200        0.0%
SFR_3                0      0       0     200        0.0%
BITSFR_2             0      0       0     200        0.0%
SFR_2                0      0       0     200        0.0%
BITSFR_1             0      0       0     200        0.0%
SFR_1                0      0       0     200        0.0%
BITSFR               0      0       0     200        0.0%
SFR                  0      0       0     200        0.0%


Microchip Technology PIC18 Macro Assembler V2.05 build -831301201 
Symbol Table                                                                                   Mon Jul 22 07:50:54 2019

               ??_InterruptManager 001B                        __CFG_CP$OFF 000000  
                               l76 0452                        __CFG_LVP$ON 000000  
                    __CFG_BBEN$OFF 000000                       __CFG_ZCD$OFF 000000  
                             _T6PR 003F93                               _main 0440  
                             start 001A                      __CFG_CSWEN$ON 000000  
                     ___param_bank 000000                              _ADACT 003EFE  
                            ?_main 0001                              _ADCLK 003EFF  
                            _ADPCH 003EF1                              _ADREF 003EFD  
                    __CFG_WDTE$OFF 000000                              _T6CON 003F94  
                   __CFG_DEBUG$OFF 000000                              _T6HLT 003F95  
                            i2l347 03A2                              _T6TMR 003F92  
                            _T6RST 003F97                              i2l901 0266  
                            i2l744 027E                              i2l737 01F8  
                            i2l907 02A4                              i2l925 02F4  
                            i2l909 02B0                              i2l873 038C  
                            i2l865 0342                              i2l869 0376  
                            i2l879 03DA                              i2l895 022E  
                            i2l897 0234                              i2l889 0210  
                            i2l899 0240                              _TRISB 003FC3  
                   __CFG_FCMEN$OFF 000000                      __CFG_WRTB$OFF 000000  
                    __CFG_WRTC$OFF 000000                      __CFG_WRTD$OFF 000000  
               __CFG_MCLRE$EXTMCLR 000000                              status 003FD8  
                  __initialization 0454                       __end_of_main 0454  
                   __CFG_SAFEN$OFF 000000                             ??_main 001E  
                   __CFG_PR1WAY$ON 000000                       ?_pin_manager 0001  
                    __activetblptr 000000                    _TMR6_Initialize 0408  
                           _ADACQH 003EF4                             _ADACQL 003EF3  
                           _ADCON0 003EF8                             _ADRESH 003EF0  
                           _ADRESL 003EEF                             _ADPREL 003EF6  
                           _ANSELB 003A50                     __CFG_WDTCCS$SC 000000  
               __CFG_RSTOSC$EXTOSC 000000                   __end_of___xxtofl 030E  
       ??_ADCC_GetConversionResult 0003                     __CFG_XINST$OFF 000000  
                           ___flge 030E                     __CFG_STVREN$ON 000000  
                  _ADCC_Initialize 03DE                         ___flge@ff1 000F  
                       ___flge@ff2 0013                       ___xxtofl@arg 000B  
                     ___xxtofl@exp 000A                       ___xxtofl@val 0001  
                       __accesstop 0060            __end_of__initialization 0460  
                  __CFG_FEXTOSC$HS 000000                      ___rparam_used 000001  
                   __pcstackCOMRAM 0001            __end_of_TMR6_Initialize 042A  
        __size_of_InterruptManager 018C                    __CFG_IVT1WAY$ON 000000  
                  __CFG_MVECEN$OFF 000000                            IVTBASEH 003FD6  
                          IVTBASEL 003FD5                            IVTBASEU 003FD7  
                          ?___flge 000F                    __CFG_PPS1WAY$ON 000000  
          __end_of_ADCC_Initialize 0408                __CFG_PWRTS$PWRT_OFF 000000  
                        ?___xxtofl 0001               __size_of_pin_manager 0010  
                          i2u50_48 0194                            i2u43_40 0084  
                          i2u37_40 02BA                            i2u45_40 00DC  
                          i2u44_48 0086                            i2u47_40 0136  
                          i2u46_48 00DE                            i2u49_40 0192  
                          i2u48_48 0138                            __Hparam 0000  
                          __Lparam 0000                    __size_of___flge 00D0  
                          __pcinit 0454                   ?_TMR6_Initialize 0001  
                          __ramtop 1000                            __ptext0 0440  
                          __ptext1 0466                            __ptext2 0408  
                          __ptext3 03DE                            __ptext4 001E  
                          __ptext5 01AA                            __ptext6 030E  
                          __ptext7 042A                    __CFG_WRTAPP$OFF 000000  
                       ??___xxtofl 0005                    __CFG_WRTSAF$OFF 000000  
                        _T6CLKbits 003F96               end_of_initialization 0460  
            InterruptManager@adval 001C                   ?_ADCC_Initialize 0001  
            __CFG_WDTCPS$WDTCPS_31 000000                   _InterruptManager 001E  
                    ___xxtofl@sign 0009                          _TRISAbits 003FC2  
                   __end_of___flge 03DE  __size_of_ADCC_GetConversionResult 0016  
        ?_ADCC_GetConversionResult 0001                start_initialization 0454  
                       ivt0x8_base 0008                   __CFG_LPBOREN$OFF 000000  
                         ??___flge 0017                  __size_of___xxtofl 0164  
                    ??_pin_manager 001E             __CFG_BBSIZE$BBSIZE_512 000000  
                         _LATBbits 003FBB           __end_of_InterruptManager 01AA  
                         _PIE1bits 003991                __CFG_BORV$VBOR_2P45 000000  
                         _PIR1bits 0039A1                           _PIR9bits 0039A9  
                       _ADCON0bits 003EF8           __size_of_TMR6_Initialize 0022  
              __end_of_pin_manager 0476                        _INTCON0bits 003FD2  
                         __Hrparam 0000   __end_of_ADCC_GetConversionResult 0440  
                         __Lrparam 0000                 __CFG_BOREN$SBORDIS 000000  
                       _ANSELAbits 003A40                           ___xxtofl 01AA  
         __size_of_ADCC_Initialize 002A                           __pivt0x8 0008  
                    __size_of_main 0014               __CFG_WDTCWS$WDTCWS_7 000000  
                      _pin_manager 0466                           intlevel2 0000  
                ??_TMR6_Initialize 001E                  __CFG_CLKOUTEN$OFF 000000  
         _ADCC_GetConversionResult 042A                  ??_ADCC_Initialize 001E  
                ?_InterruptManager 0001  
