

Microchip MPLAB XC8 Assembler V2.05 build -831301201 
                                                                                               Mon Jul 22 07:59:57 2019

Microchip MPLAB XC8 C Compiler v2.05 (Free license) build 20181220022703 Og1 
     1                           	processor	18F46K42
     2                           	fnconf	rparam,??,?,0
     3                           	opt	pw 120
     4                           	opt	flic
     5                           	psect	idataCOMRAM,global,class=CODE,delta=1,noexec
     6                           	psect	cinit,global,reloc=2,class=CODE,delta=1
     7                           	psect	dataCOMRAM,global,class=COMRAM,space=1,delta=1,noexec
     8                           	psect	cstackCOMRAM,global,class=COMRAM,space=1,delta=1,noexec
     9                           	psect	text0,global,reloc=2,class=CODE,delta=1
    10                           	psect	intsave_regs,global,class=BIGRAM,space=1,delta=1,noexec
    11                           	psect	rparam,global,class=COMRAM,space=1,delta=1,noexec
    12  0000                     
    13                           ; Version 2.05
    14                           ; Generated 20/12/2018 GMT
    15                           ; 
    16                           ; Copyright © 2018, Microchip Technology Inc. and its subsidiaries ("Microchip")
    17                           ; All rights reserved.
    18                           ; 
    19                           ; This software is developed by Microchip Technology Inc. and its subsidiaries ("Microch
      +                          ip").
    20                           ; 
    21                           ; Redistribution and use in source and binary forms, with or without modification, are
    22                           ; permitted provided that the following conditions are met:
    23                           ; 
    24                           ;     1. Redistributions of source code must retain the above copyright notice, this lis
      +                          t of
    25                           ;        conditions and the following disclaimer.
    26                           ; 
    27                           ;     2. Redistributions in binary form must reproduce the above copyright notice, this 
      +                          list
    28                           ;        of conditions and the following disclaimer in the documentation and/or other
    29                           ;        materials provided with the distribution.
    30                           ; 
    31                           ;     3. Microchip's name may not be used to endorse or promote products derived from th
      +                          is
    32                           ;        software without specific prior written permission.
    33                           ; 
    34                           ; THIS SOFTWARE IS PROVIDED BY MICROCHIP "AS IS" AND ANY EXPRESS OR IMPLIED WARRANTIES,
    35                           ; INCLUDING, BUT NOT LIMITED TO, THE IMPLIED WARRANTIES OF MERCHANTABILITY AND FITNESS F
      +                          OR
    36                           ; PURPOSE ARE DISCLAIMED.  IN NO EVENT SHALL MICROCHIP BE LIABLE FOR ANY DIRECT, INDIREC
      +                          T,
    37                           ; INCIDENTAL, SPECIAL, EXEMPLARY, OR CONSEQUENTIAL DAMAGES (INCLUDING BUT NOT LIMITED TO
    38                           ; PROCUREMENT OF SUBSTITUTE GOODS OR SERVICES; LOSS OF USE, DATA OR PROFITS; OR BUSINESS
    39                           ; INTERRUPTION) HOWSOEVER CAUSED AND ON ANY THEORY OF LIABILITY, WHETHER IN CONTRACT, ST
      +                          RICT
    40                           ; LIABILITY, OR TORT (INCLUDING NEGLIGENCE OR OTHERWISE) ARISING IN ANY WAY OUT OF THE U
      +                          SE OF
    41                           ; THIS SOFTWARE, EVEN IF ADVISED OF THE POSSIBILITY OF SUCH DAMAGE.
    42                           ; 
    43                           ; 
    44                           ; Code-generator required, PIC18F46K42 Definitions
    45                           ; 
    46                           ; SFR Addresses
    47  0000                     
    48                           	psect	idataCOMRAM
    49  00FF64                     __pidataCOMRAM:
    50                           	opt callstack 0
    51                           
    52                           ;initializer for main@F15995
    53  00FF64  00                 	db	0
    54  00FF65  01                 	db	1
    55  00FF66  02                 	db	2
    56  00FF67  03                 	db	3
    57  00FF68  04                 	db	4
    58  00FF69  05                 	db	5
    59  00FF6A  06                 	db	6
    60  00FF6B  07                 	db	7
    61  00FF6C  08                 	db	8
    62  00FF6D  09                 	db	9
    63  00FF6E  0A                 	db	10
    64  00FF6F  0B                 	db	11
    65  00FF70  0C                 	db	12
    66  00FF71  0D                 	db	13
    67  00FF72  0E                 	db	14
    68  00FF73  0F                 	db	15
    69  0000                     _ANSELB	set	14928
    70  0000                     _PORTB	set	16331
    71  0000                     _TRISB	set	16323
    72                           
    73                           ; #config settings
    74  0000                     
    75                           	psect	cinit
    76  00FF74                     __pcinit:
    77                           	opt callstack 0
    78  00FF74                     start_initialization:
    79                           	opt callstack 0
    80  00FF74                     __initialization:
    81                           	opt callstack 0
    82                           
    83                           ; Initialize objects allocated to COMRAM (16 bytes)
    84                           ; load TBLPTR registers with __pidataCOMRAM
    85  00FF74  0E64               	movlw	low __pidataCOMRAM
    86  00FF76  6EF6               	movwf	tblptrl,c
    87  00FF78  0EFF               	movlw	high __pidataCOMRAM
    88  00FF7A  6EF7               	movwf	tblptrh,c
    89  00FF7C  0E00               	movlw	low (__pidataCOMRAM shr (0+16))
    90  00FF7E  6EF8               	movwf	tblptru,c
    91  00FF80  EE00  F015         	lfsr	0,__pdataCOMRAM
    92  00FF84  EE10 F010          	lfsr	1,16
    93  00FF88                     copy_data0:
    94  00FF88  0009               	tblrd		*+
    95  00FF8A  006F FFD7 FFEE     	movff	tablat,postinc0
    96  00FF90  50E5               	movf	postdec1,w,c
    97  00FF92  50E1               	movf	fsr1l,w,c
    98  00FF94  E1F9               	bnz	copy_data0
    99  00FF96                     end_of_initialization:
   100                           	opt callstack 0
   101  00FF96                     __end_of__initialization:
   102                           	opt callstack 0
   103  00FF96  0100               	movlb	0
   104  00FF98  EFCE  F07F         	goto	_main	;jump to C main() function
   105                           
   106                           	psect	dataCOMRAM
   107  000015                     __pdataCOMRAM:
   108                           	opt callstack 0
   109  000015                     main@F15995:
   110                           	opt callstack 0
   111  000015                     	ds	16
   112                           
   113                           	psect	cstackCOMRAM
   114  000001                     __pcstackCOMRAM:
   115                           	opt callstack 0
   116  000001                     ??_main:
   117                           
   118                           ; 1 bytes @ 0x0
   119  000001                     	ds	2
   120  000003                     main@COUNTER:
   121                           	opt callstack 0
   122                           
   123                           ; 16 bytes @ 0x2
   124  000003                     	ds	16
   125  000013                     main@Pattern:
   126                           	opt callstack 0
   127                           
   128                           ; 1 bytes @ 0x12
   129  000013                     	ds	1
   130  000014                     main@num:
   131                           	opt callstack 0
   132                           
   133                           ; 1 bytes @ 0x13
   134  000014                     	ds	1
   135                           
   136 ;;
   137 ;;Main: autosize = 0, tempsize = 2, incstack = 0, save=0
   138 ;;
   139 ;; *************** function _main *****************
   140 ;; Defined at:
   141 ;;		line 18 in file "Binary_CounterLED.c"
   142 ;; Parameters:    Size  Location     Type
   143 ;;		None
   144 ;; Auto vars:     Size  Location     Type
   145 ;;  COUNTER        16    2[COMRAM] unsigned char [16]
   146 ;;  num             1   19[COMRAM] unsigned char 
   147 ;;  Pattern         1   18[COMRAM] unsigned char 
   148 ;; Return value:  Size  Location     Type
   149 ;;                  1    wreg      void 
   150 ;; Registers used:
   151 ;;		wreg, fsr1l, fsr1h, fsr2l, fsr2h, status,2, status,0
   152 ;; Tracked objects:
   153 ;;		On entry : 0/0
   154 ;;		On exit  : 0/0
   155 ;;		Unchanged: 0/0
   156 ;; Data sizes:     COMRAM   BANK0   BANK1   BANK2   BANK3   BANK4   BANK5   BANK6   BANK7   BANK8   BANK9  BANK10  BANK1
      +1  BANK12  BANK13  BANK14  BANK15
   157 ;;      Params:         0       0       0       0       0       0       0       0       0       0       0       0       
      +0       0       0       0       0
   158 ;;      Locals:        18       0       0       0       0       0       0       0       0       0       0       0       
      +0       0       0       0       0
   159 ;;      Temps:          2       0       0       0       0       0       0       0       0       0       0       0       
      +0       0       0       0       0
   160 ;;      Totals:        20       0       0       0       0       0       0       0       0       0       0       0       
      +0       0       0       0       0
   161 ;;Total ram usage:       20 bytes
   162 ;; This function calls:
   163 ;;		Nothing
   164 ;; This function is called by:
   165 ;;		Startup code after reset
   166 ;; This function uses a non-reentrant model
   167 ;;
   168                           
   169                           	psect	text0
   170  00FF9C                     __ptext0:
   171                           	opt callstack 0
   172  00FF9C                     _main:
   173                           	opt callstack 31
   174                           
   175                           ;Binary_CounterLED.c: 19:     unsigned char num = 1;
   176                           
   177                           ;incstack = 0
   178  00FF9C  0E01               	movlw	1
   179  00FF9E  6E14               	movwf	main@num,c
   180                           
   181                           ;Binary_CounterLED.c: 20:     unsigned char Pattern;;Binary_CounterLED.c: 21:     unsign
      +                          ed char COUNTER[]={0,1,2,3,4,5,6,7,8,9,10,11,12,13,14,15};
   182  00FFA0  EE20  F015         	lfsr	2,main@F15995
   183  00FFA4  EE10  F003         	lfsr	1,main@COUNTER
   184  00FFA8  0E0F               	movlw	15
   185  00FFAA                     u11:
   186  00FFAA  006F FF6F FFE3     	movff	plusw2,plusw1
   187  00FFB0  06E8               	decf	wreg,f,c
   188  00FFB2  E2FB               	bc	u11
   189                           
   190                           ;Binary_CounterLED.c: 23:     ANSELB = 0xF0;
   191  00FFB4  0EF0               	movlw	240
   192  00FFB6  013A               	movlb	58	; () banked
   193  00FFB8  6F50               	movwf	80,b	;volatile
   194                           
   195                           ; BSR set to: 58
   196                           ;Binary_CounterLED.c: 24:     TRISB = 0xF0;
   197  00FFBA  0EF0               	movlw	240
   198  00FFBC  6EC3               	movwf	16323,c	;volatile
   199  00FFBE                     l703:
   200                           
   201                           ;Binary_CounterLED.c: 28:           {;Binary_CounterLED.c: 29:               Pattern = C
      +                          OUNTER[num];
   202  00FFBE  0E03               	movlw	low main@COUNTER
   203  00FFC0  2414               	addwf	main@num,w,c
   204  00FFC2  6ED9               	movwf	fsr2l,c
   205  00FFC4  6ADA               	clrf	fsr2h,c
   206  00FFC6  0E00               	movlw	high main@COUNTER
   207  00FFC8  22DA               	addwfc	fsr2h,f,c
   208  00FFCA  50DF               	movf	indf2,w,c
   209  00FFCC  6E13               	movwf	main@Pattern,c
   210                           
   211                           ;Binary_CounterLED.c: 30:               PORTB = Pattern;
   212  00FFCE  0060  F04F  FFCB   	movff	main@Pattern,16331	;volatile
   213                           
   214                           ;Binary_CounterLED.c: 31:               _delay((unsigned long)((500)*(8000000/4000.0)));
   215  00FFD4  0E06               	movlw	6
   216  00FFD6  6E02               	movwf	(??_main+1)& (0+255),c
   217  00FFD8  0E13               	movlw	19
   218  00FFDA  6E01               	movwf	??_main& (0+255),c
   219  00FFDC  0EAE               	movlw	174
   220  00FFDE                     u37:
   221  00FFDE  2EE8               	decfsz	wreg,f,c
   222  00FFE0  D7FE               	bra	u37
   223  00FFE2  2E01               	decfsz	??_main& (0+255),f,c
   224  00FFE4  D7FC               	bra	u37
   225  00FFE6  2E02               	decfsz	(??_main+1)& (0+255),f,c
   226  00FFE8  D7FA               	bra	u37
   227                           
   228                           ;Binary_CounterLED.c: 32:               if(num ==16) num = 1;
   229  00FFEA  0E10               	movlw	16
   230  00FFEC  1814               	xorwf	main@num,w,c
   231  00FFEE  A4D8               	btfss	status,2,c
   232  00FFF0  D003               	goto	l713
   233  00FFF2  0E01               	movlw	1
   234  00FFF4  6E14               	movwf	main@num,c
   235  00FFF6  D7E3               	goto	l703
   236  00FFF8                     l713:
   237  00FFF8  2A14               	incf	main@num,f,c
   238  00FFFA  D7E1               	goto	l703
   239  00FFFC                     __end_of_main:
   240                           	opt callstack 0
   241  0000                     
   242                           	psect	rparam
   243  0000                     tosu	equ	0x3FFF
   244                           tosh	equ	0x3FFE
   245                           tosl	equ	0x3FFD
   246                           stkptr	equ	0x3FFC
   247                           pclatu	equ	0x3FFB
   248                           pclath	equ	0x3FFA
   249                           pcl	equ	0x3FF9
   250                           tblptru	equ	0x3FF8
   251                           tblptrh	equ	0x3FF7
   252                           tblptrl	equ	0x3FF6
   253                           tablat	equ	0x3FF5
   254                           prodh	equ	0x3FF4
   255                           prodl	equ	0x3FF3
   256                           indf0	equ	0x3FEF
   257                           postinc0	equ	0x3FEE
   258                           postdec0	equ	0x3FED
   259                           preinc0	equ	0x3FEC
   260                           plusw0	equ	0x3FEB
   261                           fsr0h	equ	0x3FEA
   262                           fsr0l	equ	0x3FE9
   263                           wreg	equ	0x3FE8
   264                           indf1	equ	0x3FE7
   265                           postinc1	equ	0x3FE6
   266                           postdec1	equ	0x3FE5
   267                           preinc1	equ	0x3FE4
   268                           plusw1	equ	0x3FE3
   269                           fsr1h	equ	0x3FE2
   270                           fsr1l	equ	0x3FE1
   271                           bsr	equ	0x3FE0
   272                           indf2	equ	0x3FDF
   273                           postinc2	equ	0x3FDE
   274                           postdec2	equ	0x3FDD
   275                           preinc2	equ	0x3FDC
   276                           plusw2	equ	0x3FDB
   277                           fsr2h	equ	0x3FDA
   278                           fsr2l	equ	0x3FD9
   279                           status	equ	0x3FD8


Data Sizes:
    Strings     0
    Constant    0
    Data        16
    BSS         0
    Persistent  0
    Stack       0

Auto Spaces:
    Space          Size  Autos    Used
    COMRAM           95     20      36
    BANK0           160      0       0
    BANK1           256      0       0
    BANK2           256      0       0
    BANK3           256      0       0
    BANK4           256      0       0
    BANK5           256      0       0
    BANK6           256      0       0
    BANK7           256      0       0
    BANK8           256      0       0
    BANK9           256      0       0
    BANK10          256      0       0
    BANK11          256      0       0
    BANK12          256      0       0
    BANK13          256      0       0
    BANK14          256      0       0
    BANK15          256      0       0

Pointer List with Targets:

    None.

Critical Paths under _main in COMRAM

    None.

Critical Paths under _main in BANK0

    None.

Critical Paths under _main in BANK1

    None.

Critical Paths under _main in BANK2

    None.

Critical Paths under _main in BANK3

    None.

Critical Paths under _main in BANK4

    None.

Critical Paths under _main in BANK5

    None.

Critical Paths under _main in BANK6

    None.

Critical Paths under _main in BANK7

    None.

Critical Paths under _main in BANK8

    None.

Critical Paths under _main in BANK9

    None.

Critical Paths under _main in BANK10

    None.

Critical Paths under _main in BANK11

    None.

Critical Paths under _main in BANK12

    None.

Critical Paths under _main in BANK13

    None.

Critical Paths under _main in BANK14

    None.

Critical Paths under _main in BANK15

    None.

Call Graph Tables:

 ---------------------------------------------------------------------------------
 (Depth) Function   	        Calls       Base Space   Used Autos Params    Refs
 ---------------------------------------------------------------------------------
 (0) _main                                                20    20      0      60
                                              0 COMRAM    20    20      0
 ---------------------------------------------------------------------------------
 Estimated maximum stack depth 0
 ---------------------------------------------------------------------------------

 Call Graph Graphs:

 _main (ROOT)

 Address spaces:
Name               Size   Autos  Total    Cost      Usage
BIGRAM             FFF      0       0      37        0.0%
EEDATA             400      0       0       0        0.0%
BITBANK15          100      0       0      30        0.0%
BANK15             100      0       0      31        0.0%
BITBANK14          100      0       0      28        0.0%
BANK14             100      0       0      29        0.0%
BITBANK13          100      0       0      36        0.0%
BANK13             100      0       0      27        0.0%
BITBANK12          100      0       0      35        0.0%
BANK12             100      0       0      26        0.0%
BITBANK11          100      0       0      34        0.0%
BANK11             100      0       0      25        0.0%
BITBANK10          100      0       0      33        0.0%
BANK10             100      0       0      24        0.0%
BITBANK9           100      0       0      22        0.0%
BANK9              100      0       0      23        0.0%
BITBANK8           100      0       0      20        0.0%
BANK8              100      0       0      21        0.0%
BITBANK7           100      0       0      18        0.0%
BANK7              100      0       0      19        0.0%
BITBANK6           100      0       0      16        0.0%
BANK6              100      0       0      17        0.0%
BITBANK5           100      0       0      14        0.0%
BANK5              100      0       0      15        0.0%
BITBANK4           100      0       0      12        0.0%
BANK4              100      0       0      13        0.0%
BITBANK3           100      0       0      10        0.0%
BANK3              100      0       0      11        0.0%
BITBANK2           100      0       0       8        0.0%
BANK2              100      0       0       9        0.0%
BITBANK1           100      0       0       6        0.0%
BANK1              100      0       0       7        0.0%
BITBANK0            A0      0       0       4        0.0%
BANK0               A0      0       0       5        0.0%
BITCOMRAM           5F      0       0       0        0.0%
COMRAM              5F     14      24       1       37.9%
BITSFR_8             0      0       0     200        0.0%
SFR_8                0      0       0     200        0.0%
BITSFR_7             0      0       0     200        0.0%
SFR_7                0      0       0     200        0.0%
BITSFR_6             0      0       0     200        0.0%
SFR_6                0      0       0     200        0.0%
BITSFR_5             0      0       0     200        0.0%
SFR_5                0      0       0     200        0.0%
BITSFR_4             0      0       0     200        0.0%
SFR_4                0      0       0     200        0.0%
BITSFR_3             0      0       0     200        0.0%
SFR_3                0      0       0     200        0.0%
BITSFR_2             0      0       0     200        0.0%
SFR_2                0      0       0     200        0.0%
BITSFR_1             0      0       0     200        0.0%
SFR_1                0      0       0     200        0.0%
BITSFR               0      0       0     200        0.0%
SFR                  0      0       0     200        0.0%
STACK                0      0       0       2        0.0%
NULL                 0      0       0       0        0.0%
ABS                  0      0      24      32        0.0%
DATA                 0      0      24       3        0.0%
CODE                 0      0       0       0        0.0%


Microchip Technology PIC18 Macro Assembler V2.05 build -831301201 
Symbol Table                                                                                   Mon Jul 22 07:59:57 2019

            __CFG_CP$OFF 000000                       u11 FFAA                       u37 FFDE  
            main@Pattern 0013              __CFG_LVP$ON 000000                      l703 FFBE  
                    l713 FFF8                      wreg 003FE8            __CFG_BBEN$OFF 000000  
           __CFG_ZCD$OFF 000000                     _main FF9C                     indf2 003FDF  
                   fsr1l 003FE1                     fsr2l 003FD9                     start FFFC  
          __CFG_CSWEN$ON 000000             ___param_bank 000000                    ?_main 0001  
          __CFG_WDTE$OFF 000000           __CFG_DEBUG$OFF 000000                    _PORTB 003FCB  
                  _TRISB 003FC3           __CFG_FCMEN$OFF 000000            __CFG_WRTB$OFF 000000  
          __CFG_WRTC$OFF 000000            __CFG_WRTD$OFF 000000       __CFG_MCLRE$EXTMCLR 000000  
                  tablat 003FF5                    plusw1 003FE3                    plusw2 003FDB  
                  status 003FD8          __initialization FF74             __end_of_main FFFC  
         __CFG_SAFEN$OFF 000000                   ??_main 0001           __CFG_PR1WAY$ON 000000  
          __activetblptr 000000                   _ANSELB 003A50           __CFG_WDTCCS$SC 000000  
     __CFG_RSTOSC$EXTOSC 000000           __CFG_XINST$OFF 000000           __CFG_STVREN$ON 000000  
           __pdataCOMRAM 0015                   tblptrh 003FF7                   tblptrl 003FF6  
                 tblptru 003FF8               __accesstop 0060  __end_of__initialization FF96  
        __CFG_FEXTOSC$HS 000000            ___rparam_used 000001           __pcstackCOMRAM 0001  
        __CFG_IVT1WAY$ON 000000          __CFG_MVECEN$OFF 000000          __CFG_PPS1WAY$ON 000000  
    __CFG_PWRTS$PWRT_OFF 000000                  __Hparam 0000                  __Lparam 0000  
                __pcinit FF74                  __ramtop 1000                  __ptext0 FF9C  
        __CFG_WRTAPP$OFF 000000          __CFG_WRTSAF$OFF 000000                  main@num 0014  
   end_of_initialization FF96                  postdec1 003FE5                  postinc0 003FEE  
             main@F15995 0015    __CFG_WDTCPS$WDTCPS_31 000000            __pidataCOMRAM FF64  
    start_initialization FF74         __CFG_LPBOREN$OFF 000000   __CFG_BBSIZE$BBSIZE_512 000000  
    __CFG_BORV$VBOR_2P45 000000                copy_data0 FF88                 __Hrparam 0000  
               __Lrparam 0000       __CFG_BOREN$SBORDIS 000000            __size_of_main 0060  
   __CFG_WDTCWS$WDTCWS_7 000000        __CFG_CLKOUTEN$OFF 000000              main@COUNTER 0003  
