

Microchip MPLAB XC8 Assembler V2.05 build -831301201 
                                                                                               Sat Nov 09 09:12:47 2019

Microchip MPLAB XC8 C Compiler v2.05 (Free license) build 20181220022703 Og1 
     1                           	processor	18F46K42
     2                           	fnconf	rparam,??,?,0
     3                           	opt	pw 120
     4                           	opt	flic
     5                           	psect	cinit,global,reloc=2,class=CODE,delta=1
     6                           	psect	cstackCOMRAM,global,class=COMRAM,space=1,delta=1,noexec
     7                           	psect	text0,global,reloc=2,class=CODE,delta=1
     8                           	psect	intsave_regs,global,class=BIGRAM,space=1,delta=1,noexec
     9                           	psect	rparam,global,class=COMRAM,space=1,delta=1,noexec
    10  0000                     
    11                           ; Version 2.05
    12                           ; Generated 20/12/2018 GMT
    13                           ; 
    14                           ; Copyright © 2018, Microchip Technology Inc. and its subsidiaries ("Microchip")
    15                           ; All rights reserved.
    16                           ; 
    17                           ; This software is developed by Microchip Technology Inc. and its subsidiaries ("Microch
      +                          ip").
    18                           ; 
    19                           ; Redistribution and use in source and binary forms, with or without modification, are
    20                           ; permitted provided that the following conditions are met:
    21                           ; 
    22                           ;     1. Redistributions of source code must retain the above copyright notice, this lis
      +                          t of
    23                           ;        conditions and the following disclaimer.
    24                           ; 
    25                           ;     2. Redistributions in binary form must reproduce the above copyright notice, this 
      +                          list
    26                           ;        of conditions and the following disclaimer in the documentation and/or other
    27                           ;        materials provided with the distribution.
    28                           ; 
    29                           ;     3. Microchip's name may not be used to endorse or promote products derived from th
      +                          is
    30                           ;        software without specific prior written permission.
    31                           ; 
    32                           ; THIS SOFTWARE IS PROVIDED BY MICROCHIP "AS IS" AND ANY EXPRESS OR IMPLIED WARRANTIES,
    33                           ; INCLUDING, BUT NOT LIMITED TO, THE IMPLIED WARRANTIES OF MERCHANTABILITY AND FITNESS F
      +                          OR
    34                           ; PURPOSE ARE DISCLAIMED.  IN NO EVENT SHALL MICROCHIP BE LIABLE FOR ANY DIRECT, INDIREC
      +                          T,
    35                           ; INCIDENTAL, SPECIAL, EXEMPLARY, OR CONSEQUENTIAL DAMAGES (INCLUDING BUT NOT LIMITED TO
    36                           ; PROCUREMENT OF SUBSTITUTE GOODS OR SERVICES; LOSS OF USE, DATA OR PROFITS; OR BUSINESS
    37                           ; INTERRUPTION) HOWSOEVER CAUSED AND ON ANY THEORY OF LIABILITY, WHETHER IN CONTRACT, ST
      +                          RICT
    38                           ; LIABILITY, OR TORT (INCLUDING NEGLIGENCE OR OTHERWISE) ARISING IN ANY WAY OUT OF THE U
      +                          SE OF
    39                           ; THIS SOFTWARE, EVEN IF ADVISED OF THE POSSIBILITY OF SUCH DAMAGE.
    40                           ; 
    41                           ; 
    42                           ; Code-generator required, PIC18F46K42 Definitions
    43                           ; 
    44                           ; SFR Addresses
    45  0000                     _ANSELC	set	14944
    46  0000                     _ANSELB	set	14928
    47  0000                     _LATBbits	set	16315
    48  0000                     _PORTCbits	set	16332
    49  0000                     _TRISC	set	16324
    50  0000                     _TRISB	set	16323
    51                           
    52                           ; #config settings
    53  0000                     
    54                           	psect	cinit
    55  00FFDA                     __pcinit:
    56                           	opt callstack 0
    57  00FFDA                     start_initialization:
    58                           	opt callstack 0
    59  00FFDA                     __initialization:
    60                           	opt callstack 0
    61  00FFDA                     end_of_initialization:
    62                           	opt callstack 0
    63  00FFDA                     __end_of__initialization:
    64                           	opt callstack 0
    65  00FFDA  0100               	movlb	0
    66  00FFDC  EFF0  F07F         	goto	_main	;jump to C main() function
    67                           
    68                           	psect	cstackCOMRAM
    69  000000                     __pcstackCOMRAM:
    70                           	opt callstack 0
    71  000000                     
    72                           ; 1 bytes @ 0x0
    73 ;;
    74 ;;Main: autosize = 0, tempsize = 0, incstack = 0, save=0
    75 ;;
    76 ;; *************** function _main *****************
    77 ;; Defined at:
    78 ;;		line 21 in file "Digital_Input.c"
    79 ;; Parameters:    Size  Location     Type
    80 ;;		None
    81 ;; Auto vars:     Size  Location     Type
    82 ;;		None
    83 ;; Return value:  Size  Location     Type
    84 ;;                  1    wreg      void 
    85 ;; Registers used:
    86 ;;		wreg, status,2
    87 ;; Tracked objects:
    88 ;;		On entry : 0/0
    89 ;;		On exit  : 0/0
    90 ;;		Unchanged: 0/0
    91 ;; Data sizes:     COMRAM   BANK0   BANK1   BANK2   BANK3   BANK4   BANK5   BANK6   BANK7   BANK8   BANK9  BANK10  BANK1
      +1  BANK12  BANK13  BANK14  BANK15
    92 ;;      Params:         0       0       0       0       0       0       0       0       0       0       0       0       
      +0       0       0       0       0
    93 ;;      Locals:         0       0       0       0       0       0       0       0       0       0       0       0       
      +0       0       0       0       0
    94 ;;      Temps:          0       0       0       0       0       0       0       0       0       0       0       0       
      +0       0       0       0       0
    95 ;;      Totals:         0       0       0       0       0       0       0       0       0       0       0       0       
      +0       0       0       0       0
    96 ;;Total ram usage:        0 bytes
    97 ;; This function calls:
    98 ;;		Nothing
    99 ;; This function is called by:
   100 ;;		Startup code after reset
   101 ;; This function uses a non-reentrant model
   102 ;;
   103                           
   104                           	psect	text0
   105  00FFE0                     __ptext0:
   106                           	opt callstack 0
   107  00FFE0                     _main:
   108                           	opt callstack 31
   109                           
   110                           ;Digital_Input.c: 28:     ANSELB = 0xF7;
   111                           
   112                           ;incstack = 0
   113  00FFE0  0EF7               	movlw	247
   114  00FFE2  013A               	movlb	58	; () banked
   115  00FFE4  6F50               	movwf	80,b	;volatile
   116                           
   117                           ;Digital_Input.c: 29:     ANSELC = 0xDF;
   118  00FFE6  0EDF               	movlw	223
   119  00FFE8  6F60               	movwf	96,b	;volatile
   120                           
   121                           ;Digital_Input.c: 31:     TRISB = 0xF7;
   122  00FFEA  0EF7               	movlw	247
   123  00FFEC  6EC3               	movwf	16323,c	;volatile
   124                           
   125                           ; BSR set to: 58
   126                           ;Digital_Input.c: 32:     TRISC = 0xFF;
   127  00FFEE  68C4               	setf	16324,c	;volatile
   128  00FFF0                     l706:
   129                           
   130                           ;Digital_Input.c: 36:     {;Digital_Input.c: 37:         if(PORTCbits.RC5==1)
   131  00FFF0  AACC               	btfss	16332,5,c	;volatile
   132  00FFF2  D002               	goto	l22
   133                           
   134                           ;Digital_Input.c: 38:         {;Digital_Input.c: 39:             do { LATBbits.LATB3 = 1
      +                          ; } while(0);
   135  00FFF4  86BB               	bsf	16315,3,c	;volatile
   136  00FFF6  D7FC               	goto	l706
   137  00FFF8                     l22:
   138  00FFF8  96BB               	bcf	16315,3,c	;volatile
   139  00FFFA  D7FA               	goto	l706
   140  00FFFC                     __end_of_main:
   141                           	opt callstack 0
   142  0000                     
   143                           	psect	rparam
   144  0000                     tosu	equ	0x3FFF
   145                           tosh	equ	0x3FFE
   146                           tosl	equ	0x3FFD
   147                           stkptr	equ	0x3FFC
   148                           pclatu	equ	0x3FFB
   149                           pclath	equ	0x3FFA
   150                           pcl	equ	0x3FF9
   151                           tblptru	equ	0x3FF8
   152                           tblptrh	equ	0x3FF7
   153                           tblptrl	equ	0x3FF6
   154                           tablat	equ	0x3FF5
   155                           prodh	equ	0x3FF4
   156                           prodl	equ	0x3FF3
   157                           indf0	equ	0x3FEF
   158                           postinc0	equ	0x3FEE
   159                           postdec0	equ	0x3FED
   160                           preinc0	equ	0x3FEC
   161                           plusw0	equ	0x3FEB
   162                           fsr0h	equ	0x3FEA
   163                           fsr0l	equ	0x3FE9
   164                           wreg	equ	0x3FE8
   165                           indf1	equ	0x3FE7
   166                           postinc1	equ	0x3FE6
   167                           postdec1	equ	0x3FE5
   168                           preinc1	equ	0x3FE4
   169                           plusw1	equ	0x3FE3
   170                           fsr1h	equ	0x3FE2
   171                           fsr1l	equ	0x3FE1
   172                           bsr	equ	0x3FE0
   173                           indf2	equ	0x3FDF
   174                           postinc2	equ	0x3FDE
   175                           postdec2	equ	0x3FDD
   176                           preinc2	equ	0x3FDC
   177                           plusw2	equ	0x3FDB
   178                           fsr2h	equ	0x3FDA
   179                           fsr2l	equ	0x3FD9
   180                           status	equ	0x3FD8


Data Sizes:
    Strings     0
    Constant    0
    Data        0
    BSS         0
    Persistent  0
    Stack       0

Auto Spaces:
    Space          Size  Autos    Used
    COMRAM           95      0       0
    BANK0           160      0       0
    BANK1           256      0       0
    BANK2           256      0       0
    BANK3           256      0       0
    BANK4           256      0       0
    BANK5           256      0       0
    BANK6           256      0       0
    BANK7           256      0       0
    BANK8           256      0       0
    BANK9           256      0       0
    BANK10          256      0       0
    BANK11          256      0       0
    BANK12          256      0       0
    BANK13          256      0       0
    BANK14          256      0       0
    BANK15          256      0       0

Pointer List with Targets:

    None.

Critical Paths under _main in COMRAM

    None.

Critical Paths under _main in BANK0

    None.

Critical Paths under _main in BANK1

    None.

Critical Paths under _main in BANK2

    None.

Critical Paths under _main in BANK3

    None.

Critical Paths under _main in BANK4

    None.

Critical Paths under _main in BANK5

    None.

Critical Paths under _main in BANK6

    None.

Critical Paths under _main in BANK7

    None.

Critical Paths under _main in BANK8

    None.

Critical Paths under _main in BANK9

    None.

Critical Paths under _main in BANK10

    None.

Critical Paths under _main in BANK11

    None.

Critical Paths under _main in BANK12

    None.

Critical Paths under _main in BANK13

    None.

Critical Paths under _main in BANK14

    None.

Critical Paths under _main in BANK15

    None.

Call Graph Tables:

 ---------------------------------------------------------------------------------
 (Depth) Function   	        Calls       Base Space   Used Autos Params    Refs
 ---------------------------------------------------------------------------------
 (0) _main                                                 0     0      0       0
 ---------------------------------------------------------------------------------
 Estimated maximum stack depth 0
 ---------------------------------------------------------------------------------

 Call Graph Graphs:

 _main (ROOT)

 Address spaces:
Name               Size   Autos  Total    Cost      Usage
BITCOMRAM           5F      0       0       0        0.0%
EEDATA             400      0       0       0        0.0%
NULL                 0      0       0       0        0.0%
CODE                 0      0       0       0        0.0%
COMRAM              5F      0       0       1        0.0%
STACK                0      0       0       2        0.0%
DATA                 0      0       0       3        0.0%
BITBANK0            A0      0       0       4        0.0%
BANK0               A0      0       0       5        0.0%
BITBANK1           100      0       0       6        0.0%
BANK1              100      0       0       7        0.0%
BITBANK2           100      0       0       8        0.0%
BANK2              100      0       0       9        0.0%
BITBANK3           100      0       0      10        0.0%
BANK3              100      0       0      11        0.0%
BITBANK4           100      0       0      12        0.0%
BANK4              100      0       0      13        0.0%
BITBANK5           100      0       0      14        0.0%
BANK5              100      0       0      15        0.0%
BITBANK6           100      0       0      16        0.0%
BANK6              100      0       0      17        0.0%
BITBANK7           100      0       0      18        0.0%
BANK7              100      0       0      19        0.0%
BITBANK8           100      0       0      20        0.0%
BANK8              100      0       0      21        0.0%
BITBANK9           100      0       0      22        0.0%
BANK9              100      0       0      23        0.0%
BANK10             100      0       0      24        0.0%
BANK11             100      0       0      25        0.0%
BANK12             100      0       0      26        0.0%
BANK13             100      0       0      27        0.0%
BITBANK14          100      0       0      28        0.0%
BANK14             100      0       0      29        0.0%
BITBANK15          100      0       0      30        0.0%
BANK15             100      0       0      31        0.0%
ABS                  0      0       0      32        0.0%
BITBANK10          100      0       0      33        0.0%
BITBANK11          100      0       0      34        0.0%
BITBANK12          100      0       0      35        0.0%
BITBANK13          100      0       0      36        0.0%
BIGRAM             FFF      0       0      37        0.0%
BITSFR_8             0      0       0     200        0.0%
SFR_8                0      0       0     200        0.0%
BITSFR_7             0      0       0     200        0.0%
SFR_7                0      0       0     200        0.0%
BITSFR_6             0      0       0     200        0.0%
SFR_6                0      0       0     200        0.0%
BITSFR_5             0      0       0     200        0.0%
SFR_5                0      0       0     200        0.0%
BITSFR_4             0      0       0     200        0.0%
SFR_4                0      0       0     200        0.0%
BITSFR_3             0      0       0     200        0.0%
SFR_3                0      0       0     200        0.0%
BITSFR_2             0      0       0     200        0.0%
SFR_2                0      0       0     200        0.0%
BITSFR_1             0      0       0     200        0.0%
SFR_1                0      0       0     200        0.0%
BITSFR               0      0       0     200        0.0%
SFR                  0      0       0     200        0.0%


Microchip Technology PIC18 Macro Assembler V2.05 build -831301201 
Symbol Table                                                                                   Sat Nov 09 09:12:47 2019

            __CFG_CP$OFF 000000                       l22 FFF8              __CFG_LVP$ON 000000  
                    l706 FFF0            __CFG_BBEN$OFF 000000             __CFG_ZCD$OFF 000000  
                   _main FFE0                     start FFFC            __CFG_CSWEN$ON 000000  
           ___param_bank 000000                    ?_main 0000            __CFG_WDTE$OFF 000000  
         __CFG_DEBUG$OFF 000000                    _TRISB 003FC3                    _TRISC 003FC4  
         __CFG_FCMEN$OFF 000000            __CFG_WRTB$OFF 000000            __CFG_WRTC$OFF 000000  
          __CFG_WRTD$OFF 000000       __CFG_MCLRE$EXTMCLR 000000          __initialization FFDA  
           __end_of_main FFFC           __CFG_SAFEN$OFF 000000                   ??_main 0000  
         __CFG_PR1WAY$ON 000000            __activetblptr 000000                   _ANSELB 003A50  
                 _ANSELC 003A60           __CFG_WDTCCS$SC 000000       __CFG_RSTOSC$EXTOSC 000000  
         __CFG_XINST$OFF 000000           __CFG_STVREN$ON 000000               __accesstop 0060  
__end_of__initialization FFDA          __CFG_FEXTOSC$HS 000000            ___rparam_used 000001  
         __pcstackCOMRAM 0000          __CFG_IVT1WAY$ON 000000          __CFG_MVECEN$OFF 000000  
        __CFG_PPS1WAY$ON 000000      __CFG_PWRTS$PWRT_OFF 000000                  __Hparam 0000  
                __Lparam 0000                  __pcinit FFDA                  __ramtop 1000  
                __ptext0 FFE0          __CFG_WRTAPP$OFF 000000          __CFG_WRTSAF$OFF 000000  
   end_of_initialization FFDA    __CFG_WDTCPS$WDTCPS_31 000000                _PORTCbits 003FCC  
    start_initialization FFDA         __CFG_LPBOREN$OFF 000000   __CFG_BBSIZE$BBSIZE_512 000000  
               _LATBbits 003FBB      __CFG_BORV$VBOR_2P45 000000                 __Hrparam 0000  
               __Lrparam 0000       __CFG_BOREN$SBORDIS 000000            __size_of_main 001C  
   __CFG_WDTCWS$WDTCWS_7 000000        __CFG_CLKOUTEN$OFF 000000  
