

Microchip MPLAB XC8 Assembler V2.05 build -831301201 
                                                                                               Sat Nov 09 09:30:32 2019

Microchip MPLAB XC8 C Compiler v2.05 (Free license) build 20181220022703 Og1 
     1                           	processor	18F46K42
     2                           	fnconf	rparam,??,?,0
     3                           	opt	pw 120
     4                           	opt	flic
     5                           	psect	cinit,global,reloc=2,class=CODE,delta=1
     6                           	psect	cstackCOMRAM,global,class=COMRAM,space=1,delta=1,noexec
     7                           	psect	text0,global,reloc=2,class=CODE,delta=1
     8                           	psect	text1,global,reloc=2,class=CODE,delta=1
     9                           	psect	ivt0x8,global,reloc=2,class=CODE,delta=1,noexec,keep,optim=
    10                           	psect	intsave_regs,global,class=BIGRAM,space=1,delta=1,noexec
    11                           	psect	rparam,global,class=COMRAM,space=1,delta=1,noexec
    12  0000                     
    13                           ; Version 2.05
    14                           ; Generated 20/12/2018 GMT
    15                           ; 
    16                           ; Copyright © 2018, Microchip Technology Inc. and its subsidiaries ("Microchip")
    17                           ; All rights reserved.
    18                           ; 
    19                           ; This software is developed by Microchip Technology Inc. and its subsidiaries ("Microch
      +                          ip").
    20                           ; 
    21                           ; Redistribution and use in source and binary forms, with or without modification, are
    22                           ; permitted provided that the following conditions are met:
    23                           ; 
    24                           ;     1. Redistributions of source code must retain the above copyright notice, this lis
      +                          t of
    25                           ;        conditions and the following disclaimer.
    26                           ; 
    27                           ;     2. Redistributions in binary form must reproduce the above copyright notice, this 
      +                          list
    28                           ;        of conditions and the following disclaimer in the documentation and/or other
    29                           ;        materials provided with the distribution.
    30                           ; 
    31                           ;     3. Microchip's name may not be used to endorse or promote products derived from th
      +                          is
    32                           ;        software without specific prior written permission.
    33                           ; 
    34                           ; THIS SOFTWARE IS PROVIDED BY MICROCHIP "AS IS" AND ANY EXPRESS OR IMPLIED WARRANTIES,
    35                           ; INCLUDING, BUT NOT LIMITED TO, THE IMPLIED WARRANTIES OF MERCHANTABILITY AND FITNESS F
      +                          OR
    36                           ; PURPOSE ARE DISCLAIMED.  IN NO EVENT SHALL MICROCHIP BE LIABLE FOR ANY DIRECT, INDIREC
      +                          T,
    37                           ; INCIDENTAL, SPECIAL, EXEMPLARY, OR CONSEQUENTIAL DAMAGES (INCLUDING BUT NOT LIMITED TO
    38                           ; PROCUREMENT OF SUBSTITUTE GOODS OR SERVICES; LOSS OF USE, DATA OR PROFITS; OR BUSINESS
    39                           ; INTERRUPTION) HOWSOEVER CAUSED AND ON ANY THEORY OF LIABILITY, WHETHER IN CONTRACT, ST
      +                          RICT
    40                           ; LIABILITY, OR TORT (INCLUDING NEGLIGENCE OR OTHERWISE) ARISING IN ANY WAY OUT OF THE U
      +                          SE OF
    41                           ; THIS SOFTWARE, EVEN IF ADVISED OF THE POSSIBILITY OF SUCH DAMAGE.
    42                           ; 
    43                           ; 
    44                           ; Code-generator required, PIC18F46K42 Definitions
    45                           ; 
    46                           ; SFR Addresses
    47  0000                     _PIE0bits	set	14736
    48  0000                     _IOCCNbits	set	14950
    49  0000                     _IOCCPbits	set	14949
    50  0000                     _WPUC	set	14945
    51  0000                     _ANSELCbits	set	14944
    52  0000                     _ANSELB	set	14928
    53  0000                     _IOCCFbits	set	14951
    54  0000                     _INTCON0bits	set	16338
    55  0000                     _TRISCbits	set	16324
    56  0000                     _TRISB	set	16323
    57  0000                     _LATBbits	set	16315
    58                           
    59                           ; #config settings
    60  0000                     
    61                           	psect	cinit
    62  0000A6                     __pcinit:
    63                           	opt callstack 0
    64  0000A6                     start_initialization:
    65                           	opt callstack 0
    66  0000A6                     __initialization:
    67                           	opt callstack 0
    68                           
    69                           ;
    70                           ; Setup IVTBASE
    71                           ;
    72  0000A6  0E08               	movlw	(ivt0x8_base shr 0)& (0+255)
    73  0000A8  6ED5               	movwf	213,c
    74  0000AA  0E00               	movlw	(ivt0x8_base shr (0+8))& (0+255)
    75  0000AC  6ED6               	movwf	214,c
    76  0000AE  0E00               	movlw	(ivt0x8_base shr (0+16))& (0+255)
    77  0000B0  6ED7               	movwf	215,c
    78  0000B2                     end_of_initialization:
    79                           	opt callstack 0
    80  0000B2                     __end_of__initialization:
    81                           	opt callstack 0
    82  0000B2  0100               	movlb	0
    83  0000B4  EF41  F000         	goto	_main	;jump to C main() function
    84                           
    85                           	psect	cstackCOMRAM
    86  000001                     __pcstackCOMRAM:
    87                           	opt callstack 0
    88  000001                     ??_InterruptManager:
    89  000001                     
    90                           ; 1 bytes @ 0x0
    91  000001                     	ds	1
    92  000002                     
    93                           ; 1 bytes @ 0x1
    94 ;;
    95 ;;Main: autosize = 0, tempsize = 0, incstack = 0, save=0
    96 ;;
    97 ;; *************** function _main *****************
    98 ;; Defined at:
    99 ;;		line 42 in file "Interrupt_on_Change.c"
   100 ;; Parameters:    Size  Location     Type
   101 ;;		None
   102 ;; Auto vars:     Size  Location     Type
   103 ;;		None
   104 ;; Return value:  Size  Location     Type
   105 ;;                  1    wreg      void 
   106 ;; Registers used:
   107 ;;		wreg, status,2
   108 ;; Tracked objects:
   109 ;;		On entry : 0/0
   110 ;;		On exit  : 0/0
   111 ;;		Unchanged: 0/0
   112 ;; Data sizes:     COMRAM   BANK0   BANK1   BANK2   BANK3   BANK4   BANK5   BANK6   BANK7   BANK8   BANK9  BANK10  BANK1
      +1  BANK12  BANK13  BANK14  BANK15
   113 ;;      Params:         0       0       0       0       0       0       0       0       0       0       0       0       
      +0       0       0       0       0
   114 ;;      Locals:         0       0       0       0       0       0       0       0       0       0       0       0       
      +0       0       0       0       0
   115 ;;      Temps:          0       0       0       0       0       0       0       0       0       0       0       0       
      +0       0       0       0       0
   116 ;;      Totals:         0       0       0       0       0       0       0       0       0       0       0       0       
      +0       0       0       0       0
   117 ;;Total ram usage:        0 bytes
   118 ;; Hardware stack levels required when called:    1
   119 ;; This function calls:
   120 ;;		Nothing
   121 ;; This function is called by:
   122 ;;		Startup code after reset
   123 ;; This function uses a non-reentrant model
   124 ;;
   125                           
   126                           	psect	text0
   127  000082                     __ptext0:
   128                           	opt callstack 0
   129  000082                     _main:
   130                           	opt callstack 30
   131                           
   132                           ;Interrupt_on_Change.c: 44:     ANSELB = 0xF1;
   133                           
   134                           ;incstack = 0
   135  000082  0EF1               	movlw	241
   136  000084  013A               	movlb	58	; () banked
   137  000086  6F50               	movwf	80,b	;volatile
   138                           
   139                           ;Interrupt_on_Change.c: 45:     TRISB = 0xF1;
   140  000088  0EF1               	movlw	241
   141  00008A  6EC3               	movwf	16323,c	;volatile
   142                           
   143                           ; BSR set to: 58
   144                           ;Interrupt_on_Change.c: 46:     ANSELCbits.ANSELC5 = 0;
   145  00008C  9B60               	bcf	96,5,b	;volatile
   146                           
   147                           ; BSR set to: 58
   148                           ;Interrupt_on_Change.c: 47:     TRISCbits.TRISC5 = 1;
   149  00008E  8AC4               	bsf	16324,5,c	;volatile
   150                           
   151                           ;Interrupt_on_Change.c: 48:     WPUC = 0x20;
   152  000090  0E20               	movlw	32
   153  000092  6F61               	movwf	97,b	;volatile
   154                           
   155                           ; BSR set to: 58
   156                           ;Interrupt_on_Change.c: 50:     INTCON0bits.GIE = 1;
   157  000094  8ED2               	bsf	16338,7,c	;volatile
   158                           
   159                           ; BSR set to: 58
   160                           ;Interrupt_on_Change.c: 51:     PIE0bits.IOCIE = 1;
   161  000096  0139               	movlb	57	; () banked
   162  000098  8F90               	bsf	144,7,b	;volatile
   163                           
   164                           ; BSR set to: 57
   165                           ;Interrupt_on_Change.c: 53:     IOCCFbits.IOCCF5 = 0;
   166  00009A  013A               	movlb	58	; () banked
   167  00009C  9B67               	bcf	103,5,b	;volatile
   168                           
   169                           ; BSR set to: 58
   170                           ;Interrupt_on_Change.c: 54:     IOCCPbits.IOCCP5 = 0;
   171  00009E  9B65               	bcf	101,5,b	;volatile
   172                           
   173                           ; BSR set to: 58
   174                           ;Interrupt_on_Change.c: 55:     IOCCNbits.IOCCN5 = 1;
   175  0000A0  8B66               	bsf	102,5,b	;volatile
   176                           
   177                           ; BSR set to: 58
   178  0000A2  EF0D  F000         	goto	start
   179  0000A6                     __end_of_main:
   180                           	opt callstack 0
   181                           
   182 ;; *************** function _InterruptManager *****************
   183 ;; Defined at:
   184 ;;		line 25 in file "Interrupt_on_Change.c"
   185 ;; Parameters:    Size  Location     Type
   186 ;;		None
   187 ;; Auto vars:     Size  Location     Type
   188 ;;		None
   189 ;; Return value:  Size  Location     Type
   190 ;;                  1    wreg      void 
   191 ;; Registers used:
   192 ;;		wreg, status,2, status,0
   193 ;; Tracked objects:
   194 ;;		On entry : 0/0
   195 ;;		On exit  : 0/0
   196 ;;		Unchanged: 0/0
   197 ;; Data sizes:     COMRAM   BANK0   BANK1   BANK2   BANK3   BANK4   BANK5   BANK6   BANK7   BANK8   BANK9  BANK10  BANK1
      +1  BANK12  BANK13  BANK14  BANK15
   198 ;;      Params:         0       0       0       0       0       0       0       0       0       0       0       0       
      +0       0       0       0       0
   199 ;;      Locals:         0       0       0       0       0       0       0       0       0       0       0       0       
      +0       0       0       0       0
   200 ;;      Temps:          1       0       0       0       0       0       0       0       0       0       0       0       
      +0       0       0       0       0
   201 ;;      Totals:         1       0       0       0       0       0       0       0       0       0       0       0       
      +0       0       0       0       0
   202 ;;Total ram usage:        1 bytes
   203 ;; Hardware stack levels used:    1
   204 ;; This function calls:
   205 ;;		Nothing
   206 ;; This function is called by:
   207 ;;		Interrupt level 2
   208 ;; This function uses a non-reentrant model
   209 ;;
   210                           
   211                           	psect	text1
   212  00001E                     __ptext1:
   213                           	opt callstack 0
   214  00001E                     _InterruptManager:
   215                           	opt callstack 30
   216                           
   217                           ;Interrupt_on_Change.c: 28:     if(PIE0bits.IOCIE == 1 && IOCCFbits.IOCCF5 ==1)
   218                           
   219                           ; BSR set to: 58
   220                           ;incstack = 0
   221  00001E  0139               	movlb	57	; () banked
   222  000020  AF90               	btfss	144,7,b	;volatile
   223  000022  0011               	retfie		f
   224                           
   225                           ; BSR set to: 57
   226  000024  013A               	movlb	58	; () banked
   227  000026  AB67               	btfss	103,5,b	;volatile
   228  000028  0011               	retfie		f
   229                           
   230                           ; BSR set to: 58
   231  00002A  A6BB               	btfss	16315,3,c	;volatile
   232  00002C  D002               	goto	i2u3_40
   233  00002E  0E01               	movlw	1
   234  000030  D001               	goto	i2u3_46
   235  000032                     i2u3_40:
   236  000032  0E00               	movlw	0
   237  000034                     i2u3_46:
   238  000034  0AFF               	xorlw	255
   239  000036  6E01               	movwf	??_InterruptManager& (0+255),c
   240  000038  4601               	rlncf	??_InterruptManager,f,c
   241  00003A  4601               	rlncf	??_InterruptManager,f,c
   242  00003C  4601               	rlncf	??_InterruptManager,f,c
   243  00003E  50BB               	movf	16315,w,c	;volatile
   244  000040  1801               	xorwf	??_InterruptManager,w,c
   245  000042  0BF7               	andlw	-9
   246  000044  1801               	xorwf	??_InterruptManager,w,c
   247  000046  6EBB               	movwf	16315,c	;volatile
   248                           
   249                           ; BSR set to: 58
   250                           
   251                           ;Interrupt_on_Change.c: 31:         do { LATBbits.LATB2 = ~LATBbits.LATB2; } while(0);
   252  000048  A4BB               	btfss	16315,2,c	;volatile
   253  00004A  D002               	goto	i2u4_40
   254  00004C  0E01               	movlw	1
   255  00004E  D001               	goto	i2u4_46
   256  000050                     i2u4_40:
   257  000050  0E00               	movlw	0
   258  000052                     i2u4_46:
   259  000052  0AFF               	xorlw	255
   260  000054  6E01               	movwf	??_InterruptManager& (0+255),c
   261  000056  4601               	rlncf	??_InterruptManager,f,c
   262  000058  4601               	rlncf	??_InterruptManager,f,c
   263  00005A  50BB               	movf	16315,w,c	;volatile
   264  00005C  1801               	xorwf	??_InterruptManager,w,c
   265  00005E  0BFB               	andlw	-5
   266  000060  1801               	xorwf	??_InterruptManager,w,c
   267  000062  6EBB               	movwf	16315,c	;volatile
   268                           
   269                           ; BSR set to: 58
   270                           
   271                           ;Interrupt_on_Change.c: 32:         do { LATBbits.LATB1 = ~LATBbits.LATB1; } while(0);
   272  000064  A2BB               	btfss	16315,1,c	;volatile
   273  000066  D002               	goto	i2u5_40
   274  000068  0E01               	movlw	1
   275  00006A  D001               	goto	i2u5_46
   276  00006C                     i2u5_40:
   277  00006C  0E00               	movlw	0
   278  00006E                     i2u5_46:
   279  00006E  0AFF               	xorlw	255
   280  000070  6E01               	movwf	??_InterruptManager& (0+255),c
   281  000072  4601               	rlncf	??_InterruptManager,f,c
   282  000074  50BB               	movf	16315,w,c	;volatile
   283  000076  1801               	xorwf	??_InterruptManager,w,c
   284  000078  0BFD               	andlw	-3
   285  00007A  1801               	xorwf	??_InterruptManager,w,c
   286  00007C  6EBB               	movwf	16315,c	;volatile
   287                           
   288                           ; BSR set to: 58
   289                           ;Interrupt_on_Change.c: 34:         IOCCFbits.IOCCF5 = 0;
   290  00007E  9B67               	bcf	103,5,b	;volatile
   291                           
   292                           ;Interrupt_on_Change.c: 35:     }
   293  000080  0011               	retfie		f
   294  000082                     __end_of_InterruptManager:
   295                           	opt callstack 0
   296                           
   297                           ;
   298                           ; Interrupt Vector Table @ 0x8
   299                           ;
   300                           
   301                           	psect	ivt0x8
   302  000008                     __pivt0x8:
   303                           	opt callstack 0
   304  000008                     ivt0x8_base:
   305                           	opt callstack 0
   306                           
   307                           ; high-priority vector
   308  000008  EF0F  F000         	goto	_InterruptManager
   309  000018                     	org	16
   310                           
   311                           ; low-priority vector
   312  000018  00FF               	reset	
   313  0000                     
   314                           	psect	rparam
   315  0000                     tosu	equ	0x3FFF
   316                           tosh	equ	0x3FFE
   317                           tosl	equ	0x3FFD
   318                           stkptr	equ	0x3FFC
   319                           pclatu	equ	0x3FFB
   320                           pclath	equ	0x3FFA
   321                           pcl	equ	0x3FF9
   322                           tblptru	equ	0x3FF8
   323                           tblptrh	equ	0x3FF7
   324                           tblptrl	equ	0x3FF6
   325                           tablat	equ	0x3FF5
   326                           prodh	equ	0x3FF4
   327                           prodl	equ	0x3FF3
   328                           indf0	equ	0x3FEF
   329                           postinc0	equ	0x3FEE
   330                           postdec0	equ	0x3FED
   331                           preinc0	equ	0x3FEC
   332                           plusw0	equ	0x3FEB
   333                           fsr0h	equ	0x3FEA
   334                           fsr0l	equ	0x3FE9
   335                           wreg	equ	0x3FE8
   336                           indf1	equ	0x3FE7
   337                           postinc1	equ	0x3FE6
   338                           postdec1	equ	0x3FE5
   339                           preinc1	equ	0x3FE4
   340                           plusw1	equ	0x3FE3
   341                           fsr1h	equ	0x3FE2
   342                           fsr1l	equ	0x3FE1
   343                           bsr	equ	0x3FE0
   344                           indf2	equ	0x3FDF
   345                           postinc2	equ	0x3FDE
   346                           postdec2	equ	0x3FDD
   347                           preinc2	equ	0x3FDC
   348                           plusw2	equ	0x3FDB
   349                           fsr2h	equ	0x3FDA
   350                           fsr2l	equ	0x3FD9
   351                           status	equ	0x3FD8


Data Sizes:
    Strings     0
    Constant    0
    Data        0
    BSS         0
    Persistent  0
    Stack       0

Auto Spaces:
    Space          Size  Autos    Used
    COMRAM           95      1       1
    BANK0           160      0       0
    BANK1           256      0       0
    BANK2           256      0       0
    BANK3           256      0       0
    BANK4           256      0       0
    BANK5           256      0       0
    BANK6           256      0       0
    BANK7           256      0       0
    BANK8           256      0       0
    BANK9           256      0       0
    BANK10          256      0       0
    BANK11          256      0       0
    BANK12          256      0       0
    BANK13          256      0       0
    BANK14          256      0       0
    BANK15          256      0       0

Pointer List with Targets:

    None.

Critical Paths under _main in COMRAM

    None.

Critical Paths under _InterruptManager in COMRAM

    None.

Critical Paths under _main in BANK0

    None.

Critical Paths under _InterruptManager in BANK0

    None.

Critical Paths under _main in BANK1

    None.

Critical Paths under _InterruptManager in BANK1

    None.

Critical Paths under _main in BANK2

    None.

Critical Paths under _InterruptManager in BANK2

    None.

Critical Paths under _main in BANK3

    None.

Critical Paths under _InterruptManager in BANK3

    None.

Critical Paths under _main in BANK4

    None.

Critical Paths under _InterruptManager in BANK4

    None.

Critical Paths under _main in BANK5

    None.

Critical Paths under _InterruptManager in BANK5

    None.

Critical Paths under _main in BANK6

    None.

Critical Paths under _InterruptManager in BANK6

    None.

Critical Paths under _main in BANK7

    None.

Critical Paths under _InterruptManager in BANK7

    None.

Critical Paths under _main in BANK8

    None.

Critical Paths under _InterruptManager in BANK8

    None.

Critical Paths under _main in BANK9

    None.

Critical Paths under _InterruptManager in BANK9

    None.

Critical Paths under _main in BANK10

    None.

Critical Paths under _InterruptManager in BANK10

    None.

Critical Paths under _main in BANK11

    None.

Critical Paths under _InterruptManager in BANK11

    None.

Critical Paths under _main in BANK12

    None.

Critical Paths under _InterruptManager in BANK12

    None.

Critical Paths under _main in BANK13

    None.

Critical Paths under _InterruptManager in BANK13

    None.

Critical Paths under _main in BANK14

    None.

Critical Paths under _InterruptManager in BANK14

    None.

Critical Paths under _main in BANK15

    None.

Critical Paths under _InterruptManager in BANK15

    None.

Call Graph Tables:

 ---------------------------------------------------------------------------------
 (Depth) Function   	        Calls       Base Space   Used Autos Params    Refs
 ---------------------------------------------------------------------------------
 (0) _main                                                 0     0      0       0
 ---------------------------------------------------------------------------------
 Estimated maximum stack depth 0
 ---------------------------------------------------------------------------------
 (Depth) Function   	        Calls       Base Space   Used Autos Params    Refs
 ---------------------------------------------------------------------------------
 (1) _InterruptManager                                     1     1      0       0
                                              0 COMRAM     1     1      0
 ---------------------------------------------------------------------------------
 Estimated maximum stack depth 1
 ---------------------------------------------------------------------------------

 Call Graph Graphs:

 _main (ROOT)

 _InterruptManager (ROOT)

 Address spaces:
Name               Size   Autos  Total    Cost      Usage
BITCOMRAM           5F      0       0       0        0.0%
EEDATA             400      0       0       0        0.0%
NULL                 0      0       0       0        0.0%
CODE                 0      0       0       0        0.0%
COMRAM              5F      1       1       1        1.1%
STACK                0      0       0       2        0.0%
DATA                 0      0       0       3        0.0%
BITBANK0            A0      0       0       4        0.0%
BANK0               A0      0       0       5        0.0%
BITBANK1           100      0       0       6        0.0%
BANK1              100      0       0       7        0.0%
BITBANK2           100      0       0       8        0.0%
BANK2              100      0       0       9        0.0%
BITBANK3           100      0       0      10        0.0%
BANK3              100      0       0      11        0.0%
BITBANK4           100      0       0      12        0.0%
BANK4              100      0       0      13        0.0%
BITBANK5           100      0       0      14        0.0%
BANK5              100      0       0      15        0.0%
BITBANK6           100      0       0      16        0.0%
BANK6              100      0       0      17        0.0%
BITBANK7           100      0       0      18        0.0%
BANK7              100      0       0      19        0.0%
BITBANK8           100      0       0      20        0.0%
BANK8              100      0       0      21        0.0%
BITBANK9           100      0       0      22        0.0%
BANK9              100      0       0      23        0.0%
BANK10             100      0       0      24        0.0%
BANK11             100      0       0      25        0.0%
BANK12             100      0       0      26        0.0%
BANK13             100      0       0      27        0.0%
BITBANK14          100      0       0      28        0.0%
BANK14             100      0       0      29        0.0%
BITBANK15          100      0       0      30        0.0%
BANK15             100      0       0      31        0.0%
ABS                  0      0       0      32        0.0%
BITBANK10          100      0       0      33        0.0%
BITBANK11          100      0       0      34        0.0%
BITBANK12          100      0       0      35        0.0%
BITBANK13          100      0       0      36        0.0%
BIGRAM             FFF      0       0      37        0.0%
BITSFR_8             0      0       0     200        0.0%
SFR_8                0      0       0     200        0.0%
BITSFR_7             0      0       0     200        0.0%
SFR_7                0      0       0     200        0.0%
BITSFR_6             0      0       0     200        0.0%
SFR_6                0      0       0     200        0.0%
BITSFR_5             0      0       0     200        0.0%
SFR_5                0      0       0     200        0.0%
BITSFR_4             0      0       0     200        0.0%
SFR_4                0      0       0     200        0.0%
BITSFR_3             0      0       0     200        0.0%
SFR_3                0      0       0     200        0.0%
BITSFR_2             0      0       0     200        0.0%
SFR_2                0      0       0     200        0.0%
BITSFR_1             0      0       0     200        0.0%
SFR_1                0      0       0     200        0.0%
BITSFR               0      0       0     200        0.0%
SFR                  0      0       0     200        0.0%


Microchip Technology PIC18 Macro Assembler V2.05 build -831301201 
Symbol Table                                                                                   Sat Nov 09 09:30:32 2019

       ??_InterruptManager 0001                __CFG_CP$OFF 000000                __CFG_LVP$ON 000000  
            __CFG_BBEN$OFF 000000               __CFG_ZCD$OFF 000000                       _WPUC 003A61  
                     _main 0082                       start 001A              __CFG_CSWEN$ON 000000  
             ___param_bank 000000                      ?_main 0001              __CFG_WDTE$OFF 000000  
           __CFG_DEBUG$OFF 000000                      _TRISB 003FC3             __CFG_FCMEN$OFF 000000  
            __CFG_WRTB$OFF 000000              __CFG_WRTC$OFF 000000              __CFG_WRTD$OFF 000000  
       __CFG_MCLRE$EXTMCLR 000000            __initialization 00A6               __end_of_main 00A6  
           __CFG_SAFEN$OFF 000000                     ??_main 0002             __CFG_PR1WAY$ON 000000  
            __activetblptr 000000                     _ANSELB 003A50             __CFG_WDTCCS$SC 000000  
       __CFG_RSTOSC$EXTOSC 000000                     i2u3_40 0032                     i2u3_46 0034  
                   i2u4_40 0050                     i2u4_46 0052                     i2u5_40 006C  
                   i2u5_46 006E             __CFG_XINST$OFF 000000             __CFG_STVREN$ON 000000  
               __accesstop 0060    __end_of__initialization 00B2            __CFG_FEXTOSC$HS 000000  
            ___rparam_used 000001             __pcstackCOMRAM 0001  __size_of_InterruptManager 0064  
          __CFG_IVT1WAY$ON 000000            __CFG_MVECEN$OFF 000000                    IVTBASEH 003FD6  
                  IVTBASEL 003FD5                    IVTBASEU 003FD7            __CFG_PPS1WAY$ON 000000  
      __CFG_PWRTS$PWRT_OFF 000000                    __Hparam 0000                    __Lparam 0000  
                  __pcinit 00A6                    __ramtop 1000                    __ptext0 0082  
                  __ptext1 001E            __CFG_WRTAPP$OFF 000000            __CFG_WRTSAF$OFF 000000  
                _IOCCFbits 003A67                  _IOCCNbits 003A66                  _IOCCPbits 003A65  
     end_of_initialization 00B2      __CFG_WDTCPS$WDTCPS_31 000000           _InterruptManager 001E  
                _TRISCbits 003FC4        start_initialization 00A6                 ivt0x8_base 0008  
         __CFG_LPBOREN$OFF 000000     __CFG_BBSIZE$BBSIZE_512 000000                   _LATBbits 003FBB  
 __end_of_InterruptManager 0082                   _PIE0bits 003990        __CFG_BORV$VBOR_2P45 000000  
              _INTCON0bits 003FD2                   __Hrparam 0000                   __Lrparam 0000  
       __CFG_BOREN$SBORDIS 000000                 _ANSELCbits 003A60                   __pivt0x8 0008  
            __size_of_main 0024       __CFG_WDTCWS$WDTCWS_7 000000                   intlevel2 0000  
        __CFG_CLKOUTEN$OFF 000000          ?_InterruptManager 0001  
